<?xml version="1.0" encoding="UTF-8"?>
<testsuites name="Test Suite Sauce Demo" time="886.265" tests="31" failures="3" errors="0">
   <testsuite name="Test Suite Sauce Demo" tests="31" failures="3" errors="0" time="886.265" skipped="0" timestamp="2023-08-31 15:31:31" hostname="Friskaa - Friska" id="Test Suites/Test Suite Sauce Demo">
      <properties>
[...]
</properties>
      <testcase name="Test Cases/Login/TC-Login-Success-001" time="12.171" classname="Test Cases/Login/TC-Login-Success-001" status="PASSED">
         <system-out><![CDATA[2023-08-31 15:31:32 - [TEST_CASE][PASSED] - Test Cases/Login/TC-Login-Success-001: Test Cases/Login/TC-Login-Success-001

2023-08-31 15:31:32 - [TEST_STEP][PASSED] - openBrowser(URL): Browser is opened with url: 'https://www.saucedemo.com/inventory.html'

2023-08-31 15:31:33 - [MESSAGE][INFO] - Starting 'Edge Chromium' driver

2023-08-31 15:31:35 - [MESSAGE][INFO] - Action delay is set to 0 milliseconds

2023-08-31 15:31:40 - [MESSAGE][PASSED] - Browser is opened with url: 'https://www.saucedemo.com/inventory.html'

2023-08-31 15:31:40 - [TEST_STEP][PASSED] - verifyElementPresent(findTestObject("Login/Verifikasi home page"), 0): Object 'Object Repository/Login/Verifikasi home page' is present

2023-08-31 15:31:40 - [MESSAGE][WARNING] - Timeout '0' is invalid. Using default page load timeout: '30'

2023-08-31 15:31:41 - [MESSAGE][PASSED] - Object 'Object Repository/Login/Verifikasi home page' is present

2023-08-31 15:31:41 - [TEST_STEP][PASSED] - setText(findTestObject("Login/Input Username"), username): Text 'standard_user' is set on object 'Object Repository/Login/Input Username'

2023-08-31 15:31:42 - [MESSAGE][PASSED] - Text 'standard_user' is set on object 'Object Repository/Login/Input Username'

2023-08-31 15:31:42 - [TEST_STEP][PASSED] - setEncryptedText(findTestObject("Login/input_Password"), password): Text ****** has been set on object 'Object Repository/Login/input_Password'

2023-08-31 15:31:43 - [MESSAGE][PASSED] - Text ****** has been set on object 'Object Repository/Login/input_Password'

2023-08-31 15:31:43 - [TEST_STEP][PASSED] - click(findTestObject("Login/Login Button")): Object: 'Object Repository/Login/Login Button' is clicked on

2023-08-31 15:31:43 - [MESSAGE][PASSED] - Object: 'Object Repository/Login/Login Button' is clicked on

2023-08-31 15:31:43 - [TEST_STEP][PASSED] - verifyElementPresent(findTestObject("Login/Verifikasi swag labs"), 0): Object 'Object Repository/Login/Verifikasi swag labs' is present

2023-08-31 15:31:44 - [MESSAGE][WARNING] - Timeout '0' is invalid. Using default page load timeout: '30'

2023-08-31 15:31:44 - [MESSAGE][PASSED] - Object 'Object Repository/Login/Verifikasi swag labs' is present]]></system-out>
         <system-err><![CDATA[]]></system-err>
      </testcase>
      <testcase name="Test Cases/Login/TC-Login-Locked-001" time="16.657" classname="Test Cases/Login/TC-Login-Locked-001" status="PASSED">
         <system-out><![CDATA[2023-08-31 15:31:44 - [TEST_CASE][PASSED] - Test Cases/Login/TC-Login-Locked-001: Test Cases/Login/TC-Login-Locked-001

2023-08-31 15:31:44 - [TEST_STEP][PASSED] - openBrowser(URL): Browser is opened with url: 'https://www.saucedemo.com/inventory.html'

2023-08-31 15:31:44 - [MESSAGE][WARNING] - A browser is already opened. Closing browser and opening a new one

2023-08-31 15:31:45 - [MESSAGE][INFO] - Starting 'Edge Chromium' driver

2023-08-31 15:31:48 - [MESSAGE][INFO] - Action delay is set to 0 milliseconds

2023-08-31 15:31:51 - [MESSAGE][PASSED] - Browser is opened with url: 'https://www.saucedemo.com/inventory.html'

2023-08-31 15:31:51 - [TEST_STEP][PASSED] - verifyElementPresent(findTestObject("Login/Verifikasi home page"), 0): Object 'Object Repository/Login/Verifikasi home page' is present

2023-08-31 15:31:51 - [MESSAGE][WARNING] - Timeout '0' is invalid. Using default page load timeout: '30'

2023-08-31 15:31:51 - [MESSAGE][PASSED] - Object 'Object Repository/Login/Verifikasi home page' is present

2023-08-31 15:31:51 - [TEST_STEP][PASSED] - setText(findTestObject("Login/Input Username"), usernamelock): Text 'locked_out_user' is set on object 'Object Repository/Login/Input Username'

2023-08-31 15:31:52 - [MESSAGE][PASSED] - Text 'locked_out_user' is set on object 'Object Repository/Login/Input Username'

2023-08-31 15:31:52 - [TEST_STEP][PASSED] - setEncryptedText(findTestObject("Login/input_Password"), password): Text ****** has been set on object 'Object Repository/Login/input_Password'

2023-08-31 15:31:53 - [MESSAGE][PASSED] - Text ****** has been set on object 'Object Repository/Login/input_Password'

2023-08-31 15:31:53 - [TEST_STEP][PASSED] - click(findTestObject("Login/Login Button")): Object: 'Object Repository/Login/Login Button' is clicked on

2023-08-31 15:31:53 - [MESSAGE][PASSED] - Object: 'Object Repository/Login/Login Button' is clicked on

2023-08-31 15:31:53 - [TEST_STEP][PASSED] - verifyElementPresent(findTestObject("Login/ErrorMessage_Lockedout"), 0): Object 'Object Repository/Login/ErrorMessage_Lockedout' is present

2023-08-31 15:31:53 - [MESSAGE][WARNING] - Timeout '0' is invalid. Using default page load timeout: '30'

2023-08-31 15:31:54 - [MESSAGE][PASSED] - Object 'Object Repository/Login/ErrorMessage_Lockedout' is present

2023-08-31 15:31:54 - [TEST_STEP][PASSED] - delay(5): Delayed 5 second(s)

2023-08-31 15:31:59 - [MESSAGE][PASSED] - Delayed 5 second(s)

2023-08-31 15:31:59 - [TEST_STEP][PASSED] - closeBrowser(): Browser is closed

2023-08-31 15:32:01 - [MESSAGE][PASSED] - Browser is closed]]></system-out>
         <system-err><![CDATA[]]></system-err>
      </testcase>
      <testcase name="Test Cases/Login/TC-Login-Failed-004" time="14.268" classname="Test Cases/Login/TC-Login-Failed-004" status="PASSED">
         <system-out><![CDATA[2023-08-31 15:32:01 - [TEST_CASE][PASSED] - Test Cases/Login/TC-Login-Failed-004: Test Cases/Login/TC-Login-Failed-004

2023-08-31 15:32:01 - [TEST_STEP][PASSED] - openBrowser(URL): Browser is opened with url: 'https://www.saucedemo.com/inventory.html'

2023-08-31 15:32:01 - [MESSAGE][INFO] - Starting 'Edge Chromium' driver

2023-08-31 15:32:03 - [MESSAGE][INFO] - Action delay is set to 0 milliseconds

2023-08-31 15:32:06 - [MESSAGE][PASSED] - Browser is opened with url: 'https://www.saucedemo.com/inventory.html'

2023-08-31 15:32:06 - [TEST_STEP][PASSED] - setText(findTestObject("Login/Input Username"), ""): Text '' is set on object 'Object Repository/Login/Input Username'

2023-08-31 15:32:07 - [MESSAGE][PASSED] - Text '' is set on object 'Object Repository/Login/Input Username'

2023-08-31 15:32:07 - [TEST_STEP][PASSED] - setText(findTestObject("Login/input_Password"), ""): Text '' is set on object 'Object Repository/Login/input_Password'

2023-08-31 15:32:08 - [MESSAGE][PASSED] - Text '' is set on object 'Object Repository/Login/input_Password'

2023-08-31 15:32:08 - [TEST_STEP][PASSED] - click(findTestObject("Login/Login Button")): Object: 'Object Repository/Login/Login Button' is clicked on

2023-08-31 15:32:08 - [MESSAGE][PASSED] - Object: 'Object Repository/Login/Login Button' is clicked on

2023-08-31 15:32:08 - [TEST_STEP][PASSED] - verifyElementPresent(findTestObject("Login/error_ Username is required"), 0): Object 'Object Repository/Login/error_ Username is required' is present

2023-08-31 15:32:08 - [MESSAGE][WARNING] - Timeout '0' is invalid. Using default page load timeout: '30'

2023-08-31 15:32:09 - [MESSAGE][PASSED] - Object 'Object Repository/Login/error_ Username is required' is present

2023-08-31 15:32:09 - [TEST_STEP][PASSED] - delay(5): Delayed 5 second(s)

2023-08-31 15:32:14 - [MESSAGE][PASSED] - Delayed 5 second(s)

2023-08-31 15:32:14 - [TEST_STEP][PASSED] - closeBrowser(): Browser is closed

2023-08-31 15:32:15 - [MESSAGE][PASSED] - Browser is closed]]></system-out>
         <system-err><![CDATA[]]></system-err>
      </testcase>
      <testcase name="Test Cases/Login/TC-Login-Failed-003" time="14.458" classname="Test Cases/Login/TC-Login-Failed-003" status="PASSED">
         <system-out><![CDATA[2023-08-31 15:32:15 - [TEST_CASE][PASSED] - Test Cases/Login/TC-Login-Failed-003: Test Cases/Login/TC-Login-Failed-003

2023-08-31 15:32:15 - [TEST_STEP][PASSED] - openBrowser(URL): Browser is opened with url: 'https://www.saucedemo.com/inventory.html'

2023-08-31 15:32:15 - [MESSAGE][INFO] - Starting 'Edge Chromium' driver

2023-08-31 15:32:18 - [MESSAGE][INFO] - Action delay is set to 0 milliseconds

2023-08-31 15:32:20 - [MESSAGE][PASSED] - Browser is opened with url: 'https://www.saucedemo.com/inventory.html'

2023-08-31 15:32:20 - [TEST_STEP][PASSED] - setText(findTestObject("Login/Input Username"), ""): Text '' is set on object 'Object Repository/Login/Input Username'

2023-08-31 15:32:21 - [MESSAGE][PASSED] - Text '' is set on object 'Object Repository/Login/Input Username'

2023-08-31 15:32:21 - [TEST_STEP][PASSED] - setEncryptedText(findTestObject("Login/input_Password"), password): Text ****** has been set on object 'Object Repository/Login/input_Password'

2023-08-31 15:32:22 - [MESSAGE][PASSED] - Text ****** has been set on object 'Object Repository/Login/input_Password'

2023-08-31 15:32:22 - [TEST_STEP][PASSED] - click(findTestObject("Login/Login Button")): Object: 'Object Repository/Login/Login Button' is clicked on

2023-08-31 15:32:23 - [MESSAGE][PASSED] - Object: 'Object Repository/Login/Login Button' is clicked on

2023-08-31 15:32:23 - [TEST_STEP][PASSED] - verifyElementPresent(findTestObject("Login/error_ Username is required"), 0): Object 'Object Repository/Login/error_ Username is required' is present

2023-08-31 15:32:23 - [MESSAGE][WARNING] - Timeout '0' is invalid. Using default page load timeout: '30'

2023-08-31 15:32:23 - [MESSAGE][PASSED] - Object 'Object Repository/Login/error_ Username is required' is present

2023-08-31 15:32:23 - [TEST_STEP][PASSED] - delay(5): Delayed 5 second(s)

2023-08-31 15:32:28 - [MESSAGE][PASSED] - Delayed 5 second(s)

2023-08-31 15:32:28 - [TEST_STEP][PASSED] - closeBrowser(): Browser is closed

2023-08-31 15:32:29 - [MESSAGE][PASSED] - Browser is closed]]></system-out>
         <system-err><![CDATA[]]></system-err>
      </testcase>
      <testcase name="Test Cases/Login/TC-Login-Failed-002" time="9.193" classname="Test Cases/Login/TC-Login-Failed-002" status="FAILED">
         <failure type="FAILED" message="Test Cases/Login/TC-Login-Failed-002 FAILED.
Reason:
com.kms.katalon.core.exception.StepFailedException: Verify element text of test object 'Object Repository/Login/error_Password is required' FAILED.
	at com.kms.katalon.core.webui.keyword.internal.WebUIKeywordMain.stepFailed(WebUIKeywordMain.groovy:64)
	at com.kms.katalon.core.webui.keyword.internal.WebUIKeywordMain.runKeyword(WebUIKeywordMain.groovy:26)
	at com.kms.katalon.core.webui.keyword.builtin.VerifyElementTextKeyword.verifyElementText(VerifyElementTextKeyword.groovy:72)
	at com.kms.katalon.core.webui.keyword.builtin.VerifyElementTextKeyword.execute(VerifyElementTextKeyword.groovy:40)
	at com.kms.katalon.core.keyword.internal.KeywordExecutor.executeKeywordForPlatform(KeywordExecutor.groovy:74)
	at com.kms.katalon.core.webui.keyword.WebUiBuiltInKeywords.verifyElementText(WebUiBuiltInKeywords.groovy:4749)
	at com.kms.katalon.core.webui.keyword.WebUiBuiltInKeywords$verifyElementText$5.call(Unknown Source)
	at TC-Login-Failed-002.run(TC-Login-Failed-002:26)
	at com.kms.katalon.core.main.ScriptEngine.run(ScriptEngine.java:194)
	at com.kms.katalon.core.main.ScriptEngine.runScriptAsRawText(ScriptEngine.java:119)
	at com.kms.katalon.core.main.TestCaseExecutor.runScript(TestCaseExecutor.java:448)
	at com.kms.katalon.core.main.TestCaseExecutor.doExecute(TestCaseExecutor.java:439)
	at com.kms.katalon.core.main.TestCaseExecutor.processExecutionPhase(TestCaseExecutor.java:418)
	at com.kms.katalon.core.main.TestCaseExecutor.accessMainPhase(TestCaseExecutor.java:410)
	at com.kms.katalon.core.main.TestCaseExecutor.execute(TestCaseExecutor.java:285)
	at com.kms.katalon.core.main.TestCaseExecutor.execute(TestCaseExecutor.java:369)
	at com.kms.katalon.core.main.TestCaseExecutor.execute(TestCaseExecutor.java:369)
	at com.kms.katalon.core.main.TestCaseExecutor.execute(TestCaseExecutor.java:369)
	at com.kms.katalon.core.common.CommonExecutor.accessTestCaseMainPhase(CommonExecutor.java:65)
	at com.kms.katalon.core.main.TestSuiteExecutor.accessTestSuiteMainPhase(TestSuiteExecutor.java:148)
	at com.kms.katalon.core.main.TestSuiteExecutor.execute(TestSuiteExecutor.java:106)
	at com.kms.katalon.core.main.TestCaseMain.startTestSuite(TestCaseMain.java:187)
	at com.kms.katalon.core.main.TestCaseMain$startTestSuite$0.call(Unknown Source)
	at TempTestSuite1693470683054.run(TempTestSuite1693470683054.groovy:36)
Caused by: com.kms.katalon.core.exception.StepFailedException: Actual text 'Epic sadface: Password is required' and expected text 'Login failed! Please ensure the password are valid.' of test object 'Object Repository/Login/error_Password is required' are NOT matched.
	at com.kms.katalon.core.webui.keyword.internal.WebUIKeywordMain.stepFailed(WebUIKeywordMain.groovy:64)
	at com.kms.katalon.core.webui.keyword.builtin.VerifyElementTextKeyword$_verifyElementText_closure1.doCall(VerifyElementTextKeyword.groovy:57)
	at com.kms.katalon.core.webui.keyword.builtin.VerifyElementTextKeyword$_verifyElementText_closure1.call(VerifyElementTextKeyword.groovy)
	at com.kms.katalon.core.webui.keyword.internal.WebUIKeywordMain.runKeyword(WebUIKeywordMain.groovy:20)
	... 22 more
"/>
         <system-out><![CDATA[2023-08-31 15:33:02 - [TEST_CASE][FAILED] - Test Cases/Login/TC-Login-Failed-002: Test Cases/Login/TC-Login-Failed-002 FAILED.
Reason:
com.kms.katalon.core.exception.StepFailedException: Verify element text of test object 'Object Repository/Login/error_Password is required' FAILED.
	at com.kms.katalon.core.webui.keyword.internal.WebUIKeywordMain.stepFailed(WebUIKeywordMain.groovy:64)
	at com.kms.katalon.core.webui.keyword.internal.WebUIKeywordMain.runKeyword(WebUIKeywordMain.groovy:26)
	at com.kms.katalon.core.webui.keyword.builtin.VerifyElementTextKeyword.verifyElementText(VerifyElementTextKeyword.groovy:72)
	at com.kms.katalon.core.webui.keyword.builtin.VerifyElementTextKeyword.execute(VerifyElementTextKeyword.groovy:40)
	at com.kms.katalon.core.keyword.internal.KeywordExecutor.executeKeywordForPlatform(KeywordExecutor.groovy:74)
	at com.kms.katalon.core.webui.keyword.WebUiBuiltInKeywords.verifyElementText(WebUiBuiltInKeywords.groovy:4749)
	at com.kms.katalon.core.webui.keyword.WebUiBuiltInKeywords$verifyElementText$5.call(Unknown Source)
	at TC-Login-Failed-002.run(TC-Login-Failed-002:26)
	at com.kms.katalon.core.main.ScriptEngine.run(ScriptEngine.java:194)
	at com.kms.katalon.core.main.ScriptEngine.runScriptAsRawText(ScriptEngine.java:119)
	at com.kms.katalon.core.main.TestCaseExecutor.runScript(TestCaseExecutor.java:448)
	at com.kms.katalon.core.main.TestCaseExecutor.doExecute(TestCaseExecutor.java:439)
	at com.kms.katalon.core.main.TestCaseExecutor.processExecutionPhase(TestCaseExecutor.java:418)
	at com.kms.katalon.core.main.TestCaseExecutor.accessMainPhase(TestCaseExecutor.java:410)
	at com.kms.katalon.core.main.TestCaseExecutor.execute(TestCaseExecutor.java:285)
	at com.kms.katalon.core.main.TestCaseExecutor.execute(TestCaseExecutor.java:369)
	at com.kms.katalon.core.main.TestCaseExecutor.execute(TestCaseExecutor.java:369)
	at com.kms.katalon.core.main.TestCaseExecutor.execute(TestCaseExecutor.java:369)
	at com.kms.katalon.core.common.CommonExecutor.accessTestCaseMainPhase(CommonExecutor.java:65)
	at com.kms.katalon.core.main.TestSuiteExecutor.accessTestSuiteMainPhase(TestSuiteExecutor.java:148)
	at com.kms.katalon.core.main.TestSuiteExecutor.execute(TestSuiteExecutor.java:106)
	at com.kms.katalon.core.main.TestCaseMain.startTestSuite(TestCaseMain.java:187)
	at com.kms.katalon.core.main.TestCaseMain$startTestSuite$0.call(Unknown Source)
	at TempTestSuite1693470683054.run(TempTestSuite1693470683054.groovy:36)
Caused by: com.kms.katalon.core.exception.StepFailedException: Actual text 'Epic sadface: Password is required' and expected text 'Login failed! Please ensure the password are valid.' of test object 'Object Repository/Login/error_Password is required' are NOT matched.
	at com.kms.katalon.core.webui.keyword.internal.WebUIKeywordMain.stepFailed(WebUIKeywordMain.groovy:64)
	at com.kms.katalon.core.webui.keyword.builtin.VerifyElementTextKeyword$_verifyElementText_closure1.doCall(VerifyElementTextKeyword.groovy:57)
	at com.kms.katalon.core.webui.keyword.builtin.VerifyElementTextKeyword$_verifyElementText_closure1.call(VerifyElementTextKeyword.groovy)
	at com.kms.katalon.core.webui.keyword.internal.WebUIKeywordMain.runKeyword(WebUIKeywordMain.groovy:20)
	... 22 more


2023-08-31 15:33:02 - [TEST_STEP][PASSED] - openBrowser(URL): Browser is opened with url: 'https://www.saucedemo.com/inventory.html'

2023-08-31 15:33:02 - [MESSAGE][WARNING] - A browser is already opened. Closing browser and opening a new one

2023-08-31 15:33:03 - [MESSAGE][INFO] - Starting 'Edge Chromium' driver

2023-08-31 15:33:05 - [MESSAGE][INFO] - Action delay is set to 0 milliseconds

2023-08-31 15:33:08 - [MESSAGE][PASSED] - Browser is opened with url: 'https://www.saucedemo.com/inventory.html'

2023-08-31 15:33:08 - [TEST_STEP][PASSED] - setText(findTestObject("Login/Input Username"), username): Text 'standard_user' is set on object 'Object Repository/Login/Input Username'

2023-08-31 15:33:09 - [MESSAGE][PASSED] - Text 'standard_user' is set on object 'Object Repository/Login/Input Username'

2023-08-31 15:33:09 - [TEST_STEP][PASSED] - click(findTestObject("Login/Login Button")): Object: 'Object Repository/Login/Login Button' is clicked on

2023-08-31 15:33:10 - [MESSAGE][PASSED] - Object: 'Object Repository/Login/Login Button' is clicked on

2023-08-31 15:33:10 - [TEST_STEP][FAILED] - verifyElementText(findTestObject("Login/error_Password is required"), "Login failed! Please ensure the password are valid."): Verify element text of test object 'Object Repository/Login/error_Password is required' FAILED. (Root cause: com.kms.katalon.core.exception.StepFailedException: Verify element text of test object 'Object Repository/Login/error_Password is required' FAILED.
	at com.kms.katalon.core.webui.keyword.internal.WebUIKeywordMain.stepFailed(WebUIKeywordMain.groovy:64)
	at com.kms.katalon.core.webui.keyword.internal.WebUIKeywordMain.runKeyword(WebUIKeywordMain.groovy:26)
	at com.kms.katalon.core.webui.keyword.builtin.VerifyElementTextKeyword.verifyElementText(VerifyElementTextKeyword.groovy:72)
	at com.kms.katalon.core.webui.keyword.builtin.VerifyElementTextKeyword.execute(VerifyElementTextKeyword.groovy:40)
	at com.kms.katalon.core.keyword.internal.KeywordExecutor.executeKeywordForPlatform(KeywordExecutor.groovy:74)
	at com.kms.katalon.core.webui.keyword.WebUiBuiltInKeywords.verifyElementText(WebUiBuiltInKeywords.groovy:4749)
	at com.kms.katalon.core.webui.keyword.WebUiBuiltInKeywords$verifyElementText$5.call(Unknown Source)
	at TC-Login-Failed-002.run(TC-Login-Failed-002:26)
	at com.kms.katalon.core.main.ScriptEngine.run(ScriptEngine.java:194)
	at com.kms.katalon.core.main.ScriptEngine.runScriptAsRawText(ScriptEngine.java:119)
	at com.kms.katalon.core.main.TestCaseExecutor.runScript(TestCaseExecutor.java:448)
	at com.kms.katalon.core.main.TestCaseExecutor.doExecute(TestCaseExecutor.java:439)
	at com.kms.katalon.core.main.TestCaseExecutor.processExecutionPhase(TestCaseExecutor.java:418)
	at com.kms.katalon.core.main.TestCaseExecutor.accessMainPhase(TestCaseExecutor.java:410)
	at com.kms.katalon.core.main.TestCaseExecutor.execute(TestCaseExecutor.java:285)
	at com.kms.katalon.core.main.TestCaseExecutor.execute(TestCaseExecutor.java:369)
	at com.kms.katalon.core.main.TestCaseExecutor.execute(TestCaseExecutor.java:369)
	at com.kms.katalon.core.main.TestCaseExecutor.execute(TestCaseExecutor.java:369)
	at com.kms.katalon.core.common.CommonExecutor.accessTestCaseMainPhase(CommonExecutor.java:65)
	at com.kms.katalon.core.main.TestSuiteExecutor.accessTestSuiteMainPhase(TestSuiteExecutor.java:148)
	at com.kms.katalon.core.main.TestSuiteExecutor.execute(TestSuiteExecutor.java:106)
	at com.kms.katalon.core.main.TestCaseMain.startTestSuite(TestCaseMain.java:187)
	at com.kms.katalon.core.main.TestCaseMain$startTestSuite$0.call(Unknown Source)
	at TempTestSuite1693470683054.run(TempTestSuite1693470683054.groovy:36)
Caused by: com.kms.katalon.core.exception.StepFailedException: Actual text 'Epic sadface: Password is required' and expected text 'Login failed! Please ensure the password are valid.' of test object 'Object Repository/Login/error_Password is required' are NOT matched.
	at com.kms.katalon.core.webui.keyword.internal.WebUIKeywordMain.stepFailed(WebUIKeywordMain.groovy:64)
	at com.kms.katalon.core.webui.keyword.builtin.VerifyElementTextKeyword$_verifyElementText_closure1.doCall(VerifyElementTextKeyword.groovy:57)
	at com.kms.katalon.core.webui.keyword.builtin.VerifyElementTextKeyword$_verifyElementText_closure1.call(VerifyElementTextKeyword.groovy)
	at com.kms.katalon.core.webui.keyword.internal.WebUIKeywordMain.runKeyword(WebUIKeywordMain.groovy:20)
	... 22 more
)

2023-08-31 15:33:11 - [MESSAGE][FAILED] - Actual text 'Epic sadface: Password is required' and expected text 'Login failed! Please ensure the password are valid.' of test object 'Object Repository/Login/error_Password is required' are NOT matched. (Root cause: com.kms.katalon.core.exception.StepFailedException: Actual text 'Epic sadface: Password is required' and expected text 'Login failed! Please ensure the password are valid.' of test object 'Object Repository/Login/error_Password is required' are NOT matched.
	at com.kms.katalon.core.webui.keyword.internal.WebUIKeywordMain.stepFailed(WebUIKeywordMain.groovy:64)
	at com.kms.katalon.core.webui.keyword.builtin.VerifyElementTextKeyword$_verifyElementText_closure1.doCall(VerifyElementTextKeyword.groovy:57)
	at com.kms.katalon.core.webui.keyword.builtin.VerifyElementTextKeyword$_verifyElementText_closure1.call(VerifyElementTextKeyword.groovy)
	at com.kms.katalon.core.webui.keyword.internal.WebUIKeywordMain.runKeyword(WebUIKeywordMain.groovy:20)
	at com.kms.katalon.core.webui.keyword.builtin.VerifyElementTextKeyword.verifyElementText(VerifyElementTextKeyword.groovy:72)
	at com.kms.katalon.core.webui.keyword.builtin.VerifyElementTextKeyword.execute(VerifyElementTextKeyword.groovy:40)
	at com.kms.katalon.core.keyword.internal.KeywordExecutor.executeKeywordForPlatform(KeywordExecutor.groovy:74)
	at com.kms.katalon.core.webui.keyword.WebUiBuiltInKeywords.verifyElementText(WebUiBuiltInKeywords.groovy:4749)
	at com.kms.katalon.core.webui.keyword.WebUiBuiltInKeywords$verifyElementText$5.call(Unknown Source)
	at TC-Login-Failed-002.run(TC-Login-Failed-002:26)
	at com.kms.katalon.core.main.ScriptEngine.run(ScriptEngine.java:194)
	at com.kms.katalon.core.main.ScriptEngine.runScriptAsRawText(ScriptEngine.java:119)
	at com.kms.katalon.core.main.TestCaseExecutor.runScript(TestCaseExecutor.java:448)
	at com.kms.katalon.core.main.TestCaseExecutor.doExecute(TestCaseExecutor.java:439)
	at com.kms.katalon.core.main.TestCaseExecutor.processExecutionPhase(TestCaseExecutor.java:418)
	at com.kms.katalon.core.main.TestCaseExecutor.accessMainPhase(TestCaseExecutor.java:410)
	at com.kms.katalon.core.main.TestCaseExecutor.execute(TestCaseExecutor.java:285)
	at com.kms.katalon.core.main.TestCaseExecutor.execute(TestCaseExecutor.java:369)
	at com.kms.katalon.core.main.TestCaseExecutor.execute(TestCaseExecutor.java:369)
	at com.kms.katalon.core.main.TestCaseExecutor.execute(TestCaseExecutor.java:369)
	at com.kms.katalon.core.common.CommonExecutor.accessTestCaseMainPhase(CommonExecutor.java:65)
	at com.kms.katalon.core.main.TestSuiteExecutor.accessTestSuiteMainPhase(TestSuiteExecutor.java:148)
	at com.kms.katalon.core.main.TestSuiteExecutor.execute(TestSuiteExecutor.java:106)
	at com.kms.katalon.core.main.TestCaseMain.startTestSuite(TestCaseMain.java:187)
	at com.kms.katalon.core.main.TestCaseMain$startTestSuite$0.call(Unknown Source)
	at TempTestSuite1693470683054.run(TempTestSuite1693470683054.groovy:36)
)
[[ATTACHMENT|D:\\Xsis\\batch-324-qa\\Friska\\Sauce Demo\\Reports\\20230831_153123\\Test Suite Sauce Demo\\20230831_153123\\1693470791096.png]]

2023-08-31 15:33:11 - [MESSAGE][FAILED] - Verify element text of test object 'Object Repository/Login/error_Password is required' FAILED. (Root cause: com.kms.katalon.core.exception.StepFailedException: Verify element text of test object 'Object Repository/Login/error_Password is required' FAILED.
	at com.kms.katalon.core.webui.keyword.internal.WebUIKeywordMain.stepFailed(WebUIKeywordMain.groovy:64)
	at com.kms.katalon.core.webui.keyword.internal.WebUIKeywordMain.runKeyword(WebUIKeywordMain.groovy:26)
	at com.kms.katalon.core.webui.keyword.builtin.VerifyElementTextKeyword.verifyElementText(VerifyElementTextKeyword.groovy:72)
	at com.kms.katalon.core.webui.keyword.builtin.VerifyElementTextKeyword.execute(VerifyElementTextKeyword.groovy:40)
	at com.kms.katalon.core.keyword.internal.KeywordExecutor.executeKeywordForPlatform(KeywordExecutor.groovy:74)
	at com.kms.katalon.core.webui.keyword.WebUiBuiltInKeywords.verifyElementText(WebUiBuiltInKeywords.groovy:4749)
	at com.kms.katalon.core.webui.keyword.WebUiBuiltInKeywords$verifyElementText$5.call(Unknown Source)
	at TC-Login-Failed-002.run(TC-Login-Failed-002:26)
	at com.kms.katalon.core.main.ScriptEngine.run(ScriptEngine.java:194)
	at com.kms.katalon.core.main.ScriptEngine.runScriptAsRawText(ScriptEngine.java:119)
	at com.kms.katalon.core.main.TestCaseExecutor.runScript(TestCaseExecutor.java:448)
	at com.kms.katalon.core.main.TestCaseExecutor.doExecute(TestCaseExecutor.java:439)
	at com.kms.katalon.core.main.TestCaseExecutor.processExecutionPhase(TestCaseExecutor.java:418)
	at com.kms.katalon.core.main.TestCaseExecutor.accessMainPhase(TestCaseExecutor.java:410)
	at com.kms.katalon.core.main.TestCaseExecutor.execute(TestCaseExecutor.java:285)
	at com.kms.katalon.core.main.TestCaseExecutor.execute(TestCaseExecutor.java:369)
	at com.kms.katalon.core.main.TestCaseExecutor.execute(TestCaseExecutor.java:369)
	at com.kms.katalon.core.main.TestCaseExecutor.execute(TestCaseExecutor.java:369)
	at com.kms.katalon.core.common.CommonExecutor.accessTestCaseMainPhase(CommonExecutor.java:65)
	at com.kms.katalon.core.main.TestSuiteExecutor.accessTestSuiteMainPhase(TestSuiteExecutor.java:148)
	at com.kms.katalon.core.main.TestSuiteExecutor.execute(TestSuiteExecutor.java:106)
	at com.kms.katalon.core.main.TestCaseMain.startTestSuite(TestCaseMain.java:187)
	at com.kms.katalon.core.main.TestCaseMain$startTestSuite$0.call(Unknown Source)
	at TempTestSuite1693470683054.run(TempTestSuite1693470683054.groovy:36)
Caused by: com.kms.katalon.core.exception.StepFailedException: Actual text 'Epic sadface: Password is required' and expected text 'Login failed! Please ensure the password are valid.' of test object 'Object Repository/Login/error_Password is required' are NOT matched.
	at com.kms.katalon.core.webui.keyword.internal.WebUIKeywordMain.stepFailed(WebUIKeywordMain.groovy:64)
	at com.kms.katalon.core.webui.keyword.builtin.VerifyElementTextKeyword$_verifyElementText_closure1.doCall(VerifyElementTextKeyword.groovy:57)
	at com.kms.katalon.core.webui.keyword.builtin.VerifyElementTextKeyword$_verifyElementText_closure1.call(VerifyElementTextKeyword.groovy)
	at com.kms.katalon.core.webui.keyword.internal.WebUIKeywordMain.runKeyword(WebUIKeywordMain.groovy:20)
	... 22 more
)
[[ATTACHMENT|D:\\Xsis\\batch-324-qa\\Friska\\Sauce Demo\\Reports\\20230831_153123\\Test Suite Sauce Demo\\20230831_153123\\1693470791236.png]]]]></system-out>
         <system-err><![CDATA[2023-08-31 15:33:02 - [TEST_CASE][FAILED] - Test Cases/Login/TC-Login-Failed-002: Test Cases/Login/TC-Login-Failed-002 FAILED.
Reason:
com.kms.katalon.core.exception.StepFailedException: Verify element text of test object 'Object Repository/Login/error_Password is required' FAILED.
	at com.kms.katalon.core.webui.keyword.internal.WebUIKeywordMain.stepFailed(WebUIKeywordMain.groovy:64)
	at com.kms.katalon.core.webui.keyword.internal.WebUIKeywordMain.runKeyword(WebUIKeywordMain.groovy:26)
	at com.kms.katalon.core.webui.keyword.builtin.VerifyElementTextKeyword.verifyElementText(VerifyElementTextKeyword.groovy:72)
	at com.kms.katalon.core.webui.keyword.builtin.VerifyElementTextKeyword.execute(VerifyElementTextKeyword.groovy:40)
	at com.kms.katalon.core.keyword.internal.KeywordExecutor.executeKeywordForPlatform(KeywordExecutor.groovy:74)
	at com.kms.katalon.core.webui.keyword.WebUiBuiltInKeywords.verifyElementText(WebUiBuiltInKeywords.groovy:4749)
	at com.kms.katalon.core.webui.keyword.WebUiBuiltInKeywords$verifyElementText$5.call(Unknown Source)
	at TC-Login-Failed-002.run(TC-Login-Failed-002:26)
	at com.kms.katalon.core.main.ScriptEngine.run(ScriptEngine.java:194)
	at com.kms.katalon.core.main.ScriptEngine.runScriptAsRawText(ScriptEngine.java:119)
	at com.kms.katalon.core.main.TestCaseExecutor.runScript(TestCaseExecutor.java:448)
	at com.kms.katalon.core.main.TestCaseExecutor.doExecute(TestCaseExecutor.java:439)
	at com.kms.katalon.core.main.TestCaseExecutor.processExecutionPhase(TestCaseExecutor.java:418)
	at com.kms.katalon.core.main.TestCaseExecutor.accessMainPhase(TestCaseExecutor.java:410)
	at com.kms.katalon.core.main.TestCaseExecutor.execute(TestCaseExecutor.java:285)
	at com.kms.katalon.core.main.TestCaseExecutor.execute(TestCaseExecutor.java:369)
	at com.kms.katalon.core.main.TestCaseExecutor.execute(TestCaseExecutor.java:369)
	at com.kms.katalon.core.main.TestCaseExecutor.execute(TestCaseExecutor.java:369)
	at com.kms.katalon.core.common.CommonExecutor.accessTestCaseMainPhase(CommonExecutor.java:65)
	at com.kms.katalon.core.main.TestSuiteExecutor.accessTestSuiteMainPhase(TestSuiteExecutor.java:148)
	at com.kms.katalon.core.main.TestSuiteExecutor.execute(TestSuiteExecutor.java:106)
	at com.kms.katalon.core.main.TestCaseMain.startTestSuite(TestCaseMain.java:187)
	at com.kms.katalon.core.main.TestCaseMain$startTestSuite$0.call(Unknown Source)
	at TempTestSuite1693470683054.run(TempTestSuite1693470683054.groovy:36)
Caused by: com.kms.katalon.core.exception.StepFailedException: Actual text 'Epic sadface: Password is required' and expected text 'Login failed! Please ensure the password are valid.' of test object 'Object Repository/Login/error_Password is required' are NOT matched.
	at com.kms.katalon.core.webui.keyword.internal.WebUIKeywordMain.stepFailed(WebUIKeywordMain.groovy:64)
	at com.kms.katalon.core.webui.keyword.builtin.VerifyElementTextKeyword$_verifyElementText_closure1.doCall(VerifyElementTextKeyword.groovy:57)
	at com.kms.katalon.core.webui.keyword.builtin.VerifyElementTextKeyword$_verifyElementText_closure1.call(VerifyElementTextKeyword.groovy)
	at com.kms.katalon.core.webui.keyword.internal.WebUIKeywordMain.runKeyword(WebUIKeywordMain.groovy:20)
	... 22 more]]></system-err>
      </testcase>
      <testcase name="Test Cases/Login/TC-Login-Failed-001" time="12.46" classname="Test Cases/Login/TC-Login-Failed-001" status="PASSED">
         <system-out><![CDATA[2023-08-31 15:33:11 - [TEST_CASE][PASSED] - Test Cases/Login/TC-Login-Failed-001: Test Cases/Login/TC-Login-Failed-001

2023-08-31 15:33:12 - [TEST_STEP][PASSED] - openBrowser(URL): Browser is opened with url: 'https://www.saucedemo.com/inventory.html'

2023-08-31 15:33:12 - [MESSAGE][WARNING] - A browser is already opened. Closing browser and opening a new one

2023-08-31 15:33:12 - [MESSAGE][INFO] - Starting 'Edge Chromium' driver

2023-08-31 15:33:15 - [MESSAGE][INFO] - Action delay is set to 0 milliseconds

2023-08-31 15:33:20 - [MESSAGE][PASSED] - Browser is opened with url: 'https://www.saucedemo.com/inventory.html'

2023-08-31 15:33:20 - [TEST_STEP][PASSED] - verifyElementPresent(findTestObject("Login/Verifikasi home page"), 0): Object 'Object Repository/Login/Verifikasi home page' is present

2023-08-31 15:33:20 - [MESSAGE][WARNING] - Timeout '0' is invalid. Using default page load timeout: '30'

2023-08-31 15:33:20 - [MESSAGE][PASSED] - Object 'Object Repository/Login/Verifikasi home page' is present

2023-08-31 15:33:20 - [TEST_STEP][PASSED] - setText(findTestObject("Login/Input Username"), "dianty"): Text 'dianty' is set on object 'Object Repository/Login/Input Username'

2023-08-31 15:33:21 - [MESSAGE][PASSED] - Text 'dianty' is set on object 'Object Repository/Login/Input Username'

2023-08-31 15:33:21 - [TEST_STEP][PASSED] - setText(findTestObject("Login/input_Password"), "hello99"): Text 'hello99' is set on object 'Object Repository/Login/input_Password'

2023-08-31 15:33:22 - [MESSAGE][PASSED] - Text 'hello99' is set on object 'Object Repository/Login/input_Password'

2023-08-31 15:33:22 - [TEST_STEP][PASSED] - click(findTestObject("Login/Login Button")): Object: 'Object Repository/Login/Login Button' is clicked on

2023-08-31 15:33:23 - [MESSAGE][PASSED] - Object: 'Object Repository/Login/Login Button' is clicked on

2023-08-31 15:33:23 - [TEST_STEP][PASSED] - verifyElementPresent(findTestObject("Login/error_do not match"), 0): Object 'Object Repository/Login/error_do not match' is present

2023-08-31 15:33:23 - [MESSAGE][WARNING] - Timeout '0' is invalid. Using default page load timeout: '30'

2023-08-31 15:33:23 - [MESSAGE][PASSED] - Object 'Object Repository/Login/error_do not match' is present]]></system-out>
         <system-err><![CDATA[]]></system-err>
      </testcase>
      <testcase name="Test Cases/Products/TC-Product-Sort-004" time="15.637" classname="Test Cases/Products/TC-Product-Sort-004" status="PASSED">
         <system-out><![CDATA[2023-08-31 15:33:23 - [TEST_CASE][PASSED] - Test Cases/Products/TC-Product-Sort-004: Test Cases/Products/TC-Product-Sort-004

2023-08-31 15:33:24 - [TEST_STEP][PASSED] - callTestCase(findTestCase("Products/TC-Product-Show-001"), [:], STOP_ON_FAILURE): Call Test Case 'Test Cases/Products/TC-Product-Show-001' successfully

2023-08-31 15:33:24 - [TEST_CASE][PASSED] - Test Cases/Products/TC-Product-Show-001: Test Cases/Products/TC-Product-Show-001

2023-08-31 15:33:25 - [TEST_STEP][PASSED] - callTestCase(findTestCase("Login/TC-Login-Success-001"), [:], STOP_ON_FAILURE): Call Test Case 'Test Cases/Login/TC-Login-Success-001' successfully

2023-08-31 15:33:25 - [TEST_CASE][PASSED] - Test Cases/Login/TC-Login-Success-001: Test Cases/Login/TC-Login-Success-001

2023-08-31 15:33:25 - [TEST_STEP][PASSED] - openBrowser(URL): Browser is opened with url: 'https://www.saucedemo.com/inventory.html'

2023-08-31 15:33:25 - [MESSAGE][WARNING] - A browser is already opened. Closing browser and opening a new one

2023-08-31 15:33:26 - [MESSAGE][INFO] - Starting 'Edge Chromium' driver

2023-08-31 15:33:28 - [MESSAGE][INFO] - Action delay is set to 0 milliseconds

2023-08-31 15:33:34 - [MESSAGE][PASSED] - Browser is opened with url: 'https://www.saucedemo.com/inventory.html'

2023-08-31 15:33:34 - [TEST_STEP][PASSED] - verifyElementPresent(findTestObject("Login/Verifikasi home page"), 0): Object 'Object Repository/Login/Verifikasi home page' is present

2023-08-31 15:33:34 - [MESSAGE][WARNING] - Timeout '0' is invalid. Using default page load timeout: '30'

2023-08-31 15:33:35 - [MESSAGE][PASSED] - Object 'Object Repository/Login/Verifikasi home page' is present

2023-08-31 15:33:35 - [TEST_STEP][PASSED] - setText(findTestObject("Login/Input Username"), username): Text 'standard_user' is set on object 'Object Repository/Login/Input Username'

2023-08-31 15:33:36 - [MESSAGE][PASSED] - Text 'standard_user' is set on object 'Object Repository/Login/Input Username'

2023-08-31 15:33:36 - [TEST_STEP][PASSED] - setEncryptedText(findTestObject("Login/input_Password"), password): Text ****** has been set on object 'Object Repository/Login/input_Password'

2023-08-31 15:33:36 - [MESSAGE][PASSED] - Text ****** has been set on object 'Object Repository/Login/input_Password'

2023-08-31 15:33:36 - [TEST_STEP][PASSED] - click(findTestObject("Login/Login Button")): Object: 'Object Repository/Login/Login Button' is clicked on

2023-08-31 15:33:37 - [MESSAGE][PASSED] - Object: 'Object Repository/Login/Login Button' is clicked on

2023-08-31 15:33:37 - [TEST_STEP][PASSED] - verifyElementPresent(findTestObject("Login/Verifikasi swag labs"), 0): Object 'Object Repository/Login/Verifikasi swag labs' is present

2023-08-31 15:33:37 - [MESSAGE][WARNING] - Timeout '0' is invalid. Using default page load timeout: '30'

2023-08-31 15:33:37 - [MESSAGE][PASSED] - Object 'Object Repository/Login/Verifikasi swag labs' is present

2023-08-31 15:33:37 - [MESSAGE][PASSED] - Call Test Case 'Test Cases/Login/TC-Login-Success-001' successfully

2023-08-31 15:33:37 - [MESSAGE][PASSED] - Call Test Case 'Test Cases/Products/TC-Product-Show-001' successfully

2023-08-31 15:33:37 - [TEST_STEP][PASSED] - selectOptionByValue(findTestObject("Product/Dropdown Sort"), "hilo", false): All options with value 'hilo' are selected in object 'Object Repository/Product/Dropdown Sort' 

2023-08-31 15:33:38 - [MESSAGE][PASSED] - All options with value 'hilo' are selected in object 'Object Repository/Product/Dropdown Sort' 

2023-08-31 15:33:38 - [TEST_STEP][PASSED] - dataList = findWebElements(findTestObject("Object Repository/Product/price list"), 10): null

2023-08-31 15:33:39 - [TEST_STEP][PASSED] - arrPriceOri = []: null

2023-08-31 15:33:39 - [TEST_STEP][PASSED] - arrPriceSort = []: null

2023-08-31 15:33:39 - [TEST_STEP][PASSED] - for ([i = 0, i < dataList.size(), (i++)]): null

2023-08-31 15:33:39 - [TEST_STEP][PASSED] - text = text.replace("$", ""): null

2023-08-31 15:33:39 - [TEST_STEP][PASSED] - d = Double.valueOf(text): null

2023-08-31 15:33:39 - [TEST_STEP][PASSED] - arrPriceOri[i] = d: null

2023-08-31 15:33:39 - [TEST_STEP][PASSED] - arrPriceSort[i] = d: null

2023-08-31 15:33:39 - [TEST_STEP][PASSED] - text = text.replace("$", ""): null

2023-08-31 15:33:39 - [TEST_STEP][PASSED] - d = Double.valueOf(text): null

2023-08-31 15:33:39 - [TEST_STEP][PASSED] - arrPriceOri[i] = d: null

2023-08-31 15:33:39 - [TEST_STEP][PASSED] - arrPriceSort[i] = d: null

2023-08-31 15:33:39 - [TEST_STEP][PASSED] - text = text.replace("$", ""): null

2023-08-31 15:33:39 - [TEST_STEP][PASSED] - d = Double.valueOf(text): null

2023-08-31 15:33:39 - [TEST_STEP][PASSED] - arrPriceOri[i] = d: null

2023-08-31 15:33:39 - [TEST_STEP][PASSED] - arrPriceSort[i] = d: null

2023-08-31 15:33:39 - [TEST_STEP][PASSED] - text = text.replace("$", ""): null

2023-08-31 15:33:39 - [TEST_STEP][PASSED] - d = Double.valueOf(text): null

2023-08-31 15:33:39 - [TEST_STEP][PASSED] - arrPriceOri[i] = d: null

2023-08-31 15:33:39 - [TEST_STEP][PASSED] - arrPriceSort[i] = d: null

2023-08-31 15:33:39 - [TEST_STEP][PASSED] - text = text.replace("$", ""): null

2023-08-31 15:33:39 - [TEST_STEP][PASSED] - d = Double.valueOf(text): null

2023-08-31 15:33:39 - [TEST_STEP][PASSED] - arrPriceOri[i] = d: null

2023-08-31 15:33:39 - [TEST_STEP][PASSED] - arrPriceSort[i] = d: null

2023-08-31 15:33:39 - [TEST_STEP][PASSED] - text = text.replace("$", ""): null

2023-08-31 15:33:39 - [TEST_STEP][PASSED] - d = Double.valueOf(text): null

2023-08-31 15:33:39 - [TEST_STEP][PASSED] - arrPriceOri[i] = d: null

2023-08-31 15:33:39 - [TEST_STEP][PASSED] - arrPriceSort[i] = d: null

2023-08-31 15:33:39 - [TEST_STEP][PASSED] - Arrays.sort(arrPriceSort, Collections.reverseOrder()): null

2023-08-31 15:33:39 - [TEST_STEP][PASSED] - assert arrPriceOri == arrPriceSort: null]]></system-out>
         <system-err><![CDATA[]]></system-err>
      </testcase>
      <testcase name="Test Cases/Products/TC-Product-Sort-003" time="11.779" classname="Test Cases/Products/TC-Product-Sort-003" status="PASSED">
         <system-out><![CDATA[2023-08-31 15:33:39 - [TEST_CASE][PASSED] - Test Cases/Products/TC-Product-Sort-003: Test Cases/Products/TC-Product-Sort-003

2023-08-31 15:33:40 - [TEST_STEP][PASSED] - callTestCase(findTestCase("Products/TC-Product-Show-001"), [:], STOP_ON_FAILURE): Call Test Case 'Test Cases/Products/TC-Product-Show-001' successfully

2023-08-31 15:33:40 - [TEST_CASE][PASSED] - Test Cases/Products/TC-Product-Show-001: Test Cases/Products/TC-Product-Show-001

2023-08-31 15:33:40 - [TEST_STEP][PASSED] - callTestCase(findTestCase("Login/TC-Login-Success-001"), [:], STOP_ON_FAILURE): Call Test Case 'Test Cases/Login/TC-Login-Success-001' successfully

2023-08-31 15:33:40 - [TEST_CASE][PASSED] - Test Cases/Login/TC-Login-Success-001: Test Cases/Login/TC-Login-Success-001

2023-08-31 15:33:40 - [TEST_STEP][PASSED] - openBrowser(URL): Browser is opened with url: 'https://www.saucedemo.com/inventory.html'

2023-08-31 15:33:40 - [MESSAGE][WARNING] - A browser is already opened. Closing browser and opening a new one

2023-08-31 15:33:41 - [MESSAGE][INFO] - Starting 'Edge Chromium' driver

2023-08-31 15:33:43 - [MESSAGE][INFO] - Action delay is set to 0 milliseconds

2023-08-31 15:33:46 - [MESSAGE][PASSED] - Browser is opened with url: 'https://www.saucedemo.com/inventory.html'

2023-08-31 15:33:46 - [TEST_STEP][PASSED] - verifyElementPresent(findTestObject("Login/Verifikasi home page"), 0): Object 'Object Repository/Login/Verifikasi home page' is present

2023-08-31 15:33:46 - [MESSAGE][WARNING] - Timeout '0' is invalid. Using default page load timeout: '30'

2023-08-31 15:33:47 - [MESSAGE][PASSED] - Object 'Object Repository/Login/Verifikasi home page' is present

2023-08-31 15:33:47 - [TEST_STEP][PASSED] - setText(findTestObject("Login/Input Username"), username): Text 'standard_user' is set on object 'Object Repository/Login/Input Username'

2023-08-31 15:33:47 - [MESSAGE][PASSED] - Text 'standard_user' is set on object 'Object Repository/Login/Input Username'

2023-08-31 15:33:47 - [TEST_STEP][PASSED] - setEncryptedText(findTestObject("Login/input_Password"), password): Text ****** has been set on object 'Object Repository/Login/input_Password'

2023-08-31 15:33:48 - [MESSAGE][PASSED] - Text ****** has been set on object 'Object Repository/Login/input_Password'

2023-08-31 15:33:48 - [TEST_STEP][PASSED] - click(findTestObject("Login/Login Button")): Object: 'Object Repository/Login/Login Button' is clicked on

2023-08-31 15:33:49 - [MESSAGE][PASSED] - Object: 'Object Repository/Login/Login Button' is clicked on

2023-08-31 15:33:49 - [TEST_STEP][PASSED] - verifyElementPresent(findTestObject("Login/Verifikasi swag labs"), 0): Object 'Object Repository/Login/Verifikasi swag labs' is present

2023-08-31 15:33:49 - [MESSAGE][WARNING] - Timeout '0' is invalid. Using default page load timeout: '30'

2023-08-31 15:33:49 - [MESSAGE][PASSED] - Object 'Object Repository/Login/Verifikasi swag labs' is present

2023-08-31 15:33:49 - [MESSAGE][PASSED] - Call Test Case 'Test Cases/Login/TC-Login-Success-001' successfully

2023-08-31 15:33:49 - [MESSAGE][PASSED] - Call Test Case 'Test Cases/Products/TC-Product-Show-001' successfully

2023-08-31 15:33:49 - [TEST_STEP][PASSED] - selectOptionByValue(findTestObject("Product/Dropdown Sort"), "lohi", false): All options with value 'lohi' are selected in object 'Object Repository/Product/Dropdown Sort' 

2023-08-31 15:33:50 - [MESSAGE][PASSED] - All options with value 'lohi' are selected in object 'Object Repository/Product/Dropdown Sort' 

2023-08-31 15:33:50 - [TEST_STEP][PASSED] - dataList = findWebElements(findTestObject("Object Repository/Product/price list"), 10): null

2023-08-31 15:33:51 - [TEST_STEP][PASSED] - arrPriceOri = []: null

2023-08-31 15:33:51 - [TEST_STEP][PASSED] - arrPriceSort = []: null

2023-08-31 15:33:51 - [TEST_STEP][PASSED] - for ([i = 0, i < dataList.size(), (i++)]): null

2023-08-31 15:33:51 - [TEST_STEP][PASSED] - text = text.replace("$", ""): null

2023-08-31 15:33:51 - [TEST_STEP][PASSED] - d = Double.valueOf(text): null

2023-08-31 15:33:51 - [TEST_STEP][PASSED] - arrPriceOri[i] = d: null

2023-08-31 15:33:51 - [TEST_STEP][PASSED] - arrPriceSort[i] = d: null

2023-08-31 15:33:51 - [TEST_STEP][PASSED] - text = text.replace("$", ""): null

2023-08-31 15:33:51 - [TEST_STEP][PASSED] - d = Double.valueOf(text): null

2023-08-31 15:33:51 - [TEST_STEP][PASSED] - arrPriceOri[i] = d: null

2023-08-31 15:33:51 - [TEST_STEP][PASSED] - arrPriceSort[i] = d: null

2023-08-31 15:33:51 - [TEST_STEP][PASSED] - text = text.replace("$", ""): null

2023-08-31 15:33:51 - [TEST_STEP][PASSED] - d = Double.valueOf(text): null

2023-08-31 15:33:51 - [TEST_STEP][PASSED] - arrPriceOri[i] = d: null

2023-08-31 15:33:51 - [TEST_STEP][PASSED] - arrPriceSort[i] = d: null

2023-08-31 15:33:51 - [TEST_STEP][PASSED] - text = text.replace("$", ""): null

2023-08-31 15:33:51 - [TEST_STEP][PASSED] - d = Double.valueOf(text): null

2023-08-31 15:33:51 - [TEST_STEP][PASSED] - arrPriceOri[i] = d: null

2023-08-31 15:33:51 - [TEST_STEP][PASSED] - arrPriceSort[i] = d: null

2023-08-31 15:33:51 - [TEST_STEP][PASSED] - text = text.replace("$", ""): null

2023-08-31 15:33:51 - [TEST_STEP][PASSED] - d = Double.valueOf(text): null

2023-08-31 15:33:51 - [TEST_STEP][PASSED] - arrPriceOri[i] = d: null

2023-08-31 15:33:51 - [TEST_STEP][PASSED] - arrPriceSort[i] = d: null

2023-08-31 15:33:51 - [TEST_STEP][PASSED] - text = text.replace("$", ""): null

2023-08-31 15:33:51 - [TEST_STEP][PASSED] - d = Double.valueOf(text): null

2023-08-31 15:33:51 - [TEST_STEP][PASSED] - arrPriceOri[i] = d: null

2023-08-31 15:33:51 - [TEST_STEP][PASSED] - arrPriceSort[i] = d: null

2023-08-31 15:33:51 - [TEST_STEP][PASSED] - Arrays.sort(arrPriceSort): null

2023-08-31 15:33:51 - [TEST_STEP][PASSED] - assert arrPriceOri == arrPriceSort: null]]></system-out>
         <system-err><![CDATA[]]></system-err>
      </testcase>
      <testcase name="Test Cases/Products/TC-Product-Sort-002" time="13.424" classname="Test Cases/Products/TC-Product-Sort-002" status="PASSED">
         <system-out><![CDATA[2023-08-31 15:33:51 - [TEST_CASE][PASSED] - Test Cases/Products/TC-Product-Sort-002: Test Cases/Products/TC-Product-Sort-002

2023-08-31 15:33:52 - [TEST_STEP][PASSED] - callTestCase(findTestCase("Products/TC-Product-Show-001"), [:], STOP_ON_FAILURE): Call Test Case 'Test Cases/Products/TC-Product-Show-001' successfully

2023-08-31 15:33:52 - [TEST_CASE][PASSED] - Test Cases/Products/TC-Product-Show-001: Test Cases/Products/TC-Product-Show-001

2023-08-31 15:33:52 - [TEST_STEP][PASSED] - callTestCase(findTestCase("Login/TC-Login-Success-001"), [:], STOP_ON_FAILURE): Call Test Case 'Test Cases/Login/TC-Login-Success-001' successfully

2023-08-31 15:33:52 - [TEST_CASE][PASSED] - Test Cases/Login/TC-Login-Success-001: Test Cases/Login/TC-Login-Success-001

2023-08-31 15:33:52 - [TEST_STEP][PASSED] - openBrowser(URL): Browser is opened with url: 'https://www.saucedemo.com/inventory.html'

2023-08-31 15:33:52 - [MESSAGE][WARNING] - A browser is already opened. Closing browser and opening a new one

2023-08-31 15:33:53 - [MESSAGE][INFO] - Starting 'Edge Chromium' driver

2023-08-31 15:33:55 - [MESSAGE][INFO] - Action delay is set to 0 milliseconds

2023-08-31 15:33:59 - [MESSAGE][PASSED] - Browser is opened with url: 'https://www.saucedemo.com/inventory.html'

2023-08-31 15:33:59 - [TEST_STEP][PASSED] - verifyElementPresent(findTestObject("Login/Verifikasi home page"), 0): Object 'Object Repository/Login/Verifikasi home page' is present

2023-08-31 15:33:59 - [MESSAGE][WARNING] - Timeout '0' is invalid. Using default page load timeout: '30'

2023-08-31 15:34:00 - [MESSAGE][PASSED] - Object 'Object Repository/Login/Verifikasi home page' is present

2023-08-31 15:34:00 - [TEST_STEP][PASSED] - setText(findTestObject("Login/Input Username"), username): Text 'standard_user' is set on object 'Object Repository/Login/Input Username'

2023-08-31 15:34:01 - [MESSAGE][PASSED] - Text 'standard_user' is set on object 'Object Repository/Login/Input Username'

2023-08-31 15:34:01 - [TEST_STEP][PASSED] - setEncryptedText(findTestObject("Login/input_Password"), password): Text ****** has been set on object 'Object Repository/Login/input_Password'

2023-08-31 15:34:02 - [MESSAGE][PASSED] - Text ****** has been set on object 'Object Repository/Login/input_Password'

2023-08-31 15:34:02 - [TEST_STEP][PASSED] - click(findTestObject("Login/Login Button")): Object: 'Object Repository/Login/Login Button' is clicked on

2023-08-31 15:34:02 - [MESSAGE][PASSED] - Object: 'Object Repository/Login/Login Button' is clicked on

2023-08-31 15:34:02 - [TEST_STEP][PASSED] - verifyElementPresent(findTestObject("Login/Verifikasi swag labs"), 0): Object 'Object Repository/Login/Verifikasi swag labs' is present

2023-08-31 15:34:02 - [MESSAGE][WARNING] - Timeout '0' is invalid. Using default page load timeout: '30'

2023-08-31 15:34:03 - [MESSAGE][PASSED] - Object 'Object Repository/Login/Verifikasi swag labs' is present

2023-08-31 15:34:03 - [MESSAGE][PASSED] - Call Test Case 'Test Cases/Login/TC-Login-Success-001' successfully

2023-08-31 15:34:03 - [MESSAGE][PASSED] - Call Test Case 'Test Cases/Products/TC-Product-Show-001' successfully

2023-08-31 15:34:03 - [TEST_STEP][PASSED] - selectOptionByValue(findTestObject("Product/Dropdown Sort"), "za", false): All options with value 'za' are selected in object 'Object Repository/Product/Dropdown Sort' 

2023-08-31 15:34:04 - [MESSAGE][PASSED] - All options with value 'za' are selected in object 'Object Repository/Product/Dropdown Sort' 

2023-08-31 15:34:04 - [TEST_STEP][PASSED] - dataList = findWebElements(findTestObject("Object Repository/Product/product list"), 10): null

2023-08-31 15:34:04 - [TEST_STEP][PASSED] - arrProductOri = []: null

2023-08-31 15:34:04 - [TEST_STEP][PASSED] - arrProductSort = []: null

2023-08-31 15:34:04 - [TEST_STEP][PASSED] - for ([i = 0, i < dataList.size(), (i++)]): null

2023-08-31 15:34:04 - [TEST_STEP][PASSED] - text = text: null

2023-08-31 15:34:04 - [TEST_STEP][PASSED] - arrProductOri[i] = text: null

2023-08-31 15:34:04 - [TEST_STEP][PASSED] - arrProductSort[i] = text: null

2023-08-31 15:34:04 - [TEST_STEP][PASSED] - text = text: null

2023-08-31 15:34:04 - [TEST_STEP][PASSED] - arrProductOri[i] = text: null

2023-08-31 15:34:04 - [TEST_STEP][PASSED] - arrProductSort[i] = text: null

2023-08-31 15:34:04 - [TEST_STEP][PASSED] - text = text: null

2023-08-31 15:34:04 - [TEST_STEP][PASSED] - arrProductOri[i] = text: null

2023-08-31 15:34:04 - [TEST_STEP][PASSED] - arrProductSort[i] = text: null

2023-08-31 15:34:04 - [TEST_STEP][PASSED] - text = text: null

2023-08-31 15:34:04 - [TEST_STEP][PASSED] - arrProductOri[i] = text: null

2023-08-31 15:34:04 - [TEST_STEP][PASSED] - arrProductSort[i] = text: null

2023-08-31 15:34:04 - [TEST_STEP][PASSED] - text = text: null

2023-08-31 15:34:04 - [TEST_STEP][PASSED] - arrProductOri[i] = text: null

2023-08-31 15:34:04 - [TEST_STEP][PASSED] - arrProductSort[i] = text: null

2023-08-31 15:34:04 - [TEST_STEP][PASSED] - text = text: null

2023-08-31 15:34:04 - [TEST_STEP][PASSED] - arrProductOri[i] = text: null

2023-08-31 15:34:04 - [TEST_STEP][PASSED] - arrProductSort[i] = text: null

2023-08-31 15:34:04 - [TEST_STEP][PASSED] - Arrays.sort(arrProductSort, Collections.reverseOrder()): null

2023-08-31 15:34:04 - [TEST_STEP][PASSED] - assert arrProductOri == arrProductSort: null]]></system-out>
         <system-err><![CDATA[]]></system-err>
      </testcase>
      <testcase name="Test Cases/Products/TC-Product-Sort-001" time="11.855" classname="Test Cases/Products/TC-Product-Sort-001" status="PASSED">
         <system-out><![CDATA[2023-08-31 15:34:04 - [TEST_CASE][PASSED] - Test Cases/Products/TC-Product-Sort-001: Test Cases/Products/TC-Product-Sort-001

2023-08-31 15:34:05 - [TEST_STEP][PASSED] - callTestCase(findTestCase("Products/TC-Product-Show-001"), [:], STOP_ON_FAILURE): Call Test Case 'Test Cases/Products/TC-Product-Show-001' successfully

2023-08-31 15:34:05 - [TEST_CASE][PASSED] - Test Cases/Products/TC-Product-Show-001: Test Cases/Products/TC-Product-Show-001

2023-08-31 15:34:05 - [TEST_STEP][PASSED] - callTestCase(findTestCase("Login/TC-Login-Success-001"), [:], STOP_ON_FAILURE): Call Test Case 'Test Cases/Login/TC-Login-Success-001' successfully

2023-08-31 15:34:05 - [TEST_CASE][PASSED] - Test Cases/Login/TC-Login-Success-001: Test Cases/Login/TC-Login-Success-001

2023-08-31 15:34:05 - [TEST_STEP][PASSED] - openBrowser(URL): Browser is opened with url: 'https://www.saucedemo.com/inventory.html'

2023-08-31 15:34:05 - [MESSAGE][WARNING] - A browser is already opened. Closing browser and opening a new one

2023-08-31 15:34:06 - [MESSAGE][INFO] - Starting 'Edge Chromium' driver

2023-08-31 15:34:08 - [MESSAGE][INFO] - Action delay is set to 0 milliseconds

2023-08-31 15:34:11 - [MESSAGE][PASSED] - Browser is opened with url: 'https://www.saucedemo.com/inventory.html'

2023-08-31 15:34:11 - [TEST_STEP][PASSED] - verifyElementPresent(findTestObject("Login/Verifikasi home page"), 0): Object 'Object Repository/Login/Verifikasi home page' is present

2023-08-31 15:34:12 - [MESSAGE][WARNING] - Timeout '0' is invalid. Using default page load timeout: '30'

2023-08-31 15:34:12 - [MESSAGE][PASSED] - Object 'Object Repository/Login/Verifikasi home page' is present

2023-08-31 15:34:12 - [TEST_STEP][PASSED] - setText(findTestObject("Login/Input Username"), username): Text 'standard_user' is set on object 'Object Repository/Login/Input Username'

2023-08-31 15:34:13 - [MESSAGE][PASSED] - Text 'standard_user' is set on object 'Object Repository/Login/Input Username'

2023-08-31 15:34:13 - [TEST_STEP][PASSED] - setEncryptedText(findTestObject("Login/input_Password"), password): Text ****** has been set on object 'Object Repository/Login/input_Password'

2023-08-31 15:34:14 - [MESSAGE][PASSED] - Text ****** has been set on object 'Object Repository/Login/input_Password'

2023-08-31 15:34:14 - [TEST_STEP][PASSED] - click(findTestObject("Login/Login Button")): Object: 'Object Repository/Login/Login Button' is clicked on

2023-08-31 15:34:14 - [MESSAGE][PASSED] - Object: 'Object Repository/Login/Login Button' is clicked on

2023-08-31 15:34:14 - [TEST_STEP][PASSED] - verifyElementPresent(findTestObject("Login/Verifikasi swag labs"), 0): Object 'Object Repository/Login/Verifikasi swag labs' is present

2023-08-31 15:34:14 - [MESSAGE][WARNING] - Timeout '0' is invalid. Using default page load timeout: '30'

2023-08-31 15:34:15 - [MESSAGE][PASSED] - Object 'Object Repository/Login/Verifikasi swag labs' is present

2023-08-31 15:34:15 - [MESSAGE][PASSED] - Call Test Case 'Test Cases/Login/TC-Login-Success-001' successfully

2023-08-31 15:34:15 - [MESSAGE][PASSED] - Call Test Case 'Test Cases/Products/TC-Product-Show-001' successfully

2023-08-31 15:34:15 - [TEST_STEP][PASSED] - selectOptionByValue(findTestObject("Product/Dropdown Sort"), "az", false): All options with value 'az' are selected in object 'Object Repository/Product/Dropdown Sort' 

2023-08-31 15:34:16 - [MESSAGE][PASSED] - All options with value 'az' are selected in object 'Object Repository/Product/Dropdown Sort' 

2023-08-31 15:34:16 - [TEST_STEP][PASSED] - dataList = findWebElements(findTestObject("Object Repository/Product/product list"), 10): null

2023-08-31 15:34:16 - [TEST_STEP][PASSED] - arrProductOri = []: null

2023-08-31 15:34:16 - [TEST_STEP][PASSED] - arrProductSort = []: null

2023-08-31 15:34:16 - [TEST_STEP][PASSED] - for ([i = 0, i < dataList.size(), (i++)]): null

2023-08-31 15:34:16 - [TEST_STEP][PASSED] - text = text: null

2023-08-31 15:34:16 - [TEST_STEP][PASSED] - arrProductOri[i] = text: null

2023-08-31 15:34:16 - [TEST_STEP][PASSED] - arrProductSort[i] = text: null

2023-08-31 15:34:16 - [TEST_STEP][PASSED] - text = text: null

2023-08-31 15:34:16 - [TEST_STEP][PASSED] - arrProductOri[i] = text: null

2023-08-31 15:34:16 - [TEST_STEP][PASSED] - arrProductSort[i] = text: null

2023-08-31 15:34:16 - [TEST_STEP][PASSED] - text = text: null

2023-08-31 15:34:16 - [TEST_STEP][PASSED] - arrProductOri[i] = text: null

2023-08-31 15:34:16 - [TEST_STEP][PASSED] - arrProductSort[i] = text: null

2023-08-31 15:34:16 - [TEST_STEP][PASSED] - text = text: null

2023-08-31 15:34:16 - [TEST_STEP][PASSED] - arrProductOri[i] = text: null

2023-08-31 15:34:16 - [TEST_STEP][PASSED] - arrProductSort[i] = text: null

2023-08-31 15:34:16 - [TEST_STEP][PASSED] - text = text: null

2023-08-31 15:34:16 - [TEST_STEP][PASSED] - arrProductOri[i] = text: null

2023-08-31 15:34:16 - [TEST_STEP][PASSED] - arrProductSort[i] = text: null

2023-08-31 15:34:16 - [TEST_STEP][PASSED] - text = text: null

2023-08-31 15:34:16 - [TEST_STEP][PASSED] - arrProductOri[i] = text: null

2023-08-31 15:34:16 - [TEST_STEP][PASSED] - arrProductSort[i] = text: null

2023-08-31 15:34:16 - [TEST_STEP][PASSED] - Arrays.sort(arrProductSort): null

2023-08-31 15:34:16 - [TEST_STEP][PASSED] - assert arrProductOri == arrProductSort: null]]></system-out>
         <system-err><![CDATA[]]></system-err>
      </testcase>
      <testcase name="Test Cases/Products/TC-Product-Show-001" time="9.644" classname="Test Cases/Products/TC-Product-Show-001" status="PASSED">
         <system-out><![CDATA[2023-08-31 15:34:16 - [TEST_CASE][PASSED] - Test Cases/Products/TC-Product-Show-001: Test Cases/Products/TC-Product-Show-001

2023-08-31 15:34:16 - [TEST_STEP][PASSED] - callTestCase(findTestCase("Login/TC-Login-Success-001"), [:], STOP_ON_FAILURE): Call Test Case 'Test Cases/Login/TC-Login-Success-001' successfully

2023-08-31 15:34:16 - [TEST_CASE][PASSED] - Test Cases/Login/TC-Login-Success-001: Test Cases/Login/TC-Login-Success-001

2023-08-31 15:34:16 - [TEST_STEP][PASSED] - openBrowser(URL): Browser is opened with url: 'https://www.saucedemo.com/inventory.html'

2023-08-31 15:34:16 - [MESSAGE][WARNING] - A browser is already opened. Closing browser and opening a new one

2023-08-31 15:34:17 - [MESSAGE][INFO] - Starting 'Edge Chromium' driver

2023-08-31 15:34:19 - [MESSAGE][INFO] - Action delay is set to 0 milliseconds

2023-08-31 15:34:23 - [MESSAGE][PASSED] - Browser is opened with url: 'https://www.saucedemo.com/inventory.html'

2023-08-31 15:34:23 - [TEST_STEP][PASSED] - verifyElementPresent(findTestObject("Login/Verifikasi home page"), 0): Object 'Object Repository/Login/Verifikasi home page' is present

2023-08-31 15:34:23 - [MESSAGE][WARNING] - Timeout '0' is invalid. Using default page load timeout: '30'

2023-08-31 15:34:23 - [MESSAGE][PASSED] - Object 'Object Repository/Login/Verifikasi home page' is present

2023-08-31 15:34:23 - [TEST_STEP][PASSED] - setText(findTestObject("Login/Input Username"), username): Text 'standard_user' is set on object 'Object Repository/Login/Input Username'

2023-08-31 15:34:24 - [MESSAGE][PASSED] - Text 'standard_user' is set on object 'Object Repository/Login/Input Username'

2023-08-31 15:34:24 - [TEST_STEP][PASSED] - setEncryptedText(findTestObject("Login/input_Password"), password): Text ****** has been set on object 'Object Repository/Login/input_Password'

2023-08-31 15:34:25 - [MESSAGE][PASSED] - Text ****** has been set on object 'Object Repository/Login/input_Password'

2023-08-31 15:34:25 - [TEST_STEP][PASSED] - click(findTestObject("Login/Login Button")): Object: 'Object Repository/Login/Login Button' is clicked on

2023-08-31 15:34:25 - [MESSAGE][PASSED] - Object: 'Object Repository/Login/Login Button' is clicked on

2023-08-31 15:34:25 - [TEST_STEP][PASSED] - verifyElementPresent(findTestObject("Login/Verifikasi swag labs"), 0): Object 'Object Repository/Login/Verifikasi swag labs' is present

2023-08-31 15:34:25 - [MESSAGE][WARNING] - Timeout '0' is invalid. Using default page load timeout: '30'

2023-08-31 15:34:26 - [MESSAGE][PASSED] - Object 'Object Repository/Login/Verifikasi swag labs' is present

2023-08-31 15:34:26 - [MESSAGE][PASSED] - Call Test Case 'Test Cases/Login/TC-Login-Success-001' successfully]]></system-out>
         <system-err><![CDATA[]]></system-err>
      </testcase>
      <testcase name="Test Cases/Products/TC-Product-RemoveCart-001" time="48.955" classname="Test Cases/Products/TC-Product-RemoveCart-001" status="FAILED">
         <failure type="FAILED" message="Test Cases/Products/TC-Product-RemoveCart-001 FAILED.
Reason:
com.kms.katalon.core.exception.StepFailedException: Unable to verify object 'Object Repository/Product/tambahproduct' is present
	at com.kms.katalon.core.webui.keyword.internal.WebUIKeywordMain.stepFailed(WebUIKeywordMain.groovy:64)
	at com.kms.katalon.core.webui.keyword.internal.WebUIKeywordMain.runKeyword(WebUIKeywordMain.groovy:26)
	at com.kms.katalon.core.webui.keyword.builtin.VerifyElementPresentKeyword.verifyElementPresent(VerifyElementPresentKeyword.groovy:92)
	at com.kms.katalon.core.webui.keyword.builtin.VerifyElementPresentKeyword.execute(VerifyElementPresentKeyword.groovy:68)
	at com.kms.katalon.core.keyword.internal.KeywordExecutor.executeKeywordForPlatform(KeywordExecutor.groovy:74)
	at com.kms.katalon.core.webui.keyword.WebUiBuiltInKeywords.verifyElementPresent(WebUiBuiltInKeywords.groovy:1464)
	at com.kms.katalon.core.webui.keyword.WebUiBuiltInKeywords$verifyElementPresent$0.call(Unknown Source)
	at TC-Product-RemoveCart-001.run(TC-Product-RemoveCart-001:26)
	at com.kms.katalon.core.main.ScriptEngine.run(ScriptEngine.java:194)
	at com.kms.katalon.core.main.ScriptEngine.runScriptAsRawText(ScriptEngine.java:119)
	at com.kms.katalon.core.main.TestCaseExecutor.runScript(TestCaseExecutor.java:448)
	at com.kms.katalon.core.main.TestCaseExecutor.doExecute(TestCaseExecutor.java:439)
	at com.kms.katalon.core.main.TestCaseExecutor.processExecutionPhase(TestCaseExecutor.java:418)
	at com.kms.katalon.core.main.TestCaseExecutor.accessMainPhase(TestCaseExecutor.java:410)
	at com.kms.katalon.core.main.TestCaseExecutor.execute(TestCaseExecutor.java:285)
	at com.kms.katalon.core.main.TestCaseExecutor.execute(TestCaseExecutor.java:369)
	at com.kms.katalon.core.main.TestCaseExecutor.execute(TestCaseExecutor.java:369)
	at com.kms.katalon.core.main.TestCaseExecutor.execute(TestCaseExecutor.java:369)
	at com.kms.katalon.core.common.CommonExecutor.accessTestCaseMainPhase(CommonExecutor.java:65)
	at com.kms.katalon.core.main.TestSuiteExecutor.accessTestSuiteMainPhase(TestSuiteExecutor.java:148)
	at com.kms.katalon.core.main.TestSuiteExecutor.execute(TestSuiteExecutor.java:106)
	at com.kms.katalon.core.main.TestCaseMain.startTestSuite(TestCaseMain.java:187)
	at com.kms.katalon.core.main.TestCaseMain$startTestSuite$0.call(Unknown Source)
	at TempTestSuite1693470683054.run(TempTestSuite1693470683054.groovy:36)
Caused by: com.kms.katalon.core.exception.StepFailedException: com.kms.katalon.core.webui.exception.WebElementNotFoundException: Web element with id: 'Object Repository/Product/tambahproduct' located by '//*[@id=&quot;shopping_cart_container&quot;]/a/span' not found
	at com.kms.katalon.core.webui.keyword.internal.WebUIKeywordMain.stepFailed(WebUIKeywordMain.groovy:64)
	at com.kms.katalon.core.webui.keyword.builtin.VerifyElementPresentKeyword$_verifyElementPresent_closure1.doCall(VerifyElementPresentKeyword.groovy:85)
	at com.kms.katalon.core.webui.keyword.builtin.VerifyElementPresentKeyword$_verifyElementPresent_closure1.call(VerifyElementPresentKeyword.groovy)
	at com.kms.katalon.core.webui.keyword.internal.WebUIKeywordMain.runKeyword(WebUIKeywordMain.groovy:20)
	... 22 more
"/>
         <system-out><![CDATA[2023-08-31 15:36:48 - [TEST_CASE][FAILED] - Test Cases/Products/TC-Product-RemoveCart-001: Test Cases/Products/TC-Product-RemoveCart-001 FAILED.
Reason:
com.kms.katalon.core.exception.StepFailedException: Unable to verify object 'Object Repository/Product/tambahproduct' is present
	at com.kms.katalon.core.webui.keyword.internal.WebUIKeywordMain.stepFailed(WebUIKeywordMain.groovy:64)
	at com.kms.katalon.core.webui.keyword.internal.WebUIKeywordMain.runKeyword(WebUIKeywordMain.groovy:26)
	at com.kms.katalon.core.webui.keyword.builtin.VerifyElementPresentKeyword.verifyElementPresent(VerifyElementPresentKeyword.groovy:92)
	at com.kms.katalon.core.webui.keyword.builtin.VerifyElementPresentKeyword.execute(VerifyElementPresentKeyword.groovy:68)
	at com.kms.katalon.core.keyword.internal.KeywordExecutor.executeKeywordForPlatform(KeywordExecutor.groovy:74)
	at com.kms.katalon.core.webui.keyword.WebUiBuiltInKeywords.verifyElementPresent(WebUiBuiltInKeywords.groovy:1464)
	at com.kms.katalon.core.webui.keyword.WebUiBuiltInKeywords$verifyElementPresent$0.call(Unknown Source)
	at TC-Product-RemoveCart-001.run(TC-Product-RemoveCart-001:26)
	at com.kms.katalon.core.main.ScriptEngine.run(ScriptEngine.java:194)
	at com.kms.katalon.core.main.ScriptEngine.runScriptAsRawText(ScriptEngine.java:119)
	at com.kms.katalon.core.main.TestCaseExecutor.runScript(TestCaseExecutor.java:448)
	at com.kms.katalon.core.main.TestCaseExecutor.doExecute(TestCaseExecutor.java:439)
	at com.kms.katalon.core.main.TestCaseExecutor.processExecutionPhase(TestCaseExecutor.java:418)
	at com.kms.katalon.core.main.TestCaseExecutor.accessMainPhase(TestCaseExecutor.java:410)
	at com.kms.katalon.core.main.TestCaseExecutor.execute(TestCaseExecutor.java:285)
	at com.kms.katalon.core.main.TestCaseExecutor.execute(TestCaseExecutor.java:369)
	at com.kms.katalon.core.main.TestCaseExecutor.execute(TestCaseExecutor.java:369)
	at com.kms.katalon.core.main.TestCaseExecutor.execute(TestCaseExecutor.java:369)
	at com.kms.katalon.core.common.CommonExecutor.accessTestCaseMainPhase(CommonExecutor.java:65)
	at com.kms.katalon.core.main.TestSuiteExecutor.accessTestSuiteMainPhase(TestSuiteExecutor.java:148)
	at com.kms.katalon.core.main.TestSuiteExecutor.execute(TestSuiteExecutor.java:106)
	at com.kms.katalon.core.main.TestCaseMain.startTestSuite(TestCaseMain.java:187)
	at com.kms.katalon.core.main.TestCaseMain$startTestSuite$0.call(Unknown Source)
	at TempTestSuite1693470683054.run(TempTestSuite1693470683054.groovy:36)
Caused by: com.kms.katalon.core.exception.StepFailedException: com.kms.katalon.core.webui.exception.WebElementNotFoundException: Web element with id: 'Object Repository/Product/tambahproduct' located by '//*[@id="shopping_cart_container"]/a/span' not found
	at com.kms.katalon.core.webui.keyword.internal.WebUIKeywordMain.stepFailed(WebUIKeywordMain.groovy:64)
	at com.kms.katalon.core.webui.keyword.builtin.VerifyElementPresentKeyword$_verifyElementPresent_closure1.doCall(VerifyElementPresentKeyword.groovy:85)
	at com.kms.katalon.core.webui.keyword.builtin.VerifyElementPresentKeyword$_verifyElementPresent_closure1.call(VerifyElementPresentKeyword.groovy)
	at com.kms.katalon.core.webui.keyword.internal.WebUIKeywordMain.runKeyword(WebUIKeywordMain.groovy:20)
	... 22 more


2023-08-31 15:36:48 - [TEST_STEP][PASSED] - callTestCase(findTestCase("Products/TC-Product-AddCart-001"), [:], STOP_ON_FAILURE): Call Test Case 'Test Cases/Products/TC-Product-AddCart-001' successfully

2023-08-31 15:36:48 - [TEST_CASE][PASSED] - Test Cases/Products/TC-Product-AddCart-001: Test Cases/Products/TC-Product-AddCart-001

2023-08-31 15:36:48 - [TEST_STEP][PASSED] - callTestCase(findTestCase("Products/TC-Product-Show-001"), [:], STOP_ON_FAILURE): Call Test Case 'Test Cases/Products/TC-Product-Show-001' successfully

2023-08-31 15:36:48 - [TEST_CASE][PASSED] - Test Cases/Products/TC-Product-Show-001: Test Cases/Products/TC-Product-Show-001

2023-08-31 15:36:48 - [TEST_STEP][PASSED] - callTestCase(findTestCase("Login/TC-Login-Success-001"), [:], STOP_ON_FAILURE): Call Test Case 'Test Cases/Login/TC-Login-Success-001' successfully

2023-08-31 15:36:48 - [TEST_CASE][PASSED] - Test Cases/Login/TC-Login-Success-001: Test Cases/Login/TC-Login-Success-001

2023-08-31 15:36:48 - [TEST_STEP][PASSED] - openBrowser(URL): Browser is opened with url: 'https://www.saucedemo.com/inventory.html'

2023-08-31 15:36:48 - [MESSAGE][WARNING] - A browser is already opened. Closing browser and opening a new one

2023-08-31 15:36:49 - [MESSAGE][INFO] - Starting 'Edge Chromium' driver

2023-08-31 15:36:51 - [MESSAGE][INFO] - Action delay is set to 0 milliseconds

2023-08-31 15:36:56 - [MESSAGE][PASSED] - Browser is opened with url: 'https://www.saucedemo.com/inventory.html'

2023-08-31 15:36:56 - [TEST_STEP][PASSED] - verifyElementPresent(findTestObject("Login/Verifikasi home page"), 0): Object 'Object Repository/Login/Verifikasi home page' is present

2023-08-31 15:36:56 - [MESSAGE][WARNING] - Timeout '0' is invalid. Using default page load timeout: '30'

2023-08-31 15:36:56 - [MESSAGE][PASSED] - Object 'Object Repository/Login/Verifikasi home page' is present

2023-08-31 15:36:56 - [TEST_STEP][PASSED] - setText(findTestObject("Login/Input Username"), username): Text 'standard_user' is set on object 'Object Repository/Login/Input Username'

2023-08-31 15:36:57 - [MESSAGE][PASSED] - Text 'standard_user' is set on object 'Object Repository/Login/Input Username'

2023-08-31 15:36:57 - [TEST_STEP][PASSED] - setEncryptedText(findTestObject("Login/input_Password"), password): Text ****** has been set on object 'Object Repository/Login/input_Password'

2023-08-31 15:36:58 - [MESSAGE][PASSED] - Text ****** has been set on object 'Object Repository/Login/input_Password'

2023-08-31 15:36:58 - [TEST_STEP][PASSED] - click(findTestObject("Login/Login Button")): Object: 'Object Repository/Login/Login Button' is clicked on

2023-08-31 15:36:59 - [MESSAGE][PASSED] - Object: 'Object Repository/Login/Login Button' is clicked on

2023-08-31 15:36:59 - [TEST_STEP][PASSED] - verifyElementPresent(findTestObject("Login/Verifikasi swag labs"), 0): Object 'Object Repository/Login/Verifikasi swag labs' is present

2023-08-31 15:36:59 - [MESSAGE][WARNING] - Timeout '0' is invalid. Using default page load timeout: '30'

2023-08-31 15:36:59 - [MESSAGE][PASSED] - Object 'Object Repository/Login/Verifikasi swag labs' is present

2023-08-31 15:36:59 - [MESSAGE][PASSED] - Call Test Case 'Test Cases/Login/TC-Login-Success-001' successfully

2023-08-31 15:36:59 - [MESSAGE][PASSED] - Call Test Case 'Test Cases/Products/TC-Product-Show-001' successfully

2023-08-31 15:36:59 - [TEST_STEP][PASSED] - click(findTestObject("Product/button_Add to cart_Pertama")): Object: 'Object Repository/Product/button_Add to cart_Pertama' is clicked on

2023-08-31 15:37:00 - [MESSAGE][PASSED] - Object: 'Object Repository/Product/button_Add to cart_Pertama' is clicked on

2023-08-31 15:37:00 - [TEST_STEP][PASSED] - namaproduct1_homepage = getText(findTestObject("Product/nama_product1_homepage")): Text of object 'Object Repository/Product/nama_product1_homepage' is: 'Sauce Labs Backpack'

2023-08-31 15:37:00 - [MESSAGE][PASSED] - Text of object 'Object Repository/Product/nama_product1_homepage' is: 'Sauce Labs Backpack'

2023-08-31 15:37:00 - [TEST_STEP][PASSED] - deskripsiproduct1_homepage = getText(findTestObject("Product/deskripsi_product1_homepage")): Text of object 'Object Repository/Product/deskripsi_product1_homepage' is: 'carry.allTheThings() with the sleek, streamlined Sly Pack that melds uncompromising style with unequaled laptop and tablet protection.'

2023-08-31 15:37:01 - [MESSAGE][PASSED] - Text of object 'Object Repository/Product/deskripsi_product1_homepage' is: 'carry.allTheThings() with the sleek, streamlined Sly Pack that melds uncompromising style with unequaled laptop and tablet protection.'

2023-08-31 15:37:01 - [TEST_STEP][PASSED] - hargaproduct1_homepage = getText(findTestObject("Product/harga_produk1_homepage")): Text of object 'Object Repository/Product/harga_produk1_homepage' is: '$29.99'

2023-08-31 15:37:01 - [MESSAGE][PASSED] - Text of object 'Object Repository/Product/harga_produk1_homepage' is: '$29.99'

2023-08-31 15:37:01 - [TEST_STEP][PASSED] - verifyElementNotPresent(findTestObject("Product/button_Add to cart_Pertama"), 0): Web element with id: 'Object Repository/Product/button_Add to cart_Pertama' located by 'By.xpath: //button[@id='add-to-cart-sauce-labs-backpack']' is not present after '30' second(s)

2023-08-31 15:37:01 - [MESSAGE][WARNING] - Timeout '0' is invalid. Using default page load timeout: '30'

2023-08-31 15:37:02 - [MESSAGE][PASSED] - Web element with id: 'Object Repository/Product/button_Add to cart_Pertama' located by 'By.xpath: //button[@id='add-to-cart-sauce-labs-backpack']' is not present after '30' second(s)

2023-08-31 15:37:02 - [TEST_STEP][PASSED] - verifyElementPresent(findTestObject("Product/tambahproduct"), 0): Object 'Object Repository/Product/tambahproduct' is present

2023-08-31 15:37:02 - [MESSAGE][WARNING] - Timeout '0' is invalid. Using default page load timeout: '30'

2023-08-31 15:37:02 - [MESSAGE][PASSED] - Object 'Object Repository/Product/tambahproduct' is present

2023-08-31 15:37:02 - [TEST_STEP][PASSED] - data = new java.util.HashMap(): null

2023-08-31 15:37:02 - [TEST_STEP][PASSED] - data.put("nama1_home", namaproduct1_homepage): null

2023-08-31 15:37:02 - [TEST_STEP][PASSED] - data.put("deskripsi1_home", deskripsiproduct1_homepage): null

2023-08-31 15:37:02 - [TEST_STEP][PASSED] - data.put("harga1_home", hargaproduct1_homepage): null

2023-08-31 15:37:02 - [TEST_STEP][PASSED] - return data: null

2023-08-31 15:37:02 - [MESSAGE][PASSED] - Call Test Case 'Test Cases/Products/TC-Product-AddCart-001' successfully

2023-08-31 15:37:02 - [TEST_STEP][PASSED] - click(findTestObject("Product/button_Remove")): Object: 'Object Repository/Product/button_Remove' is clicked on

2023-08-31 15:37:03 - [MESSAGE][PASSED] - Object: 'Object Repository/Product/button_Remove' is clicked on

2023-08-31 15:37:03 - [TEST_STEP][PASSED] - verifyElementNotPresent(findTestObject("Product/button_Remove"), 0): Web element with id: 'Object Repository/Product/button_Remove' located by 'By.xpath: //button[@id='remove-sauce-labs-backpack']' is not present after '30' second(s)

2023-08-31 15:37:03 - [MESSAGE][WARNING] - Timeout '0' is invalid. Using default page load timeout: '30'

2023-08-31 15:37:03 - [MESSAGE][PASSED] - Web element with id: 'Object Repository/Product/button_Remove' located by 'By.xpath: //button[@id='remove-sauce-labs-backpack']' is not present after '30' second(s)

2023-08-31 15:37:03 - [TEST_STEP][FAILED] - verifyElementPresent(findTestObject("Product/tambahproduct"), 0): Unable to verify object 'Object Repository/Product/tambahproduct' is present (Root cause: com.kms.katalon.core.exception.StepFailedException: Unable to verify object 'Object Repository/Product/tambahproduct' is present
	at com.kms.katalon.core.webui.keyword.internal.WebUIKeywordMain.stepFailed(WebUIKeywordMain.groovy:64)
	at com.kms.katalon.core.webui.keyword.internal.WebUIKeywordMain.runKeyword(WebUIKeywordMain.groovy:26)
	at com.kms.katalon.core.webui.keyword.builtin.VerifyElementPresentKeyword.verifyElementPresent(VerifyElementPresentKeyword.groovy:92)
	at com.kms.katalon.core.webui.keyword.builtin.VerifyElementPresentKeyword.execute(VerifyElementPresentKeyword.groovy:68)
	at com.kms.katalon.core.keyword.internal.KeywordExecutor.executeKeywordForPlatform(KeywordExecutor.groovy:74)
	at com.kms.katalon.core.webui.keyword.WebUiBuiltInKeywords.verifyElementPresent(WebUiBuiltInKeywords.groovy:1464)
	at com.kms.katalon.core.webui.keyword.WebUiBuiltInKeywords$verifyElementPresent$0.call(Unknown Source)
	at TC-Product-RemoveCart-001.run(TC-Product-RemoveCart-001:26)
	at com.kms.katalon.core.main.ScriptEngine.run(ScriptEngine.java:194)
	at com.kms.katalon.core.main.ScriptEngine.runScriptAsRawText(ScriptEngine.java:119)
	at com.kms.katalon.core.main.TestCaseExecutor.runScript(TestCaseExecutor.java:448)
	at com.kms.katalon.core.main.TestCaseExecutor.doExecute(TestCaseExecutor.java:439)
	at com.kms.katalon.core.main.TestCaseExecutor.processExecutionPhase(TestCaseExecutor.java:418)
	at com.kms.katalon.core.main.TestCaseExecutor.accessMainPhase(TestCaseExecutor.java:410)
	at com.kms.katalon.core.main.TestCaseExecutor.execute(TestCaseExecutor.java:285)
	at com.kms.katalon.core.main.TestCaseExecutor.execute(TestCaseExecutor.java:369)
	at com.kms.katalon.core.main.TestCaseExecutor.execute(TestCaseExecutor.java:369)
	at com.kms.katalon.core.main.TestCaseExecutor.execute(TestCaseExecutor.java:369)
	at com.kms.katalon.core.common.CommonExecutor.accessTestCaseMainPhase(CommonExecutor.java:65)
	at com.kms.katalon.core.main.TestSuiteExecutor.accessTestSuiteMainPhase(TestSuiteExecutor.java:148)
	at com.kms.katalon.core.main.TestSuiteExecutor.execute(TestSuiteExecutor.java:106)
	at com.kms.katalon.core.main.TestCaseMain.startTestSuite(TestCaseMain.java:187)
	at com.kms.katalon.core.main.TestCaseMain$startTestSuite$0.call(Unknown Source)
	at TempTestSuite1693470683054.run(TempTestSuite1693470683054.groovy:36)
Caused by: com.kms.katalon.core.exception.StepFailedException: com.kms.katalon.core.webui.exception.WebElementNotFoundException: Web element with id: 'Object Repository/Product/tambahproduct' located by '//*[@id="shopping_cart_container"]/a/span' not found
	at com.kms.katalon.core.webui.keyword.internal.WebUIKeywordMain.stepFailed(WebUIKeywordMain.groovy:64)
	at com.kms.katalon.core.webui.keyword.builtin.VerifyElementPresentKeyword$_verifyElementPresent_closure1.doCall(VerifyElementPresentKeyword.groovy:85)
	at com.kms.katalon.core.webui.keyword.builtin.VerifyElementPresentKeyword$_verifyElementPresent_closure1.call(VerifyElementPresentKeyword.groovy)
	at com.kms.katalon.core.webui.keyword.internal.WebUIKeywordMain.runKeyword(WebUIKeywordMain.groovy:20)
	... 22 more
)

2023-08-31 15:37:03 - [MESSAGE][WARNING] - Timeout '0' is invalid. Using default page load timeout: '30'

2023-08-31 15:37:36 - [MESSAGE][INFO] - Unable to find the element located by 'By.xpath: //*[@id="shopping_cart_container"]/a/span'. Please recheck the objects properties to make sure the desired element is located. 

2023-08-31 15:37:36 - [MESSAGE][FAILED] - com.kms.katalon.core.webui.exception.WebElementNotFoundException: Web element with id: 'Object Repository/Product/tambahproduct' located by '//*[@id="shopping_cart_container"]/a/span' not found (Root cause: com.kms.katalon.core.exception.StepFailedException: com.kms.katalon.core.webui.exception.WebElementNotFoundException: Web element with id: 'Object Repository/Product/tambahproduct' located by '//*[@id="shopping_cart_container"]/a/span' not found
	at com.kms.katalon.core.webui.keyword.internal.WebUIKeywordMain.stepFailed(WebUIKeywordMain.groovy:64)
	at com.kms.katalon.core.webui.keyword.builtin.VerifyElementPresentKeyword$_verifyElementPresent_closure1.doCall(VerifyElementPresentKeyword.groovy:85)
	at com.kms.katalon.core.webui.keyword.builtin.VerifyElementPresentKeyword$_verifyElementPresent_closure1.call(VerifyElementPresentKeyword.groovy)
	at com.kms.katalon.core.webui.keyword.internal.WebUIKeywordMain.runKeyword(WebUIKeywordMain.groovy:20)
	at com.kms.katalon.core.webui.keyword.builtin.VerifyElementPresentKeyword.verifyElementPresent(VerifyElementPresentKeyword.groovy:92)
	at com.kms.katalon.core.webui.keyword.builtin.VerifyElementPresentKeyword.execute(VerifyElementPresentKeyword.groovy:68)
	at com.kms.katalon.core.keyword.internal.KeywordExecutor.executeKeywordForPlatform(KeywordExecutor.groovy:74)
	at com.kms.katalon.core.webui.keyword.WebUiBuiltInKeywords.verifyElementPresent(WebUiBuiltInKeywords.groovy:1464)
	at com.kms.katalon.core.webui.keyword.WebUiBuiltInKeywords$verifyElementPresent$0.call(Unknown Source)
	at TC-Product-RemoveCart-001.run(TC-Product-RemoveCart-001:26)
	at com.kms.katalon.core.main.ScriptEngine.run(ScriptEngine.java:194)
	at com.kms.katalon.core.main.ScriptEngine.runScriptAsRawText(ScriptEngine.java:119)
	at com.kms.katalon.core.main.TestCaseExecutor.runScript(TestCaseExecutor.java:448)
	at com.kms.katalon.core.main.TestCaseExecutor.doExecute(TestCaseExecutor.java:439)
	at com.kms.katalon.core.main.TestCaseExecutor.processExecutionPhase(TestCaseExecutor.java:418)
	at com.kms.katalon.core.main.TestCaseExecutor.accessMainPhase(TestCaseExecutor.java:410)
	at com.kms.katalon.core.main.TestCaseExecutor.execute(TestCaseExecutor.java:285)
[...]

2023-08-31 15:45:56 - [MESSAGE][WARNING] - Timeout '0' is invalid. Using default page load timeout: '30'

2023-08-31 15:45:57 - [MESSAGE][PASSED] - Object 'Object Repository/Login/Verifikasi swag labs' is present

2023-08-31 15:45:57 - [MESSAGE][PASSED] - Call Test Case 'Test Cases/Login/TC-Login-Success-001' successfully

2023-08-31 15:45:57 - [TEST_STEP][PASSED] - click(findTestObject("logout/menu burger")): Object: 'Object Repository/logout/menu burger' is clicked on

2023-08-31 15:45:57 - [MESSAGE][PASSED] - Object: 'Object Repository/logout/menu burger' is clicked on

2023-08-31 15:45:57 - [TEST_STEP][PASSED] - click(findTestObject("logout/button_Logout")): Object: 'Object Repository/logout/button_Logout' is clicked on

2023-08-31 15:45:58 - [MESSAGE][PASSED] - Object: 'Object Repository/logout/button_Logout' is clicked on

2023-08-31 15:45:58 - [TEST_STEP][PASSED] - verifyElementPresent(findTestObject("Login/Verifikasi home page"), 0): Object 'Object Repository/Login/Verifikasi home page' is present

2023-08-31 15:45:58 - [MESSAGE][WARNING] - Timeout '0' is invalid. Using default page load timeout: '30'

2023-08-31 15:45:58 - [MESSAGE][PASSED] - Object 'Object Repository/Login/Verifikasi home page' is present]]></system-out>
         <system-err><![CDATA[]]></system-err>
      </testcase>
      <testcase name="Test Cases/Checkout/TC-Checkout-Error-001" time="19.304" classname="Test Cases/Checkout/TC-Checkout-Error-001" status="PASSED">
         <system-out><![CDATA[2023-08-31 15:45:58 - [TEST_CASE][PASSED] - Test Cases/Checkout/TC-Checkout-Error-001: Test Cases/Checkout/TC-Checkout-Error-001

2023-08-31 15:45:59 - [TEST_STEP][PASSED] - callTestCase(findTestCase("Keranjang/TC-Cart-Show-002"), [:], STOP_ON_FAILURE): Call Test Case 'Test Cases/Keranjang/TC-Cart-Show-002' successfully

2023-08-31 15:45:59 - [TEST_CASE][PASSED] - Test Cases/Keranjang/TC-Cart-Show-002: Test Cases/Keranjang/TC-Cart-Show-002

2023-08-31 15:45:59 - [TEST_STEP][PASSED] - data = callTestCase(findTestCase("Products/TC-Product-AddCart-001"), [:], STOP_ON_FAILURE): Call Test Case 'Test Cases/Products/TC-Product-AddCart-001' successfully

2023-08-31 15:45:59 - [TEST_CASE][PASSED] - Test Cases/Products/TC-Product-AddCart-001: Test Cases/Products/TC-Product-AddCart-001

2023-08-31 15:45:59 - [TEST_STEP][PASSED] - callTestCase(findTestCase("Products/TC-Product-Show-001"), [:], STOP_ON_FAILURE): Call Test Case 'Test Cases/Products/TC-Product-Show-001' successfully

2023-08-31 15:45:59 - [TEST_CASE][PASSED] - Test Cases/Products/TC-Product-Show-001: Test Cases/Products/TC-Product-Show-001

2023-08-31 15:45:59 - [TEST_STEP][PASSED] - callTestCase(findTestCase("Login/TC-Login-Success-001"), [:], STOP_ON_FAILURE): Call Test Case 'Test Cases/Login/TC-Login-Success-001' successfully

2023-08-31 15:45:59 - [TEST_CASE][PASSED] - Test Cases/Login/TC-Login-Success-001: Test Cases/Login/TC-Login-Success-001

2023-08-31 15:45:59 - [TEST_STEP][PASSED] - openBrowser(URL): Browser is opened with url: 'https://www.saucedemo.com/inventory.html'

2023-08-31 15:45:59 - [MESSAGE][WARNING] - A browser is already opened. Closing browser and opening a new one

2023-08-31 15:46:00 - [MESSAGE][INFO] - Starting 'Edge Chromium' driver

2023-08-31 15:46:03 - [MESSAGE][INFO] - Action delay is set to 0 milliseconds

2023-08-31 15:46:06 - [MESSAGE][PASSED] - Browser is opened with url: 'https://www.saucedemo.com/inventory.html'

2023-08-31 15:46:06 - [TEST_STEP][PASSED] - verifyElementPresent(findTestObject("Login/Verifikasi home page"), 0): Object 'Object Repository/Login/Verifikasi home page' is present

2023-08-31 15:46:06 - [MESSAGE][WARNING] - Timeout '0' is invalid. Using default page load timeout: '30'

2023-08-31 15:46:06 - [MESSAGE][PASSED] - Object 'Object Repository/Login/Verifikasi home page' is present

2023-08-31 15:46:06 - [TEST_STEP][PASSED] - setText(findTestObject("Login/Input Username"), username): Text 'standard_user' is set on object 'Object Repository/Login/Input Username'

2023-08-31 15:46:07 - [MESSAGE][PASSED] - Text 'standard_user' is set on object 'Object Repository/Login/Input Username'

2023-08-31 15:46:07 - [TEST_STEP][PASSED] - setEncryptedText(findTestObject("Login/input_Password"), password): Text ****** has been set on object 'Object Repository/Login/input_Password'

2023-08-31 15:46:08 - [MESSAGE][PASSED] - Text ****** has been set on object 'Object Repository/Login/input_Password'

2023-08-31 15:46:08 - [TEST_STEP][PASSED] - click(findTestObject("Login/Login Button")): Object: 'Object Repository/Login/Login Button' is clicked on

2023-08-31 15:46:08 - [MESSAGE][PASSED] - Object: 'Object Repository/Login/Login Button' is clicked on

2023-08-31 15:46:08 - [TEST_STEP][PASSED] - verifyElementPresent(findTestObject("Login/Verifikasi swag labs"), 0): Object 'Object Repository/Login/Verifikasi swag labs' is present

2023-08-31 15:46:08 - [MESSAGE][WARNING] - Timeout '0' is invalid. Using default page load timeout: '30'

2023-08-31 15:46:09 - [MESSAGE][PASSED] - Object 'Object Repository/Login/Verifikasi swag labs' is present

2023-08-31 15:46:09 - [MESSAGE][PASSED] - Call Test Case 'Test Cases/Login/TC-Login-Success-001' successfully

2023-08-31 15:46:09 - [MESSAGE][PASSED] - Call Test Case 'Test Cases/Products/TC-Product-Show-001' successfully

2023-08-31 15:46:09 - [TEST_STEP][PASSED] - click(findTestObject("Product/button_Add to cart_Pertama")): Object: 'Object Repository/Product/button_Add to cart_Pertama' is clicked on

2023-08-31 15:46:09 - [MESSAGE][PASSED] - Object: 'Object Repository/Product/button_Add to cart_Pertama' is clicked on

2023-08-31 15:46:09 - [TEST_STEP][PASSED] - namaproduct1_homepage = getText(findTestObject("Product/nama_product1_homepage")): Text of object 'Object Repository/Product/nama_product1_homepage' is: 'Sauce Labs Backpack'

2023-08-31 15:46:10 - [MESSAGE][PASSED] - Text of object 'Object Repository/Product/nama_product1_homepage' is: 'Sauce Labs Backpack'

2023-08-31 15:46:10 - [TEST_STEP][PASSED] - deskripsiproduct1_homepage = getText(findTestObject("Product/deskripsi_product1_homepage")): Text of object 'Object Repository/Product/deskripsi_product1_homepage' is: 'carry.allTheThings() with the sleek, streamlined Sly Pack that melds uncompromising style with unequaled laptop and tablet protection.'

2023-08-31 15:46:10 - [MESSAGE][PASSED] - Text of object 'Object Repository/Product/deskripsi_product1_homepage' is: 'carry.allTheThings() with the sleek, streamlined Sly Pack that melds uncompromising style with unequaled laptop and tablet protection.'

2023-08-31 15:46:10 - [TEST_STEP][PASSED] - hargaproduct1_homepage = getText(findTestObject("Product/harga_produk1_homepage")): Text of object 'Object Repository/Product/harga_produk1_homepage' is: '$29.99'

2023-08-31 15:46:11 - [MESSAGE][PASSED] - Text of object 'Object Repository/Product/harga_produk1_homepage' is: '$29.99'

2023-08-31 15:46:11 - [TEST_STEP][PASSED] - verifyElementNotPresent(findTestObject("Product/button_Add to cart_Pertama"), 0): Web element with id: 'Object Repository/Product/button_Add to cart_Pertama' located by 'By.xpath: //button[@id='add-to-cart-sauce-labs-backpack']' is not present after '30' second(s)

2023-08-31 15:46:11 - [MESSAGE][WARNING] - Timeout '0' is invalid. Using default page load timeout: '30'

2023-08-31 15:46:11 - [MESSAGE][PASSED] - Web element with id: 'Object Repository/Product/button_Add to cart_Pertama' located by 'By.xpath: //button[@id='add-to-cart-sauce-labs-backpack']' is not present after '30' second(s)

2023-08-31 15:46:11 - [TEST_STEP][PASSED] - verifyElementPresent(findTestObject("Product/tambahproduct"), 0): Object 'Object Repository/Product/tambahproduct' is present

2023-08-31 15:46:11 - [MESSAGE][WARNING] - Timeout '0' is invalid. Using default page load timeout: '30'

2023-08-31 15:46:11 - [MESSAGE][PASSED] - Object 'Object Repository/Product/tambahproduct' is present

2023-08-31 15:46:11 - [TEST_STEP][PASSED] - data = new java.util.HashMap(): null

2023-08-31 15:46:11 - [TEST_STEP][PASSED] - data.put("nama1_home", namaproduct1_homepage): null

2023-08-31 15:46:11 - [TEST_STEP][PASSED] - data.put("deskripsi1_home", deskripsiproduct1_homepage): null

2023-08-31 15:46:11 - [TEST_STEP][PASSED] - data.put("harga1_home", hargaproduct1_homepage): null

2023-08-31 15:46:11 - [TEST_STEP][PASSED] - return data: null

2023-08-31 15:46:11 - [MESSAGE][PASSED] - Call Test Case 'Test Cases/Products/TC-Product-AddCart-001' successfully

2023-08-31 15:46:11 - [TEST_STEP][PASSED] - click(findTestObject("Product/tambahproduct")): Object: 'Object Repository/Product/tambahproduct' is clicked on

2023-08-31 15:46:12 - [MESSAGE][PASSED] - Object: 'Object Repository/Product/tambahproduct' is clicked on

2023-08-31 15:46:12 - [TEST_STEP][PASSED] - nama1_home = data.get("nama1_home"): null

2023-08-31 15:46:12 - [TEST_STEP][PASSED] - deskripsi1_home = data.get("deskripsi1_home"): null

2023-08-31 15:46:12 - [TEST_STEP][PASSED] - harga1_home = data.get("harga1_home"): null

2023-08-31 15:46:12 - [TEST_STEP][PASSED] - nama1_cart = getText(findTestObject("Cart/nama1_cart")): Text of object 'Object Repository/Cart/nama1_cart' is: 'Sauce Labs Backpack'

2023-08-31 15:46:12 - [MESSAGE][PASSED] - Text of object 'Object Repository/Cart/nama1_cart' is: 'Sauce Labs Backpack'

2023-08-31 15:46:12 - [TEST_STEP][PASSED] - deskripsi1_cart = getText(findTestObject("Cart/deskripsi1_cart")): Text of object 'Object Repository/Cart/deskripsi1_cart' is: 'carry.allTheThings() with the sleek, streamlined Sly Pack that melds uncompromising style with unequaled laptop and tablet protection.'

2023-08-31 15:46:13 - [MESSAGE][PASSED] - Text of object 'Object Repository/Cart/deskripsi1_cart' is: 'carry.allTheThings() with the sleek, streamlined Sly Pack that melds uncompromising style with unequaled laptop and tablet protection.'

2023-08-31 15:46:13 - [TEST_STEP][PASSED] - harga1_cart = getText(findTestObject("Cart/price1_cart")): Text of object 'Object Repository/Cart/price1_cart' is: '$29.99'

2023-08-31 15:46:13 - [MESSAGE][PASSED] - Text of object 'Object Repository/Cart/price1_cart' is: '$29.99'

2023-08-31 15:46:13 - [TEST_STEP][PASSED] - verifyMatch(nama1_cart, nama1_home, false): Actual text 'Sauce Labs Backpack' and expected text 'Sauce Labs Backpack' are matched 

2023-08-31 15:46:13 - [MESSAGE][PASSED] - Actual text 'Sauce Labs Backpack' and expected text 'Sauce Labs Backpack' are matched 

2023-08-31 15:46:13 - [TEST_STEP][PASSED] - verifyMatch(deskripsi1_cart, deskripsi1_home, false): Actual text 'carry.allTheThings() with the sleek, streamlined Sly Pack that melds uncompromising style with unequaled laptop and tablet protection.' and expected text 'carry.allTheThings() with the sleek, streamlined Sly Pack that melds uncompromising style with unequaled laptop and tablet protection.' are matched 

2023-08-31 15:46:13 - [MESSAGE][PASSED] - Actual text 'carry.allTheThings() with the sleek, streamlined Sly Pack that melds uncompromising style with unequaled laptop and tablet protection.' and expected text 'carry.allTheThings() with the sleek, streamlined Sly Pack that melds uncompromising style with unequaled laptop and tablet protection.' are matched 

2023-08-31 15:46:13 - [TEST_STEP][PASSED] - verifyMatch(harga1_cart, harga1_home, false): Actual text '$29.99' and expected text '$29.99' are matched 

2023-08-31 15:46:13 - [MESSAGE][PASSED] - Actual text '$29.99' and expected text '$29.99' are matched 

2023-08-31 15:46:13 - [TEST_STEP][PASSED] - return data: null

2023-08-31 15:46:13 - [MESSAGE][PASSED] - Call Test Case 'Test Cases/Keranjang/TC-Cart-Show-002' successfully

2023-08-31 15:46:13 - [TEST_STEP][PASSED] - click(findTestObject("Checkout/button_Checkout")): Object: 'Object Repository/Checkout/button_Checkout' is clicked on

2023-08-31 15:46:14 - [MESSAGE][PASSED] - Object: 'Object Repository/Checkout/button_Checkout' is clicked on

2023-08-31 15:46:14 - [TEST_STEP][PASSED] - setText(findTestObject("Checkout/input_Checkout Your Information_firstName"), ""): Text '' is set on object 'Object Repository/Checkout/input_Checkout Your Information_firstName'

2023-08-31 15:46:15 - [MESSAGE][PASSED] - Text '' is set on object 'Object Repository/Checkout/input_Checkout Your Information_firstName'

2023-08-31 15:46:15 - [TEST_STEP][PASSED] - setText(findTestObject("Checkout/input_Checkout Your Information_lastName"), "friskaa"): Text 'friskaa' is set on object 'Object Repository/Checkout/input_Checkout Your Information_lastName'

2023-08-31 15:46:16 - [MESSAGE][PASSED] - Text 'friskaa' is set on object 'Object Repository/Checkout/input_Checkout Your Information_lastName'

2023-08-31 15:46:16 - [TEST_STEP][PASSED] - setText(findTestObject("Checkout/input_Checkout Your Information_postalCode"), "12952"): Text '12952' is set on object 'Object Repository/Checkout/input_Checkout Your Information_postalCode'

2023-08-31 15:46:17 - [MESSAGE][PASSED] - Text '12952' is set on object 'Object Repository/Checkout/input_Checkout Your Information_postalCode'

2023-08-31 15:46:17 - [TEST_STEP][PASSED] - click(findTestObject("Checkout/button_continue")): Object: 'Object Repository/Checkout/button_continue' is clicked on

2023-08-31 15:46:17 - [MESSAGE][PASSED] - Object: 'Object Repository/Checkout/button_continue' is clicked on

2023-08-31 15:46:17 - [TEST_STEP][PASSED] - verifyElementPresent(findTestObject("Checkout/error_first name"), 0): Object 'Object Repository/Checkout/error_first name' is present

2023-08-31 15:46:17 - [MESSAGE][WARNING] - Timeout '0' is invalid. Using default page load timeout: '30'

2023-08-31 15:46:18 - [MESSAGE][PASSED] - Object 'Object Repository/Checkout/error_first name' is present]]></system-out>
         <system-err><![CDATA[]]></system-err>
      </testcase>
      <system-out><![CDATA[2023-08-31 15:31:31 - [TEST_SUITE][FAILED] - Test Suite Sauce Demo: Test Cases/Login/TC-Login-Failed-002 FAILED.
Reason:
com.kms.katalon.core.exception.StepFailedException: Verify element text of test object 'Object Repository/Login/error_Password is required' FAILED.
	at com.kms.katalon.core.webui.keyword.internal.WebUIKeywordMain.stepFailed(WebUIKeywordMain.groovy:64)
	at com.kms.katalon.core.webui.keyword.internal.WebUIKeywordMain.runKeyword(WebUIKeywordMain.groovy:26)
	at com.kms.katalon.core.webui.keyword.builtin.VerifyElementTextKeyword.verifyElementText(VerifyElementTextKeyword.groovy:72)
	at com.kms.katalon.core.webui.keyword.builtin.VerifyElementTextKeyword.execute(VerifyElementTextKeyword.groovy:40)
	at com.kms.katalon.core.keyword.internal.KeywordExecutor.executeKeywordForPlatform(KeywordExecutor.groovy:74)
	at com.kms.katalon.core.webui.keyword.WebUiBuiltInKeywords.verifyElementText(WebUiBuiltInKeywords.groovy:4749)
	at com.kms.katalon.core.webui.keyword.WebUiBuiltInKeywords$verifyElementText$5.call(Unknown Source)
	at TC-Login-Failed-002.run(TC-Login-Failed-002:26)
	at com.kms.katalon.core.main.ScriptEngine.run(ScriptEngine.java:194)
	at com.kms.katalon.core.main.ScriptEngine.runScriptAsRawText(ScriptEngine.java:119)
	at com.kms.katalon.core.main.TestCaseExecutor.runScript(TestCaseExecutor.java:448)
	at com.kms.katalon.core.main.TestCaseExecutor.doExecute(TestCaseExecutor.java:439)
	at com.kms.katalon.core.main.TestCaseExecutor.processExecutionPhase(TestCaseExecutor.java:418)
	at com.kms.katalon.core.main.TestCaseExecutor.accessMainPhase(TestCaseExecutor.java:410)
	at com.kms.katalon.core.main.TestCaseExecutor.execute(TestCaseExecutor.java:285)
	at com.kms.katalon.core.common.CommonExecutor.accessTestCaseMainPhase(CommonExecutor.java:65)
	at com.kms.katalon.core.main.TestSuiteExecutor.accessTestSuiteMainPhase(TestSuiteExecutor.java:148)
	at com.kms.katalon.core.main.TestSuiteExecutor.execute(TestSuiteExecutor.java:106)
	at com.kms.katalon.core.main.TestCaseMain.startTestSuite(TestCaseMain.java:187)
	at com.kms.katalon.core.main.TestCaseMain$startTestSuite$0.call(Unknown Source)
	at TempTestSuite1693470683054.run(TempTestSuite1693470683054.groovy:36)
Caused by: com.kms.katalon.core.exception.StepFailedException: Actual text 'Epic sadface: Password is required' and expected text 'Login failed! Please ensure the password are valid.' of test object 'Object Repository/Login/error_Password is required' are NOT matched.
	at com.kms.katalon.core.webui.keyword.internal.WebUIKeywordMain.stepFailed(WebUIKeywordMain.groovy:64)
	at com.kms.katalon.core.webui.keyword.builtin.VerifyElementTextKeyword$_verifyElementText_closure1.doCall(VerifyElementTextKeyword.groovy:57)
	at com.kms.katalon.core.webui.keyword.builtin.VerifyElementTextKeyword$_verifyElementText_closure1.call(VerifyElementTextKeyword.groovy)
	at com.kms.katalon.core.webui.keyword.internal.WebUIKeywordMain.runKeyword(WebUIKeywordMain.groovy:20)
	... 19 more]]></system-out>
      <system-err><![CDATA[2023-08-31 15:31:31 - [TEST_SUITE][FAILED] - Test Suite Sauce Demo: Test Cases/Login/TC-Login-Failed-002 FAILED.
Reason:
com.kms.katalon.core.exception.StepFailedException: Verify element text of test object 'Object Repository/Login/error_Password is required' FAILED.
	at com.kms.katalon.core.webui.keyword.internal.WebUIKeywordMain.stepFailed(WebUIKeywordMain.groovy:64)
	at com.kms.katalon.core.webui.keyword.internal.WebUIKeywordMain.runKeyword(WebUIKeywordMain.groovy:26)
	at com.kms.katalon.core.webui.keyword.builtin.VerifyElementTextKeyword.verifyElementText(VerifyElementTextKeyword.groovy:72)
	at com.kms.katalon.core.webui.keyword.builtin.VerifyElementTextKeyword.execute(VerifyElementTextKeyword.groovy:40)
	at com.kms.katalon.core.keyword.internal.KeywordExecutor.executeKeywordForPlatform(KeywordExecutor.groovy:74)
	at com.kms.katalon.core.webui.keyword.WebUiBuiltInKeywords.verifyElementText(WebUiBuiltInKeywords.groovy:4749)
	at com.kms.katalon.core.webui.keyword.WebUiBuiltInKeywords$verifyElementText$5.call(Unknown Source)
	at TC-Login-Failed-002.run(TC-Login-Failed-002:26)
	at com.kms.katalon.core.main.ScriptEngine.run(ScriptEngine.java:194)
	at com.kms.katalon.core.main.ScriptEngine.runScriptAsRawText(ScriptEngine.java:119)
	at com.kms.katalon.core.main.TestCaseExecutor.runScript(TestCaseExecutor.java:448)
	at com.kms.katalon.core.main.TestCaseExecutor.doExecute(TestCaseExecutor.java:439)
	at com.kms.katalon.core.main.TestCaseExecutor.processExecutionPhase(TestCaseExecutor.java:418)
	at com.kms.katalon.core.main.TestCaseExecutor.accessMainPhase(TestCaseExecutor.java:410)
	at com.kms.katalon.core.main.TestCaseExecutor.execute(TestCaseExecutor.java:285)
	at com.kms.katalon.core.common.CommonExecutor.accessTestCaseMainPhase(CommonExecutor.java:65)
	at com.kms.katalon.core.main.TestSuiteExecutor.accessTestSuiteMainPhase(TestSuiteExecutor.java:148)
	at com.kms.katalon.core.main.TestSuiteExecutor.execute(TestSuiteExecutor.java:106)
	at com.kms.katalon.core.main.TestCaseMain.startTestSuite(TestCaseMain.java:187)
	at com.kms.katalon.core.main.TestCaseMain$startTestSuite$0.call(Unknown Source)
	at TempTestSuite1693470683054.run(TempTestSuite1693470683054.groovy:36)
Caused by: com.kms.katalon.core.exception.StepFailedException: Actual text 'Epic sadface: Password is required' and expected text 'Login failed! Please ensure the password are valid.' of test object 'Object Repository/Login/error_Password is required' are NOT matched.
	at com.kms.katalon.core.webui.keyword.internal.WebUIKeywordMain.stepFailed(WebUIKeywordMain.groovy:64)
	at com.kms.katalon.core.webui.keyword.builtin.VerifyElementTextKeyword$_verifyElementText_closure1.doCall(VerifyElementTextKeyword.groovy:57)
	at com.kms.katalon.core.webui.keyword.builtin.VerifyElementTextKeyword$_verifyElementText_closure1.call(VerifyElementTextKeyword.groovy)
	at com.kms.katalon.core.webui.keyword.internal.WebUIKeywordMain.runKeyword(WebUIKeywordMain.groovy:20)
	... 19 more]]></system-err>
   </testsuite>
</testsuites>
