# JRE version: OpenJDK Runtime Environment (Zulu 8.68.0.21-CA-win64) (8.0_362-b09) (build 1.8.0_362-b09)
# Java VM: OpenJDK 64-Bit Server VM (25.362-b09 mixed mode windows-amd64 compressed oops)
Heap:
 PSYoungGen      total 292352K, used 266208K [0x00000000d5580000, 0x00000000e7e80000, 0x0000000100000000)
  eden space 282624K, 90% used [0x00000000d5580000,0x00000000e50382f0,0x00000000e6980000)
  from space 9728K, 97% used [0x00000000e7480000,0x00000000e7dc0000,0x00000000e7e00000)
  to   space 10752K, 0% used [0x00000000e6980000,0x00000000e6980000,0x00000000e7400000)
 ParOldGen       total 81408K, used 9358K [0x0000000080000000, 0x0000000084f80000, 0x00000000d5580000)
  object space 81408K, 11% used [0x0000000080000000,0x00000000809239b0,0x0000000084f80000)
 Metaspace       used 33229K, capacity 34452K, committed 34688K, reserved 1079296K
  class space    used 3858K, capacity 4190K, committed 4224K, reserved 1048576K
GC Heap History (10 events):
Event: 3.511 GC heap before
{Heap before GC invocations=7 (full 1):
 PSYoungGen      total 104960K, used 97280K [0x00000000d5580000, 0x00000000e2780000, 0x0000000100000000)
  eden space 97280K, 100% used [0x00000000d5580000,0x00000000db480000,0x00000000db480000)
  from space 7680K, 0% used [0x00000000db480000,0x00000000db480000,0x00000000dbc00000)
  to   space 10240K, 0% used [0x00000000e1d80000,0x00000000e1d80000,0x00000000e2780000)
 ParOldGen       total 81408K, used 9342K [0x0000000080000000, 0x0000000084f80000, 0x00000000d5580000)
  object space 81408K, 11% used [0x0000000080000000,0x000000008091f9b0,0x0000000084f80000)
 Metaspace       used 22847K, capacity 23234K, committed 23424K, reserved 1071104K
  class space    used 2513K, capacity 2650K, committed 2688K, reserved 1048576K
Event: 3.514 GC heap after
Heap after GC invocations=7 (full 1):
 PSYoungGen      total 150528K, used 3125K [0x00000000d5580000, 0x00000000e2100000, 0x0000000100000000)
  eden space 146944K, 0% used [0x00000000d5580000,0x00000000d5580000,0x00000000de500000)
  from space 3584K, 87% used [0x00000000e1d80000,0x00000000e208d5d8,0x00000000e2100000)
  to   space 10752K, 0% used [0x00000000e0c00000,0x00000000e0c00000,0x00000000e1680000)
 ParOldGen       total 81408K, used 9350K [0x0000000080000000, 0x0000000084f80000, 0x00000000d5580000)
  object space 81408K, 11% used [0x0000000080000000,0x00000000809219b0,0x0000000084f80000)
 Metaspace       used 22847K, capacity 23234K, committed 23424K, reserved 1071104K
  class space    used 2513K, capacity 2650K, committed 2688K, reserved 1048576K
}
Event: 4.078 GC heap before
{Heap before GC invocations=8 (full 1):
 PSYoungGen      total 150528K, used 150069K [0x00000000d5580000, 0x00000000e2100000, 0x0000000100000000)
  eden space 146944K, 100% used [0x00000000d5580000,0x00000000de500000,0x00000000de500000)
  from space 3584K, 87% used [0x00000000e1d80000,0x00000000e208d5d8,0x00000000e2100000)
  to   space 10752K, 0% used [0x00000000e0c00000,0x00000000e0c00000,0x00000000e1680000)
 ParOldGen       total 81408K, used 9350K [0x0000000080000000, 0x0000000084f80000, 0x00000000d5580000)
  object space 81408K, 11% used [0x0000000080000000,0x00000000809219b0,0x0000000084f80000)
 Metaspace       used 23473K, capacity 23844K, committed 24064K, reserved 1071104K
  class space    used 2582K, capacity 2724K, committed 2816K, reserved 1048576K
Event: 4.086 GC heap after
Heap after GC invocations=8 (full 1):
 PSYoungGen      total 197632K, used 6736K [0x00000000d5580000, 0x00000000e4280000, 0x0000000100000000)
  eden space 186880K, 0% used [0x00000000d5580000,0x00000000d5580000,0x00000000e0c00000)
  from space 10752K, 62% used [0x00000000e0c00000,0x00000000e1294010,0x00000000e1680000)
  to   space 10240K, 0% used [0x00000000e3880000,0x00000000e3880000,0x00000000e4280000)
 ParOldGen       total 81408K, used 9350K [0x0000000080000000, 0x0000000084f80000, 0x00000000d5580000)
  object space 81408K, 11% used [0x0000000080000000,0x00000000809219b0,0x0000000084f80000)
 Metaspace       used 23473K, capacity 23844K, committed 24064K, reserved 1071104K
  class space    used 2582K, capacity 2724K, committed 2816K, reserved 1048576K
}
Event: 4.914 GC heap before
{Heap before GC invocations=9 (full 1):
 PSYoungGen      total 197632K, used 193616K [0x00000000d5580000, 0x00000000e4280000, 0x0000000100000000)
  eden space 186880K, 100% used [0x00000000d5580000,0x00000000e0c00000,0x00000000e0c00000)
  from space 10752K, 62% used [0x00000000e0c00000,0x00000000e1294010,0x00000000e1680000)
  to   space 10240K, 0% used [0x00000000e3880000,0x00000000e3880000,0x00000000e4280000)
 ParOldGen       total 81408K, used 9350K [0x0000000080000000, 0x0000000084f80000, 0x00000000d5580000)
  object space 81408K, 11% used [0x0000000080000000,0x00000000809219b0,0x0000000084f80000)
 Metaspace       used 23785K, capacity 24240K, committed 24576K, reserved 1071104K
  class space    used 2585K, capacity 2728K, committed 2816K, reserved 1048576K
Event: 4.924 GC heap after
Heap after GC invocations=9 (full 1):
 PSYoungGen      total 232448K, used 6704K [0x00000000d5580000, 0x00000000e7a80000, 0x0000000100000000)
  eden space 222208K, 0% used [0x00000000d5580000,0x00000000d5580000,0x00000000e2e80000)
  from space 10240K, 65% used [0x00000000e3880000,0x00000000e3f0c010,0x00000000e4280000)
  to   space 10240K, 0% used [0x00000000e2e80000,0x00000000e2e80000,0x00000000e3880000)
 ParOldGen       total 81408K, used 9350K [0x0000000080000000, 0x0000000084f80000, 0x00000000d5580000)
  object space 81408K, 11% used [0x0000000080000000,0x00000000809219b0,0x0000000084f80000)
 Metaspace       used 23785K, capacity 24240K, committed 24576K, reserved 1071104K
  class space    used 2585K, capacity 2728K, committed 2816K, reserved 1048576K
}
Event: 5.683 GC heap before
{Heap before GC invocations=10 (full 1):
 PSYoungGen      total 232448K, used 228912K [0x00000000d5580000, 0x00000000e7a80000, 0x0000000100000000)
  eden space 222208K, 100% used [0x00000000d5580000,0x00000000e2e80000,0x00000000e2e80000)
  from space 10240K, 65% used [0x00000000e3880000,0x00000000e3f0c010,0x00000000e4280000)
  to   space 10240K, 0% used [0x00000000e2e80000,0x00000000e2e80000,0x00000000e3880000)
 ParOldGen       total 81408K, used 9350K [0x0000000080000000, 0x0000000084f80000, 0x00000000d5580000)
  object space 81408K, 11% used [0x0000000080000000,0x00000000809219b0,0x0000000084f80000)
 Metaspace       used 24058K, capacity 24644K, committed 24832K, reserved 1071104K
  class space    used 2590K, capacity 2732K, committed 2816K, reserved 1048576K
Event: 5.688 GC heap after
Heap after GC invocations=10 (full 1):
 PSYoungGen      total 232448K, used 6960K [0x00000000d5580000, 0x00000000e7e00000, 0x0000000100000000)
  eden space 222208K, 0% used [0x00000000d5580000,0x00000000d5580000,0x00000000e2e80000)
  from space 10240K, 67% used [0x00000000e2e80000,0x00000000e354c010,0x00000000e3880000)
  to   space 9728K, 0% used [0x00000000e7480000,0x00000000e7480000,0x00000000e7e00000)
 ParOldGen       total 81408K, used 9358K [0x0000000080000000, 0x0000000084f80000, 0x00000000d5580000)
  object space 81408K, 11% used [0x0000000080000000,0x00000000809239b0,0x0000000084f80000)
 Metaspace       used 24058K, capacity 24644K, committed 24832K, reserved 1071104K
  class space    used 2590K, capacity 2732K, committed 2816K, reserved 1048576K
}
Event: 6.707 GC heap before
{Heap before GC invocations=11 (full 1):
 PSYoungGen      total 232448K, used 229168K [0x00000000d5580000, 0x00000000e7e00000, 0x0000000100000000)
  eden space 222208K, 100% used [0x00000000d5580000,0x00000000e2e80000,0x00000000e2e80000)
  from space 10240K, 67% used [0x00000000e2e80000,0x00000000e354c010,0x00000000e3880000)
  to   space 9728K, 0% used [0x00000000e7480000,0x00000000e7480000,0x00000000e7e00000)
 ParOldGen       total 81408K, used 9358K [0x0000000080000000, 0x0000000084f80000, 0x00000000d5580000)
  object space 81408K, 11% used [0x0000000080000000,0x00000000809239b0,0x0000000084f80000)
 Metaspace       used 25588K, capacity 26208K, committed 26368K, reserved 1073152K
  class space    used 2814K, capacity 2991K, committed 3072K, reserved 1048576K
Event: 6.717 GC heap after
Heap after GC invocations=11 (full 1):
 PSYoungGen      total 292352K, used 9472K [0x00000000d5580000, 0x00000000e7e80000, 0x0000000100000000)
  eden space 282624K, 0% used [0x00000000d5580000,0x00000000d5580000,0x00000000e6980000)
  from space 9728K, 97% used [0x00000000e7480000,0x00000000e7dc0000,0x00000000e7e00000)
  to   space 10752K, 0% used [0x00000000e6980000,0x00000000e6980000,0x00000000e7400000)
 ParOldGen       total 81408K, used 9358K [0x0000000080000000, 0x0000000084f80000, 0x00000000d5580000)
  object space 81408K, 11% used [0x0000000080000000,0x00000000809239b0,0x0000000084f80000)
 Metaspace       used 25588K, capacity 26208K, committed 26368K, reserved 1073152K
  class space    used 2814K, capacity 2991K, committed 3072K, reserved 1048576K
}

