<?xml version="1.0" encoding="UTF-8"?>
<testsuites name="Test Suite Sauce Demo" time="508.712" tests="31" failures="0" errors="0">
   <testsuite name="Test Suite Sauce Demo" tests="31" failures="0" errors="0" time="508.712" skipped="0" timestamp="2023-08-31 15:12:27" hostname="Friskaa - Friska" id="Test Suites/Test Suite Sauce Demo">
      <properties>
         <property name="deviceName" value=""/>
         <property name="devicePlatform" value=""/>
         <property name="logFolder" value="D:\\Xsis\\batch-324-qa\\Friska\\Sauce Demo\\Reports\\20230831_151219\\Test Suite Sauce Demo\\20230831_151219"/>
         <property name="logFiles" value="D:\\Xsis\\batch-324-qa\\Friska\\Sauce Demo\\Reports\\20230831_151219\\Test Suite Sauce Demo\\20230831_151219\\execution0.log"/>
         <property name="attachments" value=""/>
         <property name="hostName" value="Friskaa - Friska"/>
         <property name="os" value="Windows 11 64bit"/>
         <property name="katalonVersion" value="8.6.5.208"/>
         <property name="browser" value="Edge Chromium 116"/>
         <property name="hostAddress" value="10.9.2.22"/>
         <property name="sessionId" value="384bcf8107b5cfe5a29f1efd1a9d5208"/>
         <property name="seleniumVersion" value="3.141.59"/>
         <property name="proxyInformation" value="ProxyInformation { proxyOption=NO_PROXY, proxyServerType=HTTP, username=, password=********, proxyServerAddress=, proxyServerPort=0, executionList=&quot;&quot;, isApplyToDesiredCapabilities=true }"/>
         <property name="platform" value="Windows 11"/>
      </properties>
      <testcase name="Test Cases/Login/TC-Login-Success-001" time="9.327" classname="Test Cases/Login/TC-Login-Success-001" status="PASSED">
         <system-out><![CDATA[2023-08-31 15:12:28 - [TEST_CASE][PASSED] - Test Cases/Login/TC-Login-Success-001: Test Cases/Login/TC-Login-Success-001

2023-08-31 15:12:28 - [TEST_STEP][PASSED] - openBrowser(URL): Browser is opened with url: 'https://www.saucedemo.com/inventory.html'

2023-08-31 15:12:28 - [MESSAGE][INFO] - Starting 'Edge Chromium' driver

2023-08-31 15:12:31 - [MESSAGE][INFO] - Action delay is set to 0 milliseconds

2023-08-31 15:12:34 - [MESSAGE][PASSED] - Browser is opened with url: 'https://www.saucedemo.com/inventory.html'

2023-08-31 15:12:34 - [TEST_STEP][PASSED] - verifyElementPresent(findTestObject("Login/Verifikasi home page"), 0): Object 'Object Repository/Login/Verifikasi home page' is present

2023-08-31 15:12:34 - [MESSAGE][WARNING] - Timeout '0' is invalid. Using default page load timeout: '30'

2023-08-31 15:12:35 - [MESSAGE][PASSED] - Object 'Object Repository/Login/Verifikasi home page' is present

2023-08-31 15:12:35 - [TEST_STEP][PASSED] - setText(findTestObject("Login/Input Username"), username): Text 'standard_user' is set on object 'Object Repository/Login/Input Username'

2023-08-31 15:12:35 - [MESSAGE][PASSED] - Text 'standard_user' is set on object 'Object Repository/Login/Input Username'

2023-08-31 15:12:35 - [TEST_STEP][PASSED] - setEncryptedText(findTestObject("Login/input_Password"), password): Text ****** has been set on object 'Object Repository/Login/input_Password'

2023-08-31 15:12:36 - [MESSAGE][PASSED] - Text ****** has been set on object 'Object Repository/Login/input_Password'

2023-08-31 15:12:36 - [TEST_STEP][PASSED] - click(findTestObject("Login/Login Button")): Object: 'Object Repository/Login/Login Button' is clicked on

2023-08-31 15:12:36 - [MESSAGE][PASSED] - Object: 'Object Repository/Login/Login Button' is clicked on

2023-08-31 15:12:36 - [TEST_STEP][PASSED] - verifyElementPresent(findTestObject("Login/Verifikasi swag labs"), 0): Object 'Object Repository/Login/Verifikasi swag labs' is present

2023-08-31 15:12:37 - [MESSAGE][WARNING] - Timeout '0' is invalid. Using default page load timeout: '30'

2023-08-31 15:12:37 - [MESSAGE][PASSED] - Object 'Object Repository/Login/Verifikasi swag labs' is present]]></system-out>
         <system-err><![CDATA[]]></system-err>
      </testcase>
      <testcase name="Test Cases/Login/TC-Login-Locked-001" time="16.124" classname="Test Cases/Login/TC-Login-Locked-001" status="PASSED">
         <system-out><![CDATA[2023-08-31 15:12:37 - [TEST_CASE][PASSED] - Test Cases/Login/TC-Login-Locked-001: Test Cases/Login/TC-Login-Locked-001

2023-08-31 15:12:37 - [TEST_STEP][PASSED] - openBrowser(URL): Browser is opened with url: 'https://www.saucedemo.com/inventory.html'

2023-08-31 15:12:37 - [MESSAGE][WARNING] - A browser is already opened. Closing browser and opening a new one

2023-08-31 15:12:38 - [MESSAGE][INFO] - Starting 'Edge Chromium' driver

2023-08-31 15:12:40 - [MESSAGE][INFO] - Action delay is set to 0 milliseconds

2023-08-31 15:12:45 - [MESSAGE][PASSED] - Browser is opened with url: 'https://www.saucedemo.com/inventory.html'

2023-08-31 15:12:45 - [TEST_STEP][PASSED] - verifyElementPresent(findTestObject("Login/Verifikasi home page"), 0): Object 'Object Repository/Login/Verifikasi home page' is present

2023-08-31 15:12:45 - [MESSAGE][WARNING] - Timeout '0' is invalid. Using default page load timeout: '30'

2023-08-31 15:12:45 - [MESSAGE][PASSED] - Object 'Object Repository/Login/Verifikasi home page' is present

2023-08-31 15:12:45 - [TEST_STEP][PASSED] - setText(findTestObject("Login/Input Username"), usernamelock): Text 'locked_out_user' is set on object 'Object Repository/Login/Input Username'

2023-08-31 15:12:46 - [MESSAGE][PASSED] - Text 'locked_out_user' is set on object 'Object Repository/Login/Input Username'

2023-08-31 15:12:46 - [TEST_STEP][PASSED] - setEncryptedText(findTestObject("Login/input_Password"), password): Text ****** has been set on object 'Object Repository/Login/input_Password'

2023-08-31 15:12:46 - [MESSAGE][PASSED] - Text ****** has been set on object 'Object Repository/Login/input_Password'

2023-08-31 15:12:46 - [TEST_STEP][PASSED] - click(findTestObject("Login/Login Button")): Object: 'Object Repository/Login/Login Button' is clicked on

2023-08-31 15:12:47 - [MESSAGE][PASSED] - Object: 'Object Repository/Login/Login Button' is clicked on

2023-08-31 15:12:47 - [TEST_STEP][PASSED] - verifyElementPresent(findTestObject("Login/ErrorMessage_Lockedout"), 0): Object 'Object Repository/Login/ErrorMessage_Lockedout' is present

2023-08-31 15:12:47 - [MESSAGE][WARNING] - Timeout '0' is invalid. Using default page load timeout: '30'

2023-08-31 15:12:47 - [MESSAGE][PASSED] - Object 'Object Repository/Login/ErrorMessage_Lockedout' is present

2023-08-31 15:12:47 - [TEST_STEP][PASSED] - delay(5): Delayed 5 second(s)

2023-08-31 15:12:52 - [MESSAGE][PASSED] - Delayed 5 second(s)

2023-08-31 15:12:52 - [TEST_STEP][PASSED] - closeBrowser(): Browser is closed

2023-08-31 15:12:53 - [MESSAGE][PASSED] - Browser is closed]]></system-out>
         <system-err><![CDATA[]]></system-err>
      </testcase>
      <testcase name="Test Cases/Login/TC-Login-Failed-004" time="16.275" classname="Test Cases/Login/TC-Login-Failed-004" status="PASSED">
         <system-out><![CDATA[2023-08-31 15:12:53 - [TEST_CASE][PASSED] - Test Cases/Login/TC-Login-Failed-004: Test Cases/Login/TC-Login-Failed-004

2023-08-31 15:12:53 - [TEST_STEP][PASSED] - openBrowser(URL): Browser is opened with url: 'https://www.saucedemo.com/inventory.html'

2023-08-31 15:12:53 - [MESSAGE][INFO] - Starting 'Edge Chromium' driver

2023-08-31 15:12:56 - [MESSAGE][INFO] - Action delay is set to 0 milliseconds

2023-08-31 15:13:01 - [MESSAGE][PASSED] - Browser is opened with url: 'https://www.saucedemo.com/inventory.html'

2023-08-31 15:13:01 - [TEST_STEP][PASSED] - setText(findTestObject("Login/Input Username"), ""): Text '' is set on object 'Object Repository/Login/Input Username'

2023-08-31 15:13:02 - [MESSAGE][PASSED] - Text '' is set on object 'Object Repository/Login/Input Username'

2023-08-31 15:13:02 - [TEST_STEP][PASSED] - setText(findTestObject("Login/input_Password"), ""): Text '' is set on object 'Object Repository/Login/input_Password'

2023-08-31 15:13:03 - [MESSAGE][PASSED] - Text '' is set on object 'Object Repository/Login/input_Password'

2023-08-31 15:13:03 - [TEST_STEP][PASSED] - click(findTestObject("Login/Login Button")): Object: 'Object Repository/Login/Login Button' is clicked on

2023-08-31 15:13:03 - [MESSAGE][PASSED] - Object: 'Object Repository/Login/Login Button' is clicked on

2023-08-31 15:13:03 - [TEST_STEP][PASSED] - verifyElementPresent(findTestObject("Login/error_ Username is required"), 0): Object 'Object Repository/Login/error_ Username is required' is present

2023-08-31 15:13:03 - [MESSAGE][WARNING] - Timeout '0' is invalid. Using default page load timeout: '30'

2023-08-31 15:13:04 - [MESSAGE][PASSED] - Object 'Object Repository/Login/error_ Username is required' is present

2023-08-31 15:13:04 - [TEST_STEP][PASSED] - delay(5): Delayed 5 second(s)

2023-08-31 15:13:09 - [MESSAGE][PASSED] - Delayed 5 second(s)

2023-08-31 15:13:09 - [TEST_STEP][PASSED] - closeBrowser(): Browser is closed

2023-08-31 15:13:09 - [MESSAGE][PASSED] - Browser is closed]]></system-out>
         <system-err><![CDATA[]]></system-err>
      </testcase>
      <testcase name="Test Cases/Login/TC-Login-Failed-003" time="12.954" classname="Test Cases/Login/TC-Login-Failed-003" status="PASSED">
         <system-out><![CDATA[2023-08-31 15:13:09 - [TEST_CASE][PASSED] - Test Cases/Login/TC-Login-Failed-003: Test Cases/Login/TC-Login-Failed-003

2023-08-31 15:13:10 - [TEST_STEP][PASSED] - openBrowser(URL): Browser is opened with url: 'https://www.saucedemo.com/inventory.html'

2023-08-31 15:13:10 - [MESSAGE][INFO] - Starting 'Edge Chromium' driver

2023-08-31 15:13:12 - [MESSAGE][INFO] - Action delay is set to 0 milliseconds

2023-08-31 15:13:15 - [MESSAGE][PASSED] - Browser is opened with url: 'https://www.saucedemo.com/inventory.html'

2023-08-31 15:13:15 - [TEST_STEP][PASSED] - setText(findTestObject("Login/Input Username"), ""): Text '' is set on object 'Object Repository/Login/Input Username'

2023-08-31 15:13:15 - [MESSAGE][PASSED] - Text '' is set on object 'Object Repository/Login/Input Username'

2023-08-31 15:13:15 - [TEST_STEP][PASSED] - setEncryptedText(findTestObject("Login/input_Password"), password): Text ****** has been set on object 'Object Repository/Login/input_Password'

2023-08-31 15:13:16 - [MESSAGE][PASSED] - Text ****** has been set on object 'Object Repository/Login/input_Password'

2023-08-31 15:13:16 - [TEST_STEP][PASSED] - click(findTestObject("Login/Login Button")): Object: 'Object Repository/Login/Login Button' is clicked on

2023-08-31 15:13:16 - [MESSAGE][PASSED] - Object: 'Object Repository/Login/Login Button' is clicked on

2023-08-31 15:13:16 - [TEST_STEP][PASSED] - verifyElementPresent(findTestObject("Login/error_ Username is required"), 0): Object 'Object Repository/Login/error_ Username is required' is present

2023-08-31 15:13:16 - [MESSAGE][WARNING] - Timeout '0' is invalid. Using default page load timeout: '30'

2023-08-31 15:13:16 - [MESSAGE][PASSED] - Object 'Object Repository/Login/error_ Username is required' is present

2023-08-31 15:13:17 - [TEST_STEP][PASSED] - delay(5): Delayed 5 second(s)

2023-08-31 15:13:22 - [MESSAGE][PASSED] - Delayed 5 second(s)

2023-08-31 15:13:22 - [TEST_STEP][PASSED] - closeBrowser(): Browser is closed

2023-08-31 15:13:22 - [MESSAGE][PASSED] - Browser is closed]]></system-out>
         <system-err><![CDATA[]]></system-err>
      </testcase>
      <testcase name="Test Cases/Login/TC-Login-Failed-002" time="12.679" classname="Test Cases/Login/TC-Login-Failed-002" status="PASSED">
         <system-out><![CDATA[2023-08-31 15:13:22 - [TEST_CASE][PASSED] - Test Cases/Login/TC-Login-Failed-002: Test Cases/Login/TC-Login-Failed-002

2023-08-31 15:13:22 - [TEST_STEP][PASSED] - openBrowser(URL): Browser is opened with url: 'https://www.saucedemo.com/inventory.html'

2023-08-31 15:13:23 - [MESSAGE][INFO] - Starting 'Edge Chromium' driver

2023-08-31 15:13:25 - [MESSAGE][INFO] - Action delay is set to 0 milliseconds

2023-08-31 15:13:27 - [MESSAGE][PASSED] - Browser is opened with url: 'https://www.saucedemo.com/inventory.html'

2023-08-31 15:13:27 - [TEST_STEP][PASSED] - setText(findTestObject("Login/Input Username"), username): Text 'standard_user' is set on object 'Object Repository/Login/Input Username'

2023-08-31 15:13:28 - [MESSAGE][PASSED] - Text 'standard_user' is set on object 'Object Repository/Login/Input Username'

2023-08-31 15:13:28 - [TEST_STEP][PASSED] - click(findTestObject("Login/Login Button")): Object: 'Object Repository/Login/Login Button' is clicked on

2023-08-31 15:13:29 - [MESSAGE][PASSED] - Object: 'Object Repository/Login/Login Button' is clicked on

2023-08-31 15:13:29 - [TEST_STEP][PASSED] - verifyElementPresent(findTestObject("Login/error_Password is required"), 0): Object 'Object Repository/Login/error_Password is required' is present

2023-08-31 15:13:29 - [MESSAGE][WARNING] - Timeout '0' is invalid. Using default page load timeout: '30'

2023-08-31 15:13:29 - [MESSAGE][PASSED] - Object 'Object Repository/Login/error_Password is required' is present

2023-08-31 15:13:29 - [TEST_STEP][PASSED] - delay(5): Delayed 5 second(s)

2023-08-31 15:13:34 - [MESSAGE][PASSED] - Delayed 5 second(s)

2023-08-31 15:13:34 - [TEST_STEP][PASSED] - closeBrowser(): Browser is closed

2023-08-31 15:13:35 - [MESSAGE][PASSED] - Browser is closed]]></system-out>
         <system-err><![CDATA[]]></system-err>
      </testcase>
      <testcase name="Test Cases/Login/TC-Login-Failed-001" time="7.801" classname="Test Cases/Login/TC-Login-Failed-001" status="PASSED">
         <system-out><![CDATA[2023-08-31 15:13:35 - [TEST_CASE][PASSED] - Test Cases/Login/TC-Login-Failed-001: Test Cases/Login/TC-Login-Failed-001

2023-08-31 15:13:35 - [TEST_STEP][PASSED] - openBrowser(URL): Browser is opened with url: 'https://www.saucedemo.com/inventory.html'

2023-08-31 15:13:35 - [MESSAGE][INFO] - Starting 'Edge Chromium' driver

2023-08-31 15:13:37 - [MESSAGE][INFO] - Action delay is set to 0 milliseconds

2023-08-31 15:13:40 - [MESSAGE][PASSED] - Browser is opened with url: 'https://www.saucedemo.com/inventory.html'

2023-08-31 15:13:40 - [TEST_STEP][PASSED] - verifyElementPresent(findTestObject("Login/Verifikasi home page"), 0): Object 'Object Repository/Login/Verifikasi home page' is present

2023-08-31 15:13:40 - [MESSAGE][WARNING] - Timeout '0' is invalid. Using default page load timeout: '30'

2023-08-31 15:13:40 - [MESSAGE][PASSED] - Object 'Object Repository/Login/Verifikasi home page' is present

2023-08-31 15:13:40 - [TEST_STEP][PASSED] - setText(findTestObject("Login/Input Username"), "dianty"): Text 'dianty' is set on object 'Object Repository/Login/Input Username'

2023-08-31 15:13:41 - [MESSAGE][PASSED] - Text 'dianty' is set on object 'Object Repository/Login/Input Username'

2023-08-31 15:13:41 - [TEST_STEP][PASSED] - setText(findTestObject("Login/input_Password"), "hello99"): Text 'hello99' is set on object 'Object Repository/Login/input_Password'

2023-08-31 15:13:42 - [MESSAGE][PASSED] - Text 'hello99' is set on object 'Object Repository/Login/input_Password'

2023-08-31 15:13:42 - [TEST_STEP][PASSED] - click(findTestObject("Login/Login Button")): Object: 'Object Repository/Login/Login Button' is clicked on

2023-08-31 15:13:42 - [MESSAGE][PASSED] - Object: 'Object Repository/Login/Login Button' is clicked on

2023-08-31 15:13:42 - [TEST_STEP][PASSED] - verifyElementPresent(findTestObject("Login/error_do not match"), 0): Object 'Object Repository/Login/error_do not match' is present

2023-08-31 15:13:42 - [MESSAGE][WARNING] - Timeout '0' is invalid. Using default page load timeout: '30'

2023-08-31 15:13:43 - [MESSAGE][PASSED] - Object 'Object Repository/Login/error_do not match' is present]]></system-out>
         <system-err><![CDATA[]]></system-err>
      </testcase>
      <testcase name="Test Cases/Products/TC-Product-Sort-004" time="11.981" classname="Test Cases/Products/TC-Product-Sort-004" status="PASSED">
         <system-out><![CDATA[2023-08-31 15:13:43 - [TEST_CASE][PASSED] - Test Cases/Products/TC-Product-Sort-004: Test Cases/Products/TC-Product-Sort-004

2023-08-31 15:13:43 - [TEST_STEP][PASSED] - callTestCase(findTestCase("Products/TC-Product-Show-001"), [:], STOP_ON_FAILURE): Call Test Case 'Test Cases/Products/TC-Product-Show-001' successfully

2023-08-31 15:13:43 - [TEST_CASE][PASSED] - Test Cases/Products/TC-Product-Show-001: Test Cases/Products/TC-Product-Show-001

2023-08-31 15:13:43 - [TEST_STEP][PASSED] - callTestCase(findTestCase("Login/TC-Login-Success-001"), [:], STOP_ON_FAILURE): Call Test Case 'Test Cases/Login/TC-Login-Success-001' successfully

2023-08-31 15:13:43 - [TEST_CASE][PASSED] - Test Cases/Login/TC-Login-Success-001: Test Cases/Login/TC-Login-Success-001

2023-08-31 15:13:43 - [TEST_STEP][PASSED] - openBrowser(URL): Browser is opened with url: 'https://www.saucedemo.com/inventory.html'

2023-08-31 15:13:43 - [MESSAGE][WARNING] - A browser is already opened. Closing browser and opening a new one

2023-08-31 15:13:44 - [MESSAGE][INFO] - Starting 'Edge Chromium' driver

2023-08-31 15:13:46 - [MESSAGE][INFO] - Action delay is set to 0 milliseconds

2023-08-31 15:13:50 - [MESSAGE][PASSED] - Browser is opened with url: 'https://www.saucedemo.com/inventory.html'

2023-08-31 15:13:50 - [TEST_STEP][PASSED] - verifyElementPresent(findTestObject("Login/Verifikasi home page"), 0): Object 'Object Repository/Login/Verifikasi home page' is present

2023-08-31 15:13:50 - [MESSAGE][WARNING] - Timeout '0' is invalid. Using default page load timeout: '30'

2023-08-31 15:13:50 - [MESSAGE][PASSED] - Object 'Object Repository/Login/Verifikasi home page' is present

2023-08-31 15:13:50 - [TEST_STEP][PASSED] - setText(findTestObject("Login/Input Username"), username): Text 'standard_user' is set on object 'Object Repository/Login/Input Username'

2023-08-31 15:13:51 - [MESSAGE][PASSED] - Text 'standard_user' is set on object 'Object Repository/Login/Input Username'

2023-08-31 15:13:51 - [TEST_STEP][PASSED] - setEncryptedText(findTestObject("Login/input_Password"), password): Text ****** has been set on object 'Object Repository/Login/input_Password'

2023-08-31 15:13:52 - [MESSAGE][PASSED] - Text ****** has been set on object 'Object Repository/Login/input_Password'

2023-08-31 15:13:52 - [TEST_STEP][PASSED] - click(findTestObject("Login/Login Button")): Object: 'Object Repository/Login/Login Button' is clicked on

2023-08-31 15:13:53 - [MESSAGE][PASSED] - Object: 'Object Repository/Login/Login Button' is clicked on

2023-08-31 15:13:53 - [TEST_STEP][PASSED] - verifyElementPresent(findTestObject("Login/Verifikasi swag labs"), 0): Object 'Object Repository/Login/Verifikasi swag labs' is present

2023-08-31 15:13:53 - [MESSAGE][WARNING] - Timeout '0' is invalid. Using default page load timeout: '30'

2023-08-31 15:13:53 - [MESSAGE][PASSED] - Object 'Object Repository/Login/Verifikasi swag labs' is present

2023-08-31 15:13:53 - [MESSAGE][PASSED] - Call Test Case 'Test Cases/Login/TC-Login-Success-001' successfully

2023-08-31 15:13:53 - [MESSAGE][PASSED] - Call Test Case 'Test Cases/Products/TC-Product-Show-001' successfully

2023-08-31 15:13:53 - [TEST_STEP][PASSED] - selectOptionByValue(findTestObject("Product/Dropdown Sort"), "hilo", false): All options with value 'hilo' are selected in object 'Object Repository/Product/Dropdown Sort' 

2023-08-31 15:13:54 - [MESSAGE][PASSED] - All options with value 'hilo' are selected in object 'Object Repository/Product/Dropdown Sort' 

2023-08-31 15:13:54 - [TEST_STEP][PASSED] - dataList = findWebElements(findTestObject("Object Repository/Product/price list"), 10): null

2023-08-31 15:13:55 - [TEST_STEP][PASSED] - arrPriceOri = []: null

2023-08-31 15:13:55 - [TEST_STEP][PASSED] - arrPriceSort = []: null

2023-08-31 15:13:55 - [TEST_STEP][PASSED] - for ([i = 0, i < dataList.size(), (i++)]): null

2023-08-31 15:13:55 - [TEST_STEP][PASSED] - text = text.replace("$", ""): null

2023-08-31 15:13:55 - [TEST_STEP][PASSED] - d = Double.valueOf(text): null

2023-08-31 15:13:55 - [TEST_STEP][PASSED] - arrPriceOri[i] = d: null

2023-08-31 15:13:55 - [TEST_STEP][PASSED] - arrPriceSort[i] = d: null

2023-08-31 15:13:55 - [TEST_STEP][PASSED] - text = text.replace("$", ""): null

2023-08-31 15:13:55 - [TEST_STEP][PASSED] - d = Double.valueOf(text): null

2023-08-31 15:13:55 - [TEST_STEP][PASSED] - arrPriceOri[i] = d: null

2023-08-31 15:13:55 - [TEST_STEP][PASSED] - arrPriceSort[i] = d: null

2023-08-31 15:13:55 - [TEST_STEP][PASSED] - text = text.replace("$", ""): null

2023-08-31 15:13:55 - [TEST_STEP][PASSED] - d = Double.valueOf(text): null

2023-08-31 15:13:55 - [TEST_STEP][PASSED] - arrPriceOri[i] = d: null

2023-08-31 15:13:55 - [TEST_STEP][PASSED] - arrPriceSort[i] = d: null

2023-08-31 15:13:55 - [TEST_STEP][PASSED] - text = text.replace("$", ""): null

2023-08-31 15:13:55 - [TEST_STEP][PASSED] - d = Double.valueOf(text): null

2023-08-31 15:13:55 - [TEST_STEP][PASSED] - arrPriceOri[i] = d: null

2023-08-31 15:13:55 - [TEST_STEP][PASSED] - arrPriceSort[i] = d: null

2023-08-31 15:13:55 - [TEST_STEP][PASSED] - text = text.replace("$", ""): null

2023-08-31 15:13:55 - [TEST_STEP][PASSED] - d = Double.valueOf(text): null

2023-08-31 15:13:55 - [TEST_STEP][PASSED] - arrPriceOri[i] = d: null

2023-08-31 15:13:55 - [TEST_STEP][PASSED] - arrPriceSort[i] = d: null

2023-08-31 15:13:55 - [TEST_STEP][PASSED] - text = text.replace("$", ""): null

2023-08-31 15:13:55 - [TEST_STEP][PASSED] - d = Double.valueOf(text): null

2023-08-31 15:13:55 - [TEST_STEP][PASSED] - arrPriceOri[i] = d: null

2023-08-31 15:13:55 - [TEST_STEP][PASSED] - arrPriceSort[i] = d: null

2023-08-31 15:13:55 - [TEST_STEP][PASSED] - Arrays.sort(arrPriceSort, Collections.reverseOrder()): null

2023-08-31 15:13:55 - [TEST_STEP][PASSED] - assert arrPriceOri == arrPriceSort: null]]></system-out>
         <system-err><![CDATA[]]></system-err>
      </testcase>
      <testcase name="Test Cases/Products/TC-Product-Sort-003" time="12.371" classname="Test Cases/Products/TC-Product-Sort-003" status="PASSED">
         <system-out><![CDATA[2023-08-31 15:13:55 - [TEST_CASE][PASSED] - Test Cases/Products/TC-Product-Sort-003: Test Cases/Products/TC-Product-Sort-003

2023-08-31 15:13:55 - [TEST_STEP][PASSED] - callTestCase(findTestCase("Products/TC-Product-Show-001"), [:], STOP_ON_FAILURE): Call Test Case 'Test Cases/Products/TC-Product-Show-001' successfully

2023-08-31 15:13:56 - [TEST_CASE][PASSED] - Test Cases/Products/TC-Product-Show-001: Test Cases/Products/TC-Product-Show-001

2023-08-31 15:13:56 - [TEST_STEP][PASSED] - callTestCase(findTestCase("Login/TC-Login-Success-001"), [:], STOP_ON_FAILURE): Call Test Case 'Test Cases/Login/TC-Login-Success-001' successfully

2023-08-31 15:13:56 - [TEST_CASE][PASSED] - Test Cases/Login/TC-Login-Success-001: Test Cases/Login/TC-Login-Success-001

2023-08-31 15:13:56 - [TEST_STEP][PASSED] - openBrowser(URL): Browser is opened with url: 'https://www.saucedemo.com/inventory.html'

2023-08-31 15:13:56 - [MESSAGE][WARNING] - A browser is already opened. Closing browser and opening a new one

2023-08-31 15:13:57 - [MESSAGE][INFO] - Starting 'Edge Chromium' driver

2023-08-31 15:13:59 - [MESSAGE][INFO] - Action delay is set to 0 milliseconds

2023-08-31 15:14:02 - [MESSAGE][PASSED] - Browser is opened with url: 'https://www.saucedemo.com/inventory.html'

2023-08-31 15:14:02 - [TEST_STEP][PASSED] - verifyElementPresent(findTestObject("Login/Verifikasi home page"), 0): Object 'Object Repository/Login/Verifikasi home page' is present

2023-08-31 15:14:02 - [MESSAGE][WARNING] - Timeout '0' is invalid. Using default page load timeout: '30'

2023-08-31 15:14:02 - [MESSAGE][PASSED] - Object 'Object Repository/Login/Verifikasi home page' is present

2023-08-31 15:14:02 - [TEST_STEP][PASSED] - setText(findTestObject("Login/Input Username"), username): Text 'standard_user' is set on object 'Object Repository/Login/Input Username'

2023-08-31 15:14:03 - [MESSAGE][PASSED] - Text 'standard_user' is set on object 'Object Repository/Login/Input Username'

2023-08-31 15:14:03 - [TEST_STEP][PASSED] - setEncryptedText(findTestObject("Login/input_Password"), password): Text ****** has been set on object 'Object Repository/Login/input_Password'

2023-08-31 15:14:04 - [MESSAGE][PASSED] - Text ****** has been set on object 'Object Repository/Login/input_Password'

2023-08-31 15:14:04 - [TEST_STEP][PASSED] - click(findTestObject("Login/Login Button")): Object: 'Object Repository/Login/Login Button' is clicked on

2023-08-31 15:14:05 - [MESSAGE][PASSED] - Object: 'Object Repository/Login/Login Button' is clicked on

2023-08-31 15:14:05 - [TEST_STEP][PASSED] - verifyElementPresent(findTestObject("Login/Verifikasi swag labs"), 0): Object 'Object Repository/Login/Verifikasi swag labs' is present

2023-08-31 15:14:05 - [MESSAGE][WARNING] - Timeout '0' is invalid. Using default page load timeout: '30'

2023-08-31 15:14:06 - [MESSAGE][PASSED] - Object 'Object Repository/Login/Verifikasi swag labs' is present

2023-08-31 15:14:06 - [MESSAGE][PASSED] - Call Test Case 'Test Cases/Login/TC-Login-Success-001' successfully

2023-08-31 15:14:06 - [MESSAGE][PASSED] - Call Test Case 'Test Cases/Products/TC-Product-Show-001' successfully

2023-08-31 15:14:06 - [TEST_STEP][PASSED] - selectOptionByValue(findTestObject("Product/Dropdown Sort"), "lohi", false): All options with value 'lohi' are selected in object 'Object Repository/Product/Dropdown Sort' 

2023-08-31 15:14:07 - [MESSAGE][PASSED] - All options with value 'lohi' are selected in object 'Object Repository/Product/Dropdown Sort' 

2023-08-31 15:14:07 - [TEST_STEP][PASSED] - dataList = findWebElements(findTestObject("Object Repository/Product/price list"), 10): null

2023-08-31 15:14:07 - [TEST_STEP][PASSED] - arrPriceOri = []: null

2023-08-31 15:14:07 - [TEST_STEP][PASSED] - arrPriceSort = []: null

2023-08-31 15:14:07 - [TEST_STEP][PASSED] - for ([i = 0, i < dataList.size(), (i++)]): null

2023-08-31 15:14:07 - [TEST_STEP][PASSED] - text = text.replace("$", ""): null

2023-08-31 15:14:07 - [TEST_STEP][PASSED] - d = Double.valueOf(text): null

2023-08-31 15:14:07 - [TEST_STEP][PASSED] - arrPriceOri[i] = d: null

2023-08-31 15:14:07 - [TEST_STEP][PASSED] - arrPriceSort[i] = d: null

2023-08-31 15:14:07 - [TEST_STEP][PASSED] - text = text.replace("$", ""): null

2023-08-31 15:14:07 - [TEST_STEP][PASSED] - d = Double.valueOf(text): null

2023-08-31 15:14:07 - [TEST_STEP][PASSED] - arrPriceOri[i] = d: null

2023-08-31 15:14:07 - [TEST_STEP][PASSED] - arrPriceSort[i] = d: null

2023-08-31 15:14:07 - [TEST_STEP][PASSED] - text = text.replace("$", ""): null

2023-08-31 15:14:07 - [TEST_STEP][PASSED] - d = Double.valueOf(text): null

2023-08-31 15:14:07 - [TEST_STEP][PASSED] - arrPriceOri[i] = d: null

2023-08-31 15:14:07 - [TEST_STEP][PASSED] - arrPriceSort[i] = d: null

2023-08-31 15:14:07 - [TEST_STEP][PASSED] - text = text.replace("$", ""): null

2023-08-31 15:14:07 - [TEST_STEP][PASSED] - d = Double.valueOf(text): null

2023-08-31 15:14:07 - [TEST_STEP][PASSED] - arrPriceOri[i] = d: null

2023-08-31 15:14:07 - [TEST_STEP][PASSED] - arrPriceSort[i] = d: null

2023-08-31 15:14:07 - [TEST_STEP][PASSED] - text = text.replace("$", ""): null

2023-08-31 15:14:07 - [TEST_STEP][PASSED] - d = Double.valueOf(text): null

2023-08-31 15:14:07 - [TEST_STEP][PASSED] - arrPriceOri[i] = d: null

2023-08-31 15:14:07 - [TEST_STEP][PASSED] - arrPriceSort[i] = d: null

2023-08-31 15:14:07 - [TEST_STEP][PASSED] - text = text.replace("$", ""): null

2023-08-31 15:14:07 - [TEST_STEP][PASSED] - d = Double.valueOf(text): null

2023-08-31 15:14:07 - [TEST_STEP][PASSED] - arrPriceOri[i] = d: null

2023-08-31 15:14:07 - [TEST_STEP][PASSED] - arrPriceSort[i] = d: null

2023-08-31 15:14:07 - [TEST_STEP][PASSED] - Arrays.sort(arrPriceSort): null

2023-08-31 15:14:07 - [TEST_STEP][PASSED] - assert arrPriceOri == arrPriceSort: null]]></system-out>
         <system-err><![CDATA[]]></system-err>
      </testcase>
      <testcase name="Test Cases/Products/TC-Product-Sort-002" time="11.416" classname="Test Cases/Products/TC-Product-Sort-002" status="PASSED">
         <system-out><![CDATA[2023-08-31 15:14:07 - [TEST_CASE][PASSED] - Test Cases/Products/TC-Product-Sort-002: Test Cases/Products/TC-Product-Sort-002

2023-08-31 15:14:08 - [TEST_STEP][PASSED] - callTestCase(findTestCase("Products/TC-Product-Show-001"), [:], STOP_ON_FAILURE): Call Test Case 'Test Cases/Products/TC-Product-Show-001' successfully

2023-08-31 15:14:08 - [TEST_CASE][PASSED] - Test Cases/Products/TC-Product-Show-001: Test Cases/Products/TC-Product-Show-001

2023-08-31 15:14:08 - [TEST_STEP][PASSED] - callTestCase(findTestCase("Login/TC-Login-Success-001"), [:], STOP_ON_FAILURE): Call Test Case 'Test Cases/Login/TC-Login-Success-001' successfully

2023-08-31 15:14:08 - [TEST_CASE][PASSED] - Test Cases/Login/TC-Login-Success-001: Test Cases/Login/TC-Login-Success-001

2023-08-31 15:14:08 - [TEST_STEP][PASSED] - openBrowser(URL): Browser is opened with url: 'https://www.saucedemo.com/inventory.html'

2023-08-31 15:14:08 - [MESSAGE][WARNING] - A browser is already opened. Closing browser and opening a new one

2023-08-31 15:14:09 - [MESSAGE][INFO] - Starting 'Edge Chromium' driver

2023-08-31 15:14:11 - [MESSAGE][INFO] - Action delay is set to 0 milliseconds

2023-08-31 15:14:14 - [MESSAGE][PASSED] - Browser is opened with url: 'https://www.saucedemo.com/inventory.html'

2023-08-31 15:14:14 - [TEST_STEP][PASSED] - verifyElementPresent(findTestObject("Login/Verifikasi home page"), 0): Object 'Object Repository/Login/Verifikasi home page' is present

2023-08-31 15:14:14 - [MESSAGE][WARNING] - Timeout '0' is invalid. Using default page load timeout: '30'

2023-08-31 15:14:14 - [MESSAGE][PASSED] - Object 'Object Repository/Login/Verifikasi home page' is present

2023-08-31 15:14:14 - [TEST_STEP][PASSED] - setText(findTestObject("Login/Input Username"), username): Text 'standard_user' is set on object 'Object Repository/Login/Input Username'

2023-08-31 15:14:15 - [MESSAGE][PASSED] - Text 'standard_user' is set on object 'Object Repository/Login/Input Username'

2023-08-31 15:14:15 - [TEST_STEP][PASSED] - setEncryptedText(findTestObject("Login/input_Password"), password): Text ****** has been set on object 'Object Repository/Login/input_Password'

2023-08-31 15:14:16 - [MESSAGE][PASSED] - Text ****** has been set on object 'Object Repository/Login/input_Password'

2023-08-31 15:14:16 - [TEST_STEP][PASSED] - click(findTestObject("Login/Login Button")): Object: 'Object Repository/Login/Login Button' is clicked on

2023-08-31 15:14:17 - [MESSAGE][PASSED] - Object: 'Object Repository/Login/Login Button' is clicked on

2023-08-31 15:14:17 - [TEST_STEP][PASSED] - verifyElementPresent(findTestObject("Login/Verifikasi swag labs"), 0): Object 'Object Repository/Login/Verifikasi swag labs' is present

2023-08-31 15:14:17 - [MESSAGE][WARNING] - Timeout '0' is invalid. Using default page load timeout: '30'

2023-08-31 15:14:17 - [MESSAGE][PASSED] - Object 'Object Repository/Login/Verifikasi swag labs' is present

2023-08-31 15:14:17 - [MESSAGE][PASSED] - Call Test Case 'Test Cases/Login/TC-Login-Success-001' successfully

2023-08-31 15:14:17 - [MESSAGE][PASSED] - Call Test Case 'Test Cases/Products/TC-Product-Show-001' successfully

2023-08-31 15:14:17 - [TEST_STEP][PASSED] - selectOptionByValue(findTestObject("Product/Dropdown Sort"), "za", false): All options with value 'za' are selected in object 'Object Repository/Product/Dropdown Sort' 

2023-08-31 15:14:18 - [MESSAGE][PASSED] - All options with value 'za' are selected in object 'Object Repository/Product/Dropdown Sort' 

2023-08-31 15:14:18 - [TEST_STEP][PASSED] - dataList = findWebElements(findTestObject("Object Repository/Product/product list"), 10): null

2023-08-31 15:14:19 - [TEST_STEP][PASSED] - arrProductOri = []: null

2023-08-31 15:14:19 - [TEST_STEP][PASSED] - arrProductSort = []: null

2023-08-31 15:14:19 - [TEST_STEP][PASSED] - for ([i = 0, i < dataList.size(), (i++)]): null

2023-08-31 15:14:19 - [TEST_STEP][PASSED] - text = text: null

2023-08-31 15:14:19 - [TEST_STEP][PASSED] - arrProductOri[i] = text: null

2023-08-31 15:14:19 - [TEST_STEP][PASSED] - arrProductSort[i] = text: null

2023-08-31 15:14:19 - [TEST_STEP][PASSED] - text = text: null

2023-08-31 15:14:19 - [TEST_STEP][PASSED] - arrProductOri[i] = text: null

2023-08-31 15:14:19 - [TEST_STEP][PASSED] - arrProductSort[i] = text: null

2023-08-31 15:14:19 - [TEST_STEP][PASSED] - text = text: null

2023-08-31 15:14:19 - [TEST_STEP][PASSED] - arrProductOri[i] = text: null

2023-08-31 15:14:19 - [TEST_STEP][PASSED] - arrProductSort[i] = text: null

2023-08-31 15:14:19 - [TEST_STEP][PASSED] - text = text: null

2023-08-31 15:14:19 - [TEST_STEP][PASSED] - arrProductOri[i] = text: null

2023-08-31 15:14:19 - [TEST_STEP][PASSED] - arrProductSort[i] = text: null

2023-08-31 15:14:19 - [TEST_STEP][PASSED] - text = text: null

2023-08-31 15:14:19 - [TEST_STEP][PASSED] - arrProductOri[i] = text: null

2023-08-31 15:14:19 - [TEST_STEP][PASSED] - arrProductSort[i] = text: null

2023-08-31 15:14:19 - [TEST_STEP][PASSED] - text = text: null

2023-08-31 15:14:19 - [TEST_STEP][PASSED] - arrProductOri[i] = text: null

2023-08-31 15:14:19 - [TEST_STEP][PASSED] - arrProductSort[i] = text: null

2023-08-31 15:14:19 - [TEST_STEP][PASSED] - Arrays.sort(arrProductSort, Collections.reverseOrder()): null

2023-08-31 15:14:19 - [TEST_STEP][PASSED] - assert arrProductOri == arrProductSort: null]]></system-out>
         <system-err><![CDATA[]]></system-err>
      </testcase>
      <testcase name="Test Cases/Products/TC-Product-Sort-001" time="12.576" classname="Test Cases/Products/TC-Product-Sort-001" status="PASSED">
         <system-out><![CDATA[2023-08-31 15:14:19 - [TEST_CASE][PASSED] - Test Cases/Products/TC-Product-Sort-001: Test Cases/Products/TC-Product-Sort-001

2023-08-31 15:14:19 - [TEST_STEP][PASSED] - callTestCase(findTestCase("Products/TC-Product-Show-001"), [:], STOP_ON_FAILURE): Call Test Case 'Test Cases/Products/TC-Product-Show-001' successfully

2023-08-31 15:14:19 - [TEST_CASE][PASSED] - Test Cases/Products/TC-Product-Show-001: Test Cases/Products/TC-Product-Show-001

2023-08-31 15:14:19 - [TEST_STEP][PASSED] - callTestCase(findTestCase("Login/TC-Login-Success-001"), [:], STOP_ON_FAILURE): Call Test Case 'Test Cases/Login/TC-Login-Success-001' successfully

2023-08-31 15:14:19 - [TEST_CASE][PASSED] - Test Cases/Login/TC-Login-Success-001: Test Cases/Login/TC-Login-Success-001

2023-08-31 15:14:19 - [TEST_STEP][PASSED] - openBrowser(URL): Browser is opened with url: 'https://www.saucedemo.com/inventory.html'

2023-08-31 15:14:19 - [MESSAGE][WARNING] - A browser is already opened. Closing browser and opening a new one

2023-08-31 15:14:20 - [MESSAGE][INFO] - Starting 'Edge Chromium' driver

2023-08-31 15:14:23 - [MESSAGE][INFO] - Action delay is set to 0 milliseconds

2023-08-31 15:14:27 - [MESSAGE][PASSED] - Browser is opened with url: 'https://www.saucedemo.com/inventory.html'

2023-08-31 15:14:27 - [TEST_STEP][PASSED] - verifyElementPresent(findTestObject("Login/Verifikasi home page"), 0): Object 'Object Repository/Login/Verifikasi home page' is present

2023-08-31 15:14:27 - [MESSAGE][WARNING] - Timeout '0' is invalid. Using default page load timeout: '30'

2023-08-31 15:14:27 - [MESSAGE][PASSED] - Object 'Object Repository/Login/Verifikasi home page' is present

2023-08-31 15:14:27 - [TEST_STEP][PASSED] - setText(findTestObject("Login/Input Username"), username): Text 'standard_user' is set on object 'Object Repository/Login/Input Username'

2023-08-31 15:14:28 - [MESSAGE][PASSED] - Text 'standard_user' is set on object 'Object Repository/Login/Input Username'

2023-08-31 15:14:28 - [TEST_STEP][PASSED] - setEncryptedText(findTestObject("Login/input_Password"), password): Text ****** has been set on object 'Object Repository/Login/input_Password'

2023-08-31 15:14:29 - [MESSAGE][PASSED] - Text ****** has been set on object 'Object Repository/Login/input_Password'

2023-08-31 15:14:29 - [TEST_STEP][PASSED] - click(findTestObject("Login/Login Button")): Object: 'Object Repository/Login/Login Button' is clicked on

2023-08-31 15:14:30 - [MESSAGE][PASSED] - Object: 'Object Repository/Login/Login Button' is clicked on

2023-08-31 15:14:30 - [TEST_STEP][PASSED] - verifyElementPresent(findTestObject("Login/Verifikasi swag labs"), 0): Object 'Object Repository/Login/Verifikasi swag labs' is present

2023-08-31 15:14:30 - [MESSAGE][WARNING] - Timeout '0' is invalid. Using default page load timeout: '30'

2023-08-31 15:14:30 - [MESSAGE][PASSED] - Object 'Object Repository/Login/Verifikasi swag labs' is present

2023-08-31 15:14:30 - [MESSAGE][PASSED] - Call Test Case 'Test Cases/Login/TC-Login-Success-001' successfully

2023-08-31 15:14:30 - [MESSAGE][PASSED] - Call Test Case 'Test Cases/Products/TC-Product-Show-001' successfully

2023-08-31 15:14:30 - [TEST_STEP][PASSED] - selectOptionByValue(findTestObject("Product/Dropdown Sort"), "az", false): All options with value 'az' are selected in object 'Object Repository/Product/Dropdown Sort' 

2023-08-31 15:14:31 - [MESSAGE][PASSED] - All options with value 'az' are selected in object 'Object Repository/Product/Dropdown Sort' 

2023-08-31 15:14:31 - [TEST_STEP][PASSED] - dataList = findWebElements(findTestObject("Object Repository/Product/product list"), 10): null

2023-08-31 15:14:31 - [TEST_STEP][PASSED] - arrProductOri = []: null

2023-08-31 15:14:31 - [TEST_STEP][PASSED] - arrProductSort = []: null

2023-08-31 15:14:31 - [TEST_STEP][PASSED] - for ([i = 0, i < dataList.size(), (i++)]): null

2023-08-31 15:14:31 - [TEST_STEP][PASSED] - text = text: null

2023-08-31 15:14:31 - [TEST_STEP][PASSED] - arrProductOri[i] = text: null

2023-08-31 15:14:31 - [TEST_STEP][PASSED] - arrProductSort[i] = text: null

2023-08-31 15:14:31 - [TEST_STEP][PASSED] - text = text: null

2023-08-31 15:14:31 - [TEST_STEP][PASSED] - arrProductOri[i] = text: null

2023-08-31 15:14:31 - [TEST_STEP][PASSED] - arrProductSort[i] = text: null

2023-08-31 15:14:31 - [TEST_STEP][PASSED] - text = text: null

2023-08-31 15:14:31 - [TEST_STEP][PASSED] - arrProductOri[i] = text: null

2023-08-31 15:14:31 - [TEST_STEP][PASSED] - arrProductSort[i] = text: null

2023-08-31 15:14:31 - [TEST_STEP][PASSED] - text = text: null

2023-08-31 15:14:31 - [TEST_STEP][PASSED] - arrProductOri[i] = text: null

2023-08-31 15:14:31 - [TEST_STEP][PASSED] - arrProductSort[i] = text: null

2023-08-31 15:14:31 - [TEST_STEP][PASSED] - text = text: null

2023-08-31 15:14:31 - [TEST_STEP][PASSED] - arrProductOri[i] = text: null

2023-08-31 15:14:31 - [TEST_STEP][PASSED] - arrProductSort[i] = text: null

2023-08-31 15:14:31 - [TEST_STEP][PASSED] - text = text: null

2023-08-31 15:14:31 - [TEST_STEP][PASSED] - arrProductOri[i] = text: null

2023-08-31 15:14:31 - [TEST_STEP][PASSED] - arrProductSort[i] = text: null

2023-08-31 15:14:31 - [TEST_STEP][PASSED] - Arrays.sort(arrProductSort): null

2023-08-31 15:14:31 - [TEST_STEP][PASSED] - assert arrProductOri == arrProductSort: null]]></system-out>
         <system-err><![CDATA[]]></system-err>
      </testcase>
      <testcase name="Test Cases/Products/TC-Product-Show-001" time="11.947" classname="Test Cases/Products/TC-Product-Show-001" status="PASSED">
         <system-out><![CDATA[2023-08-31 15:14:31 - [TEST_CASE][PASSED] - Test Cases/Products/TC-Product-Show-001: Test Cases/Products/TC-Product-Show-001

2023-08-31 15:14:31 - [TEST_STEP][PASSED] - callTestCase(findTestCase("Login/TC-Login-Success-001"), [:], STOP_ON_FAILURE): Call Test Case 'Test Cases/Login/TC-Login-Success-001' successfully

2023-08-31 15:14:31 - [TEST_CASE][PASSED] - Test Cases/Login/TC-Login-Success-001: Test Cases/Login/TC-Login-Success-001

2023-08-31 15:14:31 - [TEST_STEP][PASSED] - openBrowser(URL): Browser is opened with url: 'https://www.saucedemo.com/inventory.html'

2023-08-31 15:14:31 - [MESSAGE][WARNING] - A browser is already opened. Closing browser and opening a new one

2023-08-31 15:14:32 - [MESSAGE][INFO] - Starting 'Edge Chromium' driver

2023-08-31 15:14:34 - [MESSAGE][INFO] - Action delay is set to 0 milliseconds

2023-08-31 15:14:39 - [MESSAGE][PASSED] - Browser is opened with url: 'https://www.saucedemo.com/inventory.html'

2023-08-31 15:14:39 - [TEST_STEP][PASSED] - verifyElementPresent(findTestObject("Login/Verifikasi home page"), 0): Object 'Object Repository/Login/Verifikasi home page' is present

2023-08-31 15:14:39 - [MESSAGE][WARNING] - Timeout '0' is invalid. Using default page load timeout: '30'

2023-08-31 15:14:40 - [MESSAGE][PASSED] - Object 'Object Repository/Login/Verifikasi home page' is present

2023-08-31 15:14:40 - [TEST_STEP][PASSED] - setText(findTestObject("Login/Input Username"), username): Text 'standard_user' is set on object 'Object Repository/Login/Input Username'

2023-08-31 15:14:41 - [MESSAGE][PASSED] - Text 'standard_user' is set on object 'Object Repository/Login/Input Username'

2023-08-31 15:14:41 - [TEST_STEP][PASSED] - setEncryptedText(findTestObject("Login/input_Password"), password): Text ****** has been set on object 'Object Repository/Login/input_Password'

2023-08-31 15:14:41 - [MESSAGE][PASSED] - Text ****** has been set on object 'Object Repository/Login/input_Password'

2023-08-31 15:14:41 - [TEST_STEP][PASSED] - click(findTestObject("Login/Login Button")): Object: 'Object Repository/Login/Login Button' is clicked on

2023-08-31 15:14:42 - [MESSAGE][PASSED] - Object: 'Object Repository/Login/Login Button' is clicked on

2023-08-31 15:14:42 - [TEST_STEP][PASSED] - verifyElementPresent(findTestObject("Login/Verifikasi swag labs"), 0): Object 'Object Repository/Login/Verifikasi swag labs' is present

2023-08-31 15:14:42 - [MESSAGE][WARNING] - Timeout '0' is invalid. Using default page load timeout: '30'

2023-08-31 15:14:43 - [MESSAGE][PASSED] - Object 'Object Repository/Login/Verifikasi swag labs' is present

2023-08-31 15:14:43 - [MESSAGE][PASSED] - Call Test Case 'Test Cases/Login/TC-Login-Success-001' successfully]]></system-out>
         <system-err><![CDATA[]]></system-err>
      </testcase>
      <testcase name="Test Cases/Products/TC-Product-RemoveCart-001" time="16.072" classname="Test Cases/Products/TC-Product-RemoveCart-001" status="PASSED">
         <system-out><![CDATA[2023-08-31 15:14:43 - [TEST_CASE][PASSED] - Test Cases/Products/TC-Product-RemoveCart-001: Test Cases/Products/TC-Product-RemoveCart-001

2023-08-31 15:14:44 - [TEST_STEP][PASSED] - callTestCase(findTestCase("Products/TC-Product-AddCart-001"), [:], STOP_ON_FAILURE): Call Test Case 'Test Cases/Products/TC-Product-AddCart-001' successfully

2023-08-31 15:14:44 - [TEST_CASE][PASSED] - Test Cases/Products/TC-Product-AddCart-001: Test Cases/Products/TC-Product-AddCart-001

2023-08-31 15:14:44 - [TEST_STEP][PASSED] - callTestCase(findTestCase("Products/TC-Product-Show-001"), [:], STOP_ON_FAILURE): Call Test Case 'Test Cases/Products/TC-Product-Show-001' successfully

2023-08-31 15:14:44 - [TEST_CASE][PASSED] - Test Cases/Products/TC-Product-Show-001: Test Cases/Products/TC-Product-Show-001

2023-08-31 15:14:44 - [TEST_STEP][PASSED] - callTestCase(findTestCase("Login/TC-Login-Success-001"), [:], STOP_ON_FAILURE): Call Test Case 'Test Cases/Login/TC-Login-Success-001' successfully

2023-08-31 15:14:44 - [TEST_CASE][PASSED] - Test Cases/Login/TC-Login-Success-001: Test Cases/Login/TC-Login-Success-001

2023-08-31 15:14:44 - [TEST_STEP][PASSED] - openBrowser(URL): Browser is opened with url: 'https://www.saucedemo.com/inventory.html'

2023-08-31 15:14:44 - [MESSAGE][WARNING] - A browser is already opened. Closing browser and opening a new one

2023-08-31 15:14:45 - [MESSAGE][INFO] - Starting 'Edge Chromium' driver

2023-08-31 15:14:47 - [MESSAGE][INFO] - Action delay is set to 0 milliseconds

2023-08-31 15:14:53 - [MESSAGE][PASSED] - Browser is opened with url: 'https://www.saucedemo.com/inventory.html'

2023-08-31 15:14:53 - [TEST_STEP][PASSED] - verifyElementPresent(findTestObject("Login/Verifikasi home page"), 0): Object 'Object Repository/Login/Verifikasi home page' is present

2023-08-31 15:14:53 - [MESSAGE][WARNING] - Timeout '0' is invalid. Using default page load timeout: '30'

2023-08-31 15:14:53 - [MESSAGE][PASSED] - Object 'Object Repository/Login/Verifikasi home page' is present

2023-08-31 15:14:53 - [TEST_STEP][PASSED] - setText(findTestObject("Login/Input Username"), username): Text 'standard_user' is set on object 'Object Repository/Login/Input Username'

2023-08-31 15:14:54 - [MESSAGE][PASSED] - Text 'standard_user' is set on object 'Object Repository/Login/Input Username'

2023-08-31 15:14:54 - [TEST_STEP][PASSED] - setEncryptedText(findTestObject("Login/input_Password"), password): Text ****** has been set on object 'Object Repository/Login/input_Password'

2023-08-31 15:14:54 - [MESSAGE][PASSED] - Text ****** has been set on object 'Object Repository/Login/input_Password'

2023-08-31 15:14:54 - [TEST_STEP][PASSED] - click(findTestObject("Login/Login Button")): Object: 'Object Repository/Login/Login Button' is clicked on

2023-08-31 15:14:55 - [MESSAGE][PASSED] - Object: 'Object Repository/Login/Login Button' is clicked on

2023-08-31 15:14:55 - [TEST_STEP][PASSED] - verifyElementPresent(findTestObject("Login/Verifikasi swag labs"), 0): Object 'Object Repository/Login/Verifikasi swag labs' is present

2023-08-31 15:14:55 - [MESSAGE][WARNING] - Timeout '0' is invalid. Using default page load timeout: '30'

2023-08-31 15:14:55 - [MESSAGE][PASSED] - Object 'Object Repository/Login/Verifikasi swag labs' is present

2023-08-31 15:14:55 - [MESSAGE][PASSED] - Call Test Case 'Test Cases/Login/TC-Login-Success-001' successfully

2023-08-31 15:14:55 - [MESSAGE][PASSED] - Call Test Case 'Test Cases/Products/TC-Product-Show-001' successfully

2023-08-31 15:14:55 - [TEST_STEP][PASSED] - click(findTestObject("Product/button_Add to cart_Pertama")): Object: 'Object Repository/Product/button_Add to cart_Pertama' is clicked on

2023-08-31 15:14:56 - [MESSAGE][PASSED] - Object: 'Object Repository/Product/button_Add to cart_Pertama' is clicked on

2023-08-31 15:14:56 - [TEST_STEP][PASSED] - namaproduct1_homepage = getText(findTestObject("Product/nama_product1_homepage")): Text of object 'Object Repository/Product/nama_product1_homepage' is: 'Sauce Labs Backpack'

2023-08-31 15:14:56 - [MESSAGE][PASSED] - Text of object 'Object Repository/Product/nama_product1_homepage' is: 'Sauce Labs Backpack'

2023-08-31 15:14:56 - [TEST_STEP][PASSED] - deskripsiproduct1_homepage = getText(findTestObject("Product/deskripsi_product1_homepage")): Text of object 'Object Repository/Product/deskripsi_product1_homepage' is: 'carry.allTheThings() with the sleek, streamlined Sly Pack that melds uncompromising style with unequaled laptop and tablet protection.'

2023-08-31 15:14:57 - [MESSAGE][PASSED] - Text of object 'Object Repository/Product/deskripsi_product1_homepage' is: 'carry.allTheThings() with the sleek, streamlined Sly Pack that melds uncompromising style with unequaled laptop and tablet protection.'

2023-08-31 15:14:57 - [TEST_STEP][PASSED] - hargaproduct1_homepage = getText(findTestObject("Product/harga_produk1_homepage")): Text of object 'Object Repository/Product/harga_produk1_homepage' is: '$29.99'

2023-08-31 15:14:57 - [MESSAGE][PASSED] - Text of object 'Object Repository/Product/harga_produk1_homepage' is: '$29.99'

2023-08-31 15:14:57 - [TEST_STEP][PASSED] - verifyElementNotPresent(findTestObject("Product/button_Add to cart_Pertama"), 0): Web element with id: 'Object Repository/Product/button_Add to cart_Pertama' located by 'By.xpath: //button[@id='add-to-cart-sauce-labs-backpack']' is not present after '30' second(s)

2023-08-31 15:14:57 - [MESSAGE][WARNING] - Timeout '0' is invalid. Using default page load timeout: '30'

2023-08-31 15:14:58 - [MESSAGE][PASSED] - Web element with id: 'Object Repository/Product/button_Add to cart_Pertama' located by 'By.xpath: //button[@id='add-to-cart-sauce-labs-backpack']' is not present after '30' second(s)

2023-08-31 15:14:58 - [TEST_STEP][PASSED] - verifyElementPresent(findTestObject("Product/tambahproduct"), 0): Object 'Object Repository/Product/tambahproduct' is present

2023-08-31 15:14:58 - [MESSAGE][WARNING] - Timeout '0' is invalid. Using default page load timeout: '30'

2023-08-31 15:14:58 - [MESSAGE][PASSED] - Object 'Object Repository/Product/tambahproduct' is present

2023-08-31 15:14:58 - [TEST_STEP][PASSED] - data = new java.util.HashMap(): null

2023-08-31 15:14:58 - [TEST_STEP][PASSED] - data.put("nama1_home", namaproduct1_homepage): null

2023-08-31 15:14:58 - [TEST_STEP][PASSED] - data.put("deskripsi1_home", deskripsiproduct1_homepage): null

2023-08-31 15:14:58 - [TEST_STEP][PASSED] - data.put("harga1_home", hargaproduct1_homepage): null

2023-08-31 15:14:58 - [TEST_STEP][PASSED] - return data: null

2023-08-31 15:14:58 - [MESSAGE][PASSED] - Call Test Case 'Test Cases/Products/TC-Product-AddCart-001' successfully

2023-08-31 15:14:58 - [TEST_STEP][PASSED] - click(findTestObject("Product/button_Remove")): Object: 'Object Repository/Product/button_Remove' is clicked on

2023-08-31 15:14:59 - [MESSAGE][PASSED] - Object: 'Object Repository/Product/button_Remove' is clicked on

2023-08-31 15:14:59 - [TEST_STEP][PASSED] - verifyElementNotPresent(findTestObject("Product/button_Remove"), 0): Web element with id: 'Object Repository/Product/button_Remove' located by 'By.xpath: //button[@id='remove-sauce-labs-backpack']' is not present after '30' second(s)

2023-08-31 15:14:59 - [MESSAGE][WARNING] - Timeout '0' is invalid. Using default page load timeout: '30'

2023-08-31 15:14:59 - [MESSAGE][PASSED] - Web element with id: 'Object Repository/Product/button_Remove' located by 'By.xpath: //button[@id='remove-sauce-labs-backpack']' is not present after '30' second(s)

2023-08-31 15:14:59 - [TEST_STEP][PASSED] - verifyElementPresent(findTestObject("Product/button cart"), 0): Object 'Object Repository/Product/button cart' is present

2023-08-31 15:14:59 - [MESSAGE][WARNING] - Timeout '0' is invalid. Using default page load timeout: '30'

2023-08-31 15:14:59 - [MESSAGE][PASSED] - Object 'Object Repository/Product/button cart' is present]]></system-out>
         <system-err><![CDATA[]]></system-err>
      </testcase>
      <testcase name="Test Cases/Products/TC-Product-AddCart-002" time="52.815" classname="Test Cases/Products/TC-Product-AddCart-002" status="PASSED">
         <system-out><![CDATA[2023-08-31 15:14:59 - [TEST_CASE][PASSED] - Test Cases/Products/TC-Product-AddCart-002: Test Cases/Products/TC-Product-AddCart-002

2023-08-31 15:15:00 - [TEST_STEP][PASSED] - data = callTestCase(findTestCase("Products/TC-Product-AddCart-001"), [:], STOP_ON_FAILURE): Call Test Case 'Test Cases/Products/TC-Product-AddCart-001' successfully

2023-08-31 15:15:00 - [TEST_CASE][PASSED] - Test Cases/Products/TC-Product-AddCart-001: Test Cases/Products/TC-Product-AddCart-001

2023-08-31 15:15:00 - [TEST_STEP][PASSED] - callTestCase(findTestCase("Products/TC-Product-Show-001"), [:], STOP_ON_FAILURE): Call Test Case 'Test Cases/Products/TC-Product-Show-001' successfully

2023-08-31 15:15:00 - [TEST_CASE][PASSED] - Test Cases/Products/TC-Product-Show-001: Test Cases/Products/TC-Product-Show-001

2023-08-31 15:15:00 - [TEST_STEP][PASSED] - callTestCase(findTestCase("Login/TC-Login-Success-001"), [:], STOP_ON_FAILURE): Call Test Case 'Test Cases/Login/TC-Login-Success-001' successfully

2023-08-31 15:15:00 - [TEST_CASE][PASSED] - Test Cases/Login/TC-Login-Success-001: Test Cases/Login/TC-Login-Success-001

2023-08-31 15:15:00 - [TEST_STEP][PASSED] - openBrowser(URL): Browser is opened with url: 'https://www.saucedemo.com/inventory.html'

2023-08-31 15:15:00 - [MESSAGE][WARNING] - A browser is already opened. Closing browser and opening a new one

2023-08-31 15:15:01 - [MESSAGE][INFO] - Starting 'Edge Chromium' driver

2023-08-31 15:15:03 - [MESSAGE][INFO] - Action delay is set to 0 milliseconds

2023-08-31 15:15:44 - [MESSAGE][PASSED] - Browser is opened with url: 'https://www.saucedemo.com/inventory.html'

2023-08-31 15:15:44 - [TEST_STEP][PASSED] - verifyElementPresent(findTestObject("Login/Verifikasi home page"), 0): Object 'Object Repository/Login/Verifikasi home page' is present

2023-08-31 15:15:44 - [MESSAGE][WARNING] - Timeout '0' is invalid. Using default page load timeout: '30'

2023-08-31 15:15:45 - [MESSAGE][PASSED] - Object 'Object Repository/Login/Verifikasi home page' is present

2023-08-31 15:15:45 - [TEST_STEP][PASSED] - setText(findTestObject("Login/Input Username"), username): Text 'standard_user' is set on object 'Object Repository/Login/Input Username'

2023-08-31 15:15:45 - [MESSAGE][PASSED] - Text 'standard_user' is set on object 'Object Repository/Login/Input Username'

2023-08-31 15:15:45 - [TEST_STEP][PASSED] - setEncryptedText(findTestObject("Login/input_Password"), password): Text ****** has been set on object 'Object Repository/Login/input_Password'

2023-08-31 15:15:46 - [MESSAGE][PASSED] - Text ****** has been set on object 'Object Repository/Login/input_Password'

2023-08-31 15:15:46 - [TEST_STEP][PASSED] - click(findTestObject("Login/Login Button")): Object: 'Object Repository/Login/Login Button' is clicked on

2023-08-31 15:15:47 - [MESSAGE][PASSED] - Object: 'Object Repository/Login/Login Button' is clicked on

2023-08-31 15:15:47 - [TEST_STEP][PASSED] - verifyElementPresent(findTestObject("Login/Verifikasi swag labs"), 0): Object 'Object Repository/Login/Verifikasi swag labs' is present

2023-08-31 15:15:47 - [MESSAGE][WARNING] - Timeout '0' is invalid. Using default page load timeout: '30'

2023-08-31 15:15:47 - [MESSAGE][PASSED] - Object 'Object Repository/Login/Verifikasi swag labs' is present

2023-08-31 15:15:47 - [MESSAGE][PASSED] - Call Test Case 'Test Cases/Login/TC-Login-Success-001' successfully

2023-08-31 15:15:47 - [MESSAGE][PASSED] - Call Test Case 'Test Cases/Products/TC-Product-Show-001' successfully

2023-08-31 15:15:47 - [TEST_STEP][PASSED] - click(findTestObject("Product/button_Add to cart_Pertama")): Object: 'Object Repository/Product/button_Add to cart_Pertama' is clicked on

2023-08-31 15:15:48 - [MESSAGE][PASSED] - Object: 'Object Repository/Product/button_Add to cart_Pertama' is clicked on

2023-08-31 15:15:48 - [TEST_STEP][PASSED] - namaproduct1_homepage = getText(findTestObject("Product/nama_product1_homepage")): Text of object 'Object Repository/Product/nama_product1_homepage' is: 'Sauce Labs Backpack'

2023-08-31 15:15:48 - [MESSAGE][PASSED] - Text of object 'Object Repository/Product/nama_product1_homepage' is: 'Sauce Labs Backpack'

2023-08-31 15:15:48 - [TEST_STEP][PASSED] - deskripsiproduct1_homepage = getText(findTestObject("Product/deskripsi_product1_homepage")): Text of object 'Object Repository/Product/deskripsi_product1_homepage' is: 'carry.allTheThings() with the sleek, streamlined Sly Pack that melds uncompromising style with unequaled laptop and tablet protection.'

2023-08-31 15:15:48 - [MESSAGE][PASSED] - Text of object 'Object Repository/Product/deskripsi_product1_homepage' is: 'carry.allTheThings() with the sleek, streamlined Sly Pack that melds uncompromising style with unequaled laptop and tablet protection.'

2023-08-31 15:15:48 - [TEST_STEP][PASSED] - hargaproduct1_homepage = getText(findTestObject("Product/harga_produk1_homepage")): Text of object 'Object Repository/Product/harga_produk1_homepage' is: '$29.99'

2023-08-31 15:15:49 - [MESSAGE][PASSED] - Text of object 'Object Repository/Product/harga_produk1_homepage' is: '$29.99'

2023-08-31 15:15:49 - [TEST_STEP][PASSED] - verifyElementNotPresent(findTestObject("Product/button_Add to cart_Pertama"), 0): Web element with id: 'Object Repository/Product/button_Add to cart_Pertama' located by 'By.xpath: //button[@id='add-to-cart-sauce-labs-backpack']' is not present after '30' second(s)

2023-08-31 15:15:49 - [MESSAGE][WARNING] - Timeout '0' is invalid. Using default page load timeout: '30'

2023-08-31 15:15:49 - [MESSAGE][PASSED] - Web element with id: 'Object Repository/Product/button_Add to cart_Pertama' located by 'By.xpath: //button[@id='add-to-cart-sauce-labs-backpack']' is not present after '30' second(s)

2023-08-31 15:15:49 - [TEST_STEP][PASSED] - verifyElementPresent(findTestObject("Product/tambahproduct"), 0): Object 'Object Repository/Product/tambahproduct' is present

2023-08-31 15:15:49 - [MESSAGE][WARNING] - Timeout '0' is invalid. Using default page load timeout: '30'

2023-08-31 15:15:50 - [MESSAGE][PASSED] - Object 'Object Repository/Product/tambahproduct' is present

2023-08-31 15:15:50 - [TEST_STEP][PASSED] - data = new java.util.HashMap(): null

2023-08-31 15:15:50 - [TEST_STEP][PASSED] - data.put("nama1_home", namaproduct1_homepage): null

2023-08-31 15:15:50 - [TEST_STEP][PASSED] - data.put("deskripsi1_home", deskripsiproduct1_homepage): null

2023-08-31 15:15:50 - [TEST_STEP][PASSED] - data.put("harga1_home", hargaproduct1_homepage): null

2023-08-31 15:15:50 - [TEST_STEP][PASSED] - return data: null

2023-08-31 15:15:50 - [MESSAGE][PASSED] - Call Test Case 'Test Cases/Products/TC-Product-AddCart-001' successfully

2023-08-31 15:15:50 - [TEST_STEP][PASSED] - click(findTestObject("Product/button_Add to cart_Kedua")): Object: 'Object Repository/Product/button_Add to cart_Kedua' is clicked on

2023-08-31 15:15:50 - [MESSAGE][PASSED] - Object: 'Object Repository/Product/button_Add to cart_Kedua' is clicked on

2023-08-31 15:15:50 - [TEST_STEP][PASSED] - nama2_home = getText(findTestObject("Cart/nama2_home")): Text of object 'Object Repository/Cart/nama2_home' is: 'Sauce Labs Bike Light'

2023-08-31 15:15:50 - [MESSAGE][PASSED] - Text of object 'Object Repository/Cart/nama2_home' is: 'Sauce Labs Bike Light'

2023-08-31 15:15:50 - [TEST_STEP][PASSED] - deskripsi2_home = getText(findTestObject("Cart/deskripsi2_home")): Text of object 'Object Repository/Cart/deskripsi2_home' is: 'A red light isn't the desired state in testing but it sure helps when riding your bike at night. Water-resistant with 3 lighting modes, 1 AAA battery included.'

2023-08-31 15:15:51 - [MESSAGE][PASSED] - Text of object 'Object Repository/Cart/deskripsi2_home' is: 'A red light isn't the desired state in testing but it sure helps when riding your bike at night. Water-resistant with 3 lighting modes, 1 AAA battery included.'

2023-08-31 15:15:51 - [TEST_STEP][PASSED] - harga2_home = getText(findTestObject("Cart/price2_home")): Text of object 'Object Repository/Cart/price2_home' is: '$9.99'

2023-08-31 15:15:51 - [MESSAGE][PASSED] - Text of object 'Object Repository/Cart/price2_home' is: '$9.99'

2023-08-31 15:15:51 - [TEST_STEP][PASSED] - verifyElementNotPresent(findTestObject("Product/button_Add to cart_Kedua"), 0): Web element with id: 'Object Repository/Product/button_Add to cart_Kedua' located by 'By.xpath: //button[@id='add-to-cart-sauce-labs-bike-light']' is not present after '30' second(s)

2023-08-31 15:15:51 - [MESSAGE][WARNING] - Timeout '0' is invalid. Using default page load timeout: '30'

2023-08-31 15:15:52 - [MESSAGE][PASSED] - Web element with id: 'Object Repository/Product/button_Add to cart_Kedua' located by 'By.xpath: //button[@id='add-to-cart-sauce-labs-bike-light']' is not present after '30' second(s)

2023-08-31 15:15:52 - [TEST_STEP][PASSED] - verifyElementPresent(findTestObject("Product/tambahproduct2"), 0): Object 'Object Repository/Product/tambahproduct2' is present

2023-08-31 15:15:52 - [MESSAGE][WARNING] - Timeout '0' is invalid. Using default page load timeout: '30'

2023-08-31 15:15:52 - [MESSAGE][PASSED] - Object 'Object Repository/Product/tambahproduct2' is present

2023-08-31 15:15:52 - [TEST_STEP][PASSED] - data.put("nama2_home", nama2_home): null

2023-08-31 15:15:52 - [TEST_STEP][PASSED] - data.put("deskripsi2_home", deskripsi2_home): null

2023-08-31 15:15:52 - [TEST_STEP][PASSED] - data.put("harga2_home", harga2_home): null

2023-08-31 15:15:52 - [TEST_STEP][PASSED] - return data: null]]></system-out>
         <system-err><![CDATA[]]></system-err>
      </testcase>
      <testcase name="Test Cases/Products/TC-Product-AddCart-001" time="12.123" classname="Test Cases/Products/TC-Product-AddCart-001" status="PASSED">
         <system-out><![CDATA[2023-08-31 15:15:52 - [TEST_CASE][PASSED] - Test Cases/Products/TC-Product-AddCart-001: Test Cases/Products/TC-Product-AddCart-001

2023-08-31 15:15:52 - [TEST_STEP][PASSED] - callTestCase(findTestCase("Products/TC-Product-Show-001"), [:], STOP_ON_FAILURE): Call Test Case 'Test Cases/Products/TC-Product-Show-001' successfully

2023-08-31 15:15:52 - [TEST_CASE][PASSED] - Test Cases/Products/TC-Product-Show-001: Test Cases/Products/TC-Product-Show-001

2023-08-31 15:15:52 - [TEST_STEP][PASSED] - callTestCase(findTestCase("Login/TC-Login-Success-001"), [:], STOP_ON_FAILURE): Call Test Case 'Test Cases/Login/TC-Login-Success-001' successfully

2023-08-31 15:15:52 - [TEST_CASE][PASSED] - Test Cases/Login/TC-Login-Success-001: Test Cases/Login/TC-Login-Success-001

2023-08-31 15:15:52 - [TEST_STEP][PASSED] - openBrowser(URL): Browser is opened with url: 'https://www.saucedemo.com/inventory.html'

2023-08-31 15:15:52 - [MESSAGE][WARNING] - A browser is already opened. Closing browser and opening a new one

2023-08-31 15:15:53 - [MESSAGE][INFO] - Starting 'Edge Chromium' driver

2023-08-31 15:15:56 - [MESSAGE][INFO] - Action delay is set to 0 milliseconds

2023-08-31 15:15:59 - [MESSAGE][PASSED] - Browser is opened with url: 'https://www.saucedemo.com/inventory.html'

2023-08-31 15:15:59 - [TEST_STEP][PASSED] - verifyElementPresent(findTestObject("Login/Verifikasi home page"), 0): Object 'Object Repository/Login/Verifikasi home page' is present

2023-08-31 15:15:59 - [MESSAGE][WARNING] - Timeout '0' is invalid. Using default page load timeout: '30'

2023-08-31 15:15:59 - [MESSAGE][PASSED] - Object 'Object Repository/Login/Verifikasi home page' is present

2023-08-31 15:15:59 - [TEST_STEP][PASSED] - setText(findTestObject("Login/Input Username"), username): Text 'standard_user' is set on object 'Object Repository/Login/Input Username'

2023-08-31 15:16:00 - [MESSAGE][PASSED] - Text 'standard_user' is set on object 'Object Repository/Login/Input Username'

2023-08-31 15:16:00 - [TEST_STEP][PASSED] - setEncryptedText(findTestObject("Login/input_Password"), password): Text ****** has been set on object 'Object Repository/Login/input_Password'

2023-08-31 15:16:01 - [MESSAGE][PASSED] - Text ****** has been set on object 'Object Repository/Login/input_Password'

2023-08-31 15:16:01 - [TEST_STEP][PASSED] - click(findTestObject("Login/Login Button")): Object: 'Object Repository/Login/Login Button' is clicked on

2023-08-31 15:16:01 - [MESSAGE][PASSED] - Object: 'Object Repository/Login/Login Button' is clicked on

2023-08-31 15:16:01 - [TEST_STEP][PASSED] - verifyElementPresent(findTestObject("Login/Verifikasi swag labs"), 0): Object 'Object Repository/Login/Verifikasi swag labs' is present

2023-08-31 15:16:01 - [MESSAGE][WARNING] - Timeout '0' is invalid. Using default page load timeout: '30'

2023-08-31 15:16:01 - [MESSAGE][PASSED] - Object 'Object Repository/Login/Verifikasi swag labs' is present

2023-08-31 15:16:01 - [MESSAGE][PASSED] - Call Test Case 'Test Cases/Login/TC-Login-Success-001' successfully

2023-08-31 15:16:01 - [MESSAGE][PASSED] - Call Test Case 'Test Cases/Products/TC-Product-Show-001' successfully

2023-08-31 15:16:01 - [TEST_STEP][PASSED] - click(findTestObject("Product/button_Add to cart_Pertama")): Object: 'Object Repository/Product/button_Add to cart_Pertama' is clicked on

2023-08-31 15:16:02 - [MESSAGE][PASSED] - Object: 'Object Repository/Product/button_Add to cart_Pertama' is clicked on

2023-08-31 15:16:02 - [TEST_STEP][PASSED] - namaproduct1_homepage = getText(findTestObject("Product/nama_product1_homepage")): Text of object 'Object Repository/Product/nama_product1_homepage' is: 'Sauce Labs Backpack'

2023-08-31 15:16:03 - [MESSAGE][PASSED] - Text of object 'Object Repository/Product/nama_product1_homepage' is: 'Sauce Labs Backpack'

2023-08-31 15:16:03 - [TEST_STEP][PASSED] - deskripsiproduct1_homepage = getText(findTestObject("Product/deskripsi_product1_homepage")): Text of object 'Object Repository/Product/deskripsi_product1_homepage' is: 'carry.allTheThings() with the sleek, streamlined Sly Pack that melds uncompromising style with unequaled laptop and tablet protection.'

2023-08-31 15:16:03 - [MESSAGE][PASSED] - Text of object 'Object Repository/Product/deskripsi_product1_homepage' is: 'carry.allTheThings() with the sleek, streamlined Sly Pack that melds uncompromising style with unequaled laptop and tablet protection.'

2023-08-31 15:16:03 - [TEST_STEP][PASSED] - hargaproduct1_homepage = getText(findTestObject("Product/harga_produk1_homepage")): Text of object 'Object Repository/Product/harga_produk1_homepage' is: '$29.99'

2023-08-31 15:16:04 - [MESSAGE][PASSED] - Text of object 'Object Repository/Product/harga_produk1_homepage' is: '$29.99'

2023-08-31 15:16:04 - [TEST_STEP][PASSED] - verifyElementNotPresent(findTestObject("Product/button_Add to cart_Pertama"), 0): Web element with id: 'Object Repository/Product/button_Add to cart_Pertama' located by 'By.xpath: //button[@id='add-to-cart-sauce-labs-backpack']' is not present after '30' second(s)

2023-08-31 15:16:04 - [MESSAGE][WARNING] - Timeout '0' is invalid. Using default page load timeout: '30'

2023-08-31 15:16:04 - [MESSAGE][PASSED] - Web element with id: 'Object Repository/Product/button_Add to cart_Pertama' located by 'By.xpath: //button[@id='add-to-cart-sauce-labs-backpack']' is not present after '30' second(s)

2023-08-31 15:16:04 - [TEST_STEP][PASSED] - verifyElementPresent(findTestObject("Product/tambahproduct"), 0): Object 'Object Repository/Product/tambahproduct' is present

2023-08-31 15:16:04 - [MESSAGE][WARNING] - Timeout '0' is invalid. Using default page load timeout: '30'

2023-08-31 15:16:04 - [MESSAGE][PASSED] - Object 'Object Repository/Product/tambahproduct' is present

2023-08-31 15:16:04 - [TEST_STEP][PASSED] - data = new java.util.HashMap(): null

2023-08-31 15:16:04 - [TEST_STEP][PASSED] - data.put("nama1_home", namaproduct1_homepage): null

2023-08-31 15:16:04 - [TEST_STEP][PASSED] - data.put("deskripsi1_home", deskripsiproduct1_homepage): null

2023-08-31 15:16:04 - [TEST_STEP][PASSED] - data.put("harga1_home", hargaproduct1_homepage): null

2023-08-31 15:16:04 - [TEST_STEP][PASSED] - return data: null]]></system-out>
         <system-err><![CDATA[]]></system-err>
      </testcase>
      <testcase name="Test Cases/Detail Product/TC-DetailProduct-Show-001" time="12.531" classname="Test Cases/Detail Product/TC-DetailProduct-Show-001" status="PASSED">
         <system-out><![CDATA[2023-08-31 15:16:04 - [TEST_CASE][PASSED] - Test Cases/Detail Product/TC-DetailProduct-Show-001: Test Cases/Detail Product/TC-DetailProduct-Show-001

2023-08-31 15:16:05 - [TEST_STEP][PASSED] - callTestCase(findTestCase("Login/TC-Login-Success-001"), [:], STOP_ON_FAILURE): Call Test Case 'Test Cases/Login/TC-Login-Success-001' successfully

2023-08-31 15:16:05 - [TEST_CASE][PASSED] - Test Cases/Login/TC-Login-Success-001: Test Cases/Login/TC-Login-Success-001

2023-08-31 15:16:05 - [TEST_STEP][PASSED] - openBrowser(URL): Browser is opened with url: 'https://www.saucedemo.com/inventory.html'

2023-08-31 15:16:05 - [MESSAGE][WARNING] - A browser is already opened. Closing browser and opening a new one

2023-08-31 15:16:06 - [MESSAGE][INFO] - Starting 'Edge Chromium' driver

2023-08-31 15:16:08 - [MESSAGE][INFO] - Action delay is set to 0 milliseconds

2023-08-31 15:16:11 - [MESSAGE][PASSED] - Browser is opened with url: 'https://www.saucedemo.com/inventory.html'

2023-08-31 15:16:11 - [TEST_STEP][PASSED] - verifyElementPresent(findTestObject("Login/Verifikasi home page"), 0): Object 'Object Repository/Login/Verifikasi home page' is present

2023-08-31 15:16:11 - [MESSAGE][WARNING] - Timeout '0' is invalid. Using default page load timeout: '30'

2023-08-31 15:16:11 - [MESSAGE][PASSED] - Object 'Object Repository/Login/Verifikasi home page' is present

2023-08-31 15:16:11 - [TEST_STEP][PASSED] - setText(findTestObject("Login/Input Username"), username): Text 'standard_user' is set on object 'Object Repository/Login/Input Username'

2023-08-31 15:16:12 - [MESSAGE][PASSED] - Text 'standard_user' is set on object 'Object Repository/Login/Input Username'

2023-08-31 15:16:12 - [TEST_STEP][PASSED] - setEncryptedText(findTestObject("Login/input_Password"), password): Text ****** has been set on object 'Object Repository/Login/input_Password'

2023-08-31 15:16:13 - [MESSAGE][PASSED] - Text ****** has been set on object 'Object Repository/Login/input_Password'

2023-08-31 15:16:13 - [TEST_STEP][PASSED] - click(findTestObject("Login/Login Button")): Object: 'Object Repository/Login/Login Button' is clicked on

2023-08-31 15:16:14 - [MESSAGE][PASSED] - Object: 'Object Repository/Login/Login Button' is clicked on

2023-08-31 15:16:14 - [TEST_STEP][PASSED] - verifyElementPresent(findTestObject("Login/Verifikasi swag labs"), 0): Object 'Object Repository/Login/Verifikasi swag labs' is present

2023-08-31 15:16:14 - [MESSAGE][WARNING] - Timeout '0' is invalid. Using default page load timeout: '30'

2023-08-31 15:16:14 - [MESSAGE][PASSED] - Object 'Object Repository/Login/Verifikasi swag labs' is present

2023-08-31 15:16:14 - [MESSAGE][PASSED] - Call Test Case 'Test Cases/Login/TC-Login-Success-001' successfully

2023-08-31 15:16:14 - [TEST_STEP][PASSED] - nama1_homepage = getText(findTestObject("Product/nama_product1_homepage"), STOP_ON_FAILURE): Text of object 'Object Repository/Product/nama_product1_homepage' is: 'Sauce Labs Backpack'

2023-08-31 15:16:14 - [MESSAGE][PASSED] - Text of object 'Object Repository/Product/nama_product1_homepage' is: 'Sauce Labs Backpack'

2023-08-31 15:16:14 - [TEST_STEP][PASSED] - deskripsi1_homepage = getText(findTestObject("Product/deskripsi_product1_homepage"), STOP_ON_FAILURE): Text of object 'Object Repository/Product/deskripsi_product1_homepage' is: 'carry.allTheThings() with the sleek, streamlined Sly Pack that melds uncompromising style with unequaled laptop and tablet protection.'

2023-08-31 15:16:15 - [MESSAGE][PASSED] - Text of object 'Object Repository/Product/deskripsi_product1_homepage' is: 'carry.allTheThings() with the sleek, streamlined Sly Pack that melds uncompromising style with unequaled laptop and tablet protection.'

2023-08-31 15:16:15 - [TEST_STEP][PASSED] - harga1_homepage = getText(findTestObject("Product/harga_produk1_homepage")): Text of object 'Object Repository/Product/harga_produk1_homepage' is: '$29.99'

2023-08-31 15:16:15 - [MESSAGE][PASSED] - Text of object 'Object Repository/Product/harga_produk1_homepage' is: '$29.99'

2023-08-31 15:16:15 - [TEST_STEP][PASSED] - click(findTestObject("Product/nama_product1_homepage")): Object: 'Object Repository/Product/nama_product1_homepage' is clicked on

2023-08-31 15:16:15 - [MESSAGE][PASSED] - Object: 'Object Repository/Product/nama_product1_homepage' is clicked on

2023-08-31 15:16:15 - [TEST_STEP][PASSED] - nama1_deskripsi = getText(findTestObject("Product/nama_produk_1_deskripsi"), STOP_ON_FAILURE): Text of object 'Object Repository/Product/nama_produk_1_deskripsi' is: 'Sauce Labs Backpack'

2023-08-31 15:16:16 - [MESSAGE][PASSED] - Text of object 'Object Repository/Product/nama_produk_1_deskripsi' is: 'Sauce Labs Backpack'

2023-08-31 15:16:16 - [TEST_STEP][PASSED] - deskripsi1_deskripsi = getText(findTestObject("Product/deskripsi_produk_1_deskripsi"), STOP_ON_FAILURE): Text of object 'Object Repository/Product/deskripsi_produk_1_deskripsi' is: 'carry.allTheThings() with the sleek, streamlined Sly Pack that melds uncompromising style with unequaled laptop and tablet protection.'

2023-08-31 15:16:16 - [MESSAGE][PASSED] - Text of object 'Object Repository/Product/deskripsi_produk_1_deskripsi' is: 'carry.allTheThings() with the sleek, streamlined Sly Pack that melds uncompromising style with unequaled laptop and tablet protection.'

2023-08-31 15:16:16 - [TEST_STEP][PASSED] - harga1_deskripsi = getText(findTestObject("Product/harga_produk_1_deskripsi"), STOP_ON_FAILURE): Text of object 'Object Repository/Product/harga_produk_1_deskripsi' is: '$29.99'

2023-08-31 15:16:17 - [MESSAGE][PASSED] - Text of object 'Object Repository/Product/harga_produk_1_deskripsi' is: '$29.99'

2023-08-31 15:16:17 - [TEST_STEP][PASSED] - verifyMatch(nama1_deskripsi, nama1_homepage, false): Actual text 'Sauce Labs Backpack' and expected text 'Sauce Labs Backpack' are matched 

2023-08-31 15:16:17 - [MESSAGE][PASSED] - Actual text 'Sauce Labs Backpack' and expected text 'Sauce Labs Backpack' are matched 

2023-08-31 15:16:17 - [TEST_STEP][PASSED] - verifyMatch(deskripsi1_deskripsi, deskripsi1_homepage, false): Actual text 'carry.allTheThings() with the sleek, streamlined Sly Pack that melds uncompromising style with unequaled laptop and tablet protection.' and expected text 'carry.allTheThings() with the sleek, streamlined Sly Pack that melds uncompromising style with unequaled laptop and tablet protection.' are matched 

2023-08-31 15:16:17 - [MESSAGE][PASSED] - Actual text 'carry.allTheThings() with the sleek, streamlined Sly Pack that melds uncompromising style with unequaled laptop and tablet protection.' and expected text 'carry.allTheThings() with the sleek, streamlined Sly Pack that melds uncompromising style with unequaled laptop and tablet protection.' are matched 

2023-08-31 15:16:17 - [TEST_STEP][PASSED] - verifyMatch(harga1_deskripsi, harga1_homepage, false): Actual text '$29.99' and expected text '$29.99' are matched 

2023-08-31 15:16:17 - [MESSAGE][PASSED] - Actual text '$29.99' and expected text '$29.99' are matched]]></system-out>
         <system-err><![CDATA[]]></system-err>
      </testcase>
      <testcase name="Test Cases/Detail Product/TC-DetailProduct-RemoveCart-001" time="15.643" classname="Test Cases/Detail Product/TC-DetailProduct-RemoveCart-001" status="PASSED">
         <system-out><![CDATA[2023-08-31 15:16:17 - [TEST_CASE][PASSED] - Test Cases/Detail Product/TC-DetailProduct-RemoveCart-001: Test Cases/Detail Product/TC-DetailProduct-RemoveCart-001

2023-08-31 15:16:17 - [TEST_STEP][PASSED] - callTestCase(findTestCase("Detail Product/TC-DetailProduct-AddCart-001"), [:], STOP_ON_FAILURE): Call Test Case 'Test Cases/Detail Product/TC-DetailProduct-AddCart-001' successfully

2023-08-31 15:16:17 - [TEST_CASE][PASSED] - Test Cases/Detail Product/TC-DetailProduct-AddCart-001: Test Cases/Detail Product/TC-DetailProduct-AddCart-001

2023-08-31 15:16:17 - [TEST_STEP][PASSED] - callTestCase(findTestCase("Detail Product/TC-DetailProduct-Show-001"), [:], STOP_ON_FAILURE): Call Test Case 'Test Cases/Detail Product/TC-DetailProduct-Show-001' successfully

2023-08-31 15:16:17 - [TEST_CASE][PASSED] - Test Cases/Detail Product/TC-DetailProduct-Show-001: Test Cases/Detail Product/TC-DetailProduct-Show-001

2023-08-31 15:16:17 - [TEST_STEP][PASSED] - callTestCase(findTestCase("Login/TC-Login-Success-001"), [:], STOP_ON_FAILURE): Call Test Case 'Test Cases/Login/TC-Login-Success-001' successfully

2023-08-31 15:16:17 - [TEST_CASE][PASSED] - Test Cases/Login/TC-Login-Success-001: Test Cases/Login/TC-Login-Success-001

2023-08-31 15:16:17 - [TEST_STEP][PASSED] - openBrowser(URL): Browser is opened with url: 'https://www.saucedemo.com/inventory.html'

2023-08-31 15:16:18 - [MESSAGE][WARNING] - A browser is already opened. Closing browser and opening a new one

2023-08-31 15:16:18 - [MESSAGE][INFO] - Starting 'Edge Chromium' driver

2023-08-31 15:16:21 - [MESSAGE][INFO] - Action delay is set to 0 milliseconds

2023-08-31 15:16:24 - [MESSAGE][PASSED] - Browser is opened with url: 'https://www.saucedemo.com/inventory.html'

2023-08-31 15:16:24 - [TEST_STEP][PASSED] - verifyElementPresent(findTestObject("Login/Verifikasi home page"), 0): Object 'Object Repository/Login/Verifikasi home page' is present

2023-08-31 15:16:24 - [MESSAGE][WARNING] - Timeout '0' is invalid. Using default page load timeout: '30'

2023-08-31 15:16:24 - [MESSAGE][PASSED] - Object 'Object Repository/Login/Verifikasi home page' is present

2023-08-31 15:16:24 - [TEST_STEP][PASSED] - setText(findTestObject("Login/Input Username"), username): Text 'standard_user' is set on object 'Object Repository/Login/Input Username'

2023-08-31 15:16:25 - [MESSAGE][PASSED] - Text 'standard_user' is set on object 'Object Repository/Login/Input Username'

2023-08-31 15:16:25 - [TEST_STEP][PASSED] - setEncryptedText(findTestObject("Login/input_Password"), password): Text ****** has been set on object 'Object Repository/Login/input_Password'

2023-08-31 15:16:26 - [MESSAGE][PASSED] - Text ****** has been set on object 'Object Repository/Login/input_Password'

2023-08-31 15:16:26 - [TEST_STEP][PASSED] - click(findTestObject("Login/Login Button")): Object: 'Object Repository/Login/Login Button' is clicked on

2023-08-31 15:16:26 - [MESSAGE][PASSED] - Object: 'Object Repository/Login/Login Button' is clicked on

2023-08-31 15:16:26 - [TEST_STEP][PASSED] - verifyElementPresent(findTestObject("Login/Verifikasi swag labs"), 0): Object 'Object Repository/Login/Verifikasi swag labs' is present

2023-08-31 15:16:27 - [MESSAGE][WARNING] - Timeout '0' is invalid. Using default page load timeout: '30'

2023-08-31 15:16:27 - [MESSAGE][PASSED] - Object 'Object Repository/Login/Verifikasi swag labs' is present

2023-08-31 15:16:27 - [MESSAGE][PASSED] - Call Test Case 'Test Cases/Login/TC-Login-Success-001' successfully

2023-08-31 15:16:27 - [TEST_STEP][PASSED] - nama1_homepage = getText(findTestObject("Product/nama_product1_homepage"), STOP_ON_FAILURE): Text of object 'Object Repository/Product/nama_product1_homepage' is: 'Sauce Labs Backpack'

2023-08-31 15:16:27 - [MESSAGE][PASSED] - Text of object 'Object Repository/Product/nama_product1_homepage' is: 'Sauce Labs Backpack'

2023-08-31 15:16:27 - [TEST_STEP][PASSED] - deskripsi1_homepage = getText(findTestObject("Product/deskripsi_product1_homepage"), STOP_ON_FAILURE): Text of object 'Object Repository/Product/deskripsi_product1_homepage' is: 'carry.allTheThings() with the sleek, streamlined Sly Pack that melds uncompromising style with unequaled laptop and tablet protection.'

2023-08-31 15:16:28 - [MESSAGE][PASSED] - Text of object 'Object Repository/Product/deskripsi_product1_homepage' is: 'carry.allTheThings() with the sleek, streamlined Sly Pack that melds uncompromising style with unequaled laptop and tablet protection.'

2023-08-31 15:16:28 - [TEST_STEP][PASSED] - harga1_homepage = getText(findTestObject("Product/harga_produk1_homepage")): Text of object 'Object Repository/Product/harga_produk1_homepage' is: '$29.99'

2023-08-31 15:16:28 - [MESSAGE][PASSED] - Text of object 'Object Repository/Product/harga_produk1_homepage' is: '$29.99'

2023-08-31 15:16:28 - [TEST_STEP][PASSED] - click(findTestObject("Product/nama_product1_homepage")): Object: 'Object Repository/Product/nama_product1_homepage' is clicked on

2023-08-31 15:16:29 - [MESSAGE][PASSED] - Object: 'Object Repository/Product/nama_product1_homepage' is clicked on

2023-08-31 15:16:29 - [TEST_STEP][PASSED] - nama1_deskripsi = getText(findTestObject("Product/nama_produk_1_deskripsi"), STOP_ON_FAILURE): Text of object 'Object Repository/Product/nama_produk_1_deskripsi' is: 'Sauce Labs Backpack'

2023-08-31 15:16:29 - [MESSAGE][PASSED] - Text of object 'Object Repository/Product/nama_produk_1_deskripsi' is: 'Sauce Labs Backpack'

[...]

2023-08-31 15:20:24 - [TEST_STEP][PASSED] - verifyMatch(harga1_checkout, harga1_cart, false): Actual text '$29.99' and expected text '$29.99' are matched 

2023-08-31 15:20:24 - [MESSAGE][PASSED] - Actual text '$29.99' and expected text '$29.99' are matched 

2023-08-31 15:20:24 - [TEST_STEP][PASSED] - total = getText(findTestObject("Checkout/itemtotal_overview_1")): Text of object 'Object Repository/Checkout/itemtotal_overview_1' is: 'Item total: $29.99'

2023-08-31 15:20:25 - [MESSAGE][PASSED] - Text of object 'Object Repository/Checkout/itemtotal_overview_1' is: 'Item total: $29.99'

2023-08-31 15:20:25 - [TEST_STEP][PASSED] - total = total.replace("Item total: $", ""): null

2023-08-31 15:20:25 - [TEST_STEP][PASSED] - harga1_cart = harga1_cart.replace("$", ""): null

2023-08-31 15:20:25 - [TEST_STEP][PASSED] - verifyMatch(total, harga1_cart, false): Actual text '29.99' and expected text '29.99' are matched 

2023-08-31 15:20:25 - [MESSAGE][PASSED] - Actual text '29.99' and expected text '29.99' are matched 

2023-08-31 15:20:25 - [TEST_STEP][PASSED] - totaldouble = Double.parseDouble(total): null

2023-08-31 15:20:25 - [TEST_STEP][PASSED] - totaldouble1 = totaldouble * 0.08: null

2023-08-31 15:20:25 - [TEST_STEP][PASSED] - df = new java.text.DecimalFormat(#.##): null

2023-08-31 15:20:25 - [TEST_STEP][PASSED] - df2 = Double.parseDouble(df.format(totaldouble1)): null

2023-08-31 15:20:25 - [TEST_STEP][PASSED] - tax1 = getText(findTestObject("Checkout/tax1_overview")): Text of object 'Object Repository/Checkout/tax1_overview' is: 'Tax: $2.40'

2023-08-31 15:20:25 - [MESSAGE][PASSED] - Text of object 'Object Repository/Checkout/tax1_overview' is: 'Tax: $2.40'

2023-08-31 15:20:25 - [TEST_STEP][PASSED] - tax1 = tax1.replace("Tax: $", ""): null

2023-08-31 15:20:25 - [TEST_STEP][PASSED] - tax1 = Double.parseDouble(tax1): null

2023-08-31 15:20:25 - [TEST_STEP][PASSED] - assert df2 == tax1: null

2023-08-31 15:20:25 - [TEST_STEP][PASSED] - totalbelanja = df2 + totaldouble: null

2023-08-31 15:20:25 - [TEST_STEP][PASSED] - totalakhir_1 = getText(findTestObject("Checkout/TotalAkhir_1")): Text of object 'Object Repository/Checkout/TotalAkhir_1' is: 'Total: $32.39'

2023-08-31 15:20:26 - [MESSAGE][PASSED] - Text of object 'Object Repository/Checkout/TotalAkhir_1' is: 'Total: $32.39'

2023-08-31 15:20:26 - [TEST_STEP][PASSED] - totalakhir_1 = Double.parseDouble(totalakhir_1.replace("Total: $", "")): null

2023-08-31 15:20:26 - [TEST_STEP][PASSED] - assert totalbelanja == totalakhir_1: null

2023-08-31 15:20:26 - [TEST_STEP][PASSED] - click(findTestObject("Checkout/button_Finish")): Object: 'Object Repository/Checkout/button_Finish' is clicked on

2023-08-31 15:20:26 - [MESSAGE][PASSED] - Object: 'Object Repository/Checkout/button_Finish' is clicked on

2023-08-31 15:20:26 - [TEST_STEP][PASSED] - verifyElementPresent(findTestObject("Checkout/success_order"), 0): Object 'Object Repository/Checkout/success_order' is present

2023-08-31 15:20:26 - [MESSAGE][WARNING] - Timeout '0' is invalid. Using default page load timeout: '30'

2023-08-31 15:20:27 - [MESSAGE][PASSED] - Object 'Object Repository/Checkout/success_order' is present

2023-08-31 15:20:27 - [TEST_STEP][PASSED] - return data: null]]></system-out>
         <system-err><![CDATA[]]></system-err>
      </testcase>
      <testcase name="Test Cases/Logout/TC-Logout-Success-001" time="10.912" classname="Test Cases/Logout/TC-Logout-Success-001" status="PASSED">
         <system-out><![CDATA[2023-08-31 15:20:27 - [TEST_CASE][PASSED] - Test Cases/Logout/TC-Logout-Success-001: Test Cases/Logout/TC-Logout-Success-001

2023-08-31 15:20:27 - [TEST_STEP][PASSED] - callTestCase(findTestCase("Login/TC-Login-Success-001"), [:], STOP_ON_FAILURE): Call Test Case 'Test Cases/Login/TC-Login-Success-001' successfully

2023-08-31 15:20:27 - [TEST_CASE][PASSED] - Test Cases/Login/TC-Login-Success-001: Test Cases/Login/TC-Login-Success-001

2023-08-31 15:20:27 - [TEST_STEP][PASSED] - openBrowser(URL): Browser is opened with url: 'https://www.saucedemo.com/inventory.html'

2023-08-31 15:20:27 - [MESSAGE][WARNING] - A browser is already opened. Closing browser and opening a new one

2023-08-31 15:20:28 - [MESSAGE][INFO] - Starting 'Edge Chromium' driver

2023-08-31 15:20:30 - [MESSAGE][INFO] - Action delay is set to 0 milliseconds

2023-08-31 15:20:33 - [MESSAGE][PASSED] - Browser is opened with url: 'https://www.saucedemo.com/inventory.html'

2023-08-31 15:20:33 - [TEST_STEP][PASSED] - verifyElementPresent(findTestObject("Login/Verifikasi home page"), 0): Object 'Object Repository/Login/Verifikasi home page' is present

2023-08-31 15:20:34 - [MESSAGE][WARNING] - Timeout '0' is invalid. Using default page load timeout: '30'

2023-08-31 15:20:34 - [MESSAGE][PASSED] - Object 'Object Repository/Login/Verifikasi home page' is present

2023-08-31 15:20:34 - [TEST_STEP][PASSED] - setText(findTestObject("Login/Input Username"), username): Text 'standard_user' is set on object 'Object Repository/Login/Input Username'

2023-08-31 15:20:35 - [MESSAGE][PASSED] - Text 'standard_user' is set on object 'Object Repository/Login/Input Username'

2023-08-31 15:20:35 - [TEST_STEP][PASSED] - setEncryptedText(findTestObject("Login/input_Password"), password): Text ****** has been set on object 'Object Repository/Login/input_Password'

2023-08-31 15:20:35 - [MESSAGE][PASSED] - Text ****** has been set on object 'Object Repository/Login/input_Password'

2023-08-31 15:20:35 - [TEST_STEP][PASSED] - click(findTestObject("Login/Login Button")): Object: 'Object Repository/Login/Login Button' is clicked on

2023-08-31 15:20:36 - [MESSAGE][PASSED] - Object: 'Object Repository/Login/Login Button' is clicked on

2023-08-31 15:20:36 - [TEST_STEP][PASSED] - verifyElementPresent(findTestObject("Login/Verifikasi swag labs"), 0): Object 'Object Repository/Login/Verifikasi swag labs' is present

2023-08-31 15:20:36 - [MESSAGE][WARNING] - Timeout '0' is invalid. Using default page load timeout: '30'

2023-08-31 15:20:36 - [MESSAGE][PASSED] - Object 'Object Repository/Login/Verifikasi swag labs' is present

2023-08-31 15:20:36 - [MESSAGE][PASSED] - Call Test Case 'Test Cases/Login/TC-Login-Success-001' successfully

2023-08-31 15:20:36 - [TEST_STEP][PASSED] - click(findTestObject("logout/menu burger")): Object: 'Object Repository/logout/menu burger' is clicked on

2023-08-31 15:20:37 - [MESSAGE][PASSED] - Object: 'Object Repository/logout/menu burger' is clicked on

2023-08-31 15:20:37 - [TEST_STEP][PASSED] - click(findTestObject("logout/button_Logout")): Object: 'Object Repository/logout/button_Logout' is clicked on

2023-08-31 15:20:37 - [MESSAGE][PASSED] - Object: 'Object Repository/logout/button_Logout' is clicked on

2023-08-31 15:20:37 - [TEST_STEP][PASSED] - verifyElementPresent(findTestObject("Login/Verifikasi home page"), 0): Object 'Object Repository/Login/Verifikasi home page' is present

2023-08-31 15:20:37 - [MESSAGE][WARNING] - Timeout '0' is invalid. Using default page load timeout: '30'

2023-08-31 15:20:38 - [MESSAGE][PASSED] - Object 'Object Repository/Login/Verifikasi home page' is present]]></system-out>
         <system-err><![CDATA[]]></system-err>
      </testcase>
      <testcase name="Test Cases/Checkout/TC-Checkout-Error-001" time="18.231" classname="Test Cases/Checkout/TC-Checkout-Error-001" status="PASSED">
         <system-out><![CDATA[2023-08-31 15:20:38 - [TEST_CASE][PASSED] - Test Cases/Checkout/TC-Checkout-Error-001: Test Cases/Checkout/TC-Checkout-Error-001

2023-08-31 15:20:38 - [TEST_STEP][PASSED] - callTestCase(findTestCase("Keranjang/TC-Cart-Show-002"), [:], STOP_ON_FAILURE): Call Test Case 'Test Cases/Keranjang/TC-Cart-Show-002' successfully

2023-08-31 15:20:38 - [TEST_CASE][PASSED] - Test Cases/Keranjang/TC-Cart-Show-002: Test Cases/Keranjang/TC-Cart-Show-002

2023-08-31 15:20:38 - [TEST_STEP][PASSED] - data = callTestCase(findTestCase("Products/TC-Product-AddCart-001"), [:], STOP_ON_FAILURE): Call Test Case 'Test Cases/Products/TC-Product-AddCart-001' successfully

2023-08-31 15:20:38 - [TEST_CASE][PASSED] - Test Cases/Products/TC-Product-AddCart-001: Test Cases/Products/TC-Product-AddCart-001

2023-08-31 15:20:38 - [TEST_STEP][PASSED] - callTestCase(findTestCase("Products/TC-Product-Show-001"), [:], STOP_ON_FAILURE): Call Test Case 'Test Cases/Products/TC-Product-Show-001' successfully

2023-08-31 15:20:38 - [TEST_CASE][PASSED] - Test Cases/Products/TC-Product-Show-001: Test Cases/Products/TC-Product-Show-001

2023-08-31 15:20:38 - [TEST_STEP][PASSED] - callTestCase(findTestCase("Login/TC-Login-Success-001"), [:], STOP_ON_FAILURE): Call Test Case 'Test Cases/Login/TC-Login-Success-001' successfully

2023-08-31 15:20:38 - [TEST_CASE][PASSED] - Test Cases/Login/TC-Login-Success-001: Test Cases/Login/TC-Login-Success-001

2023-08-31 15:20:38 - [TEST_STEP][PASSED] - openBrowser(URL): Browser is opened with url: 'https://www.saucedemo.com/inventory.html'

2023-08-31 15:20:38 - [MESSAGE][WARNING] - A browser is already opened. Closing browser and opening a new one

2023-08-31 15:20:39 - [MESSAGE][INFO] - Starting 'Edge Chromium' driver

2023-08-31 15:20:42 - [MESSAGE][INFO] - Action delay is set to 0 milliseconds

2023-08-31 15:20:44 - [MESSAGE][PASSED] - Browser is opened with url: 'https://www.saucedemo.com/inventory.html'

2023-08-31 15:20:44 - [TEST_STEP][PASSED] - verifyElementPresent(findTestObject("Login/Verifikasi home page"), 0): Object 'Object Repository/Login/Verifikasi home page' is present

2023-08-31 15:20:44 - [MESSAGE][WARNING] - Timeout '0' is invalid. Using default page load timeout: '30'

2023-08-31 15:20:45 - [MESSAGE][PASSED] - Object 'Object Repository/Login/Verifikasi home page' is present

2023-08-31 15:20:45 - [TEST_STEP][PASSED] - setText(findTestObject("Login/Input Username"), username): Text 'standard_user' is set on object 'Object Repository/Login/Input Username'

2023-08-31 15:20:46 - [MESSAGE][PASSED] - Text 'standard_user' is set on object 'Object Repository/Login/Input Username'

2023-08-31 15:20:46 - [TEST_STEP][PASSED] - setEncryptedText(findTestObject("Login/input_Password"), password): Text ****** has been set on object 'Object Repository/Login/input_Password'

2023-08-31 15:20:46 - [MESSAGE][PASSED] - Text ****** has been set on object 'Object Repository/Login/input_Password'

2023-08-31 15:20:46 - [TEST_STEP][PASSED] - click(findTestObject("Login/Login Button")): Object: 'Object Repository/Login/Login Button' is clicked on

2023-08-31 15:20:47 - [MESSAGE][PASSED] - Object: 'Object Repository/Login/Login Button' is clicked on

2023-08-31 15:20:47 - [TEST_STEP][PASSED] - verifyElementPresent(findTestObject("Login/Verifikasi swag labs"), 0): Object 'Object Repository/Login/Verifikasi swag labs' is present

2023-08-31 15:20:47 - [MESSAGE][WARNING] - Timeout '0' is invalid. Using default page load timeout: '30'

2023-08-31 15:20:47 - [MESSAGE][PASSED] - Object 'Object Repository/Login/Verifikasi swag labs' is present

2023-08-31 15:20:47 - [MESSAGE][PASSED] - Call Test Case 'Test Cases/Login/TC-Login-Success-001' successfully

2023-08-31 15:20:47 - [MESSAGE][PASSED] - Call Test Case 'Test Cases/Products/TC-Product-Show-001' successfully

2023-08-31 15:20:47 - [TEST_STEP][PASSED] - click(findTestObject("Product/button_Add to cart_Pertama")): Object: 'Object Repository/Product/button_Add to cart_Pertama' is clicked on

2023-08-31 15:20:48 - [MESSAGE][PASSED] - Object: 'Object Repository/Product/button_Add to cart_Pertama' is clicked on

2023-08-31 15:20:48 - [TEST_STEP][PASSED] - namaproduct1_homepage = getText(findTestObject("Product/nama_product1_homepage")): Text of object 'Object Repository/Product/nama_product1_homepage' is: 'Sauce Labs Backpack'

2023-08-31 15:20:48 - [MESSAGE][PASSED] - Text of object 'Object Repository/Product/nama_product1_homepage' is: 'Sauce Labs Backpack'

2023-08-31 15:20:48 - [TEST_STEP][PASSED] - deskripsiproduct1_homepage = getText(findTestObject("Product/deskripsi_product1_homepage")): Text of object 'Object Repository/Product/deskripsi_product1_homepage' is: 'carry.allTheThings() with the sleek, streamlined Sly Pack that melds uncompromising style with unequaled laptop and tablet protection.'

2023-08-31 15:20:49 - [MESSAGE][PASSED] - Text of object 'Object Repository/Product/deskripsi_product1_homepage' is: 'carry.allTheThings() with the sleek, streamlined Sly Pack that melds uncompromising style with unequaled laptop and tablet protection.'

2023-08-31 15:20:49 - [TEST_STEP][PASSED] - hargaproduct1_homepage = getText(findTestObject("Product/harga_produk1_homepage")): Text of object 'Object Repository/Product/harga_produk1_homepage' is: '$29.99'

2023-08-31 15:20:49 - [MESSAGE][PASSED] - Text of object 'Object Repository/Product/harga_produk1_homepage' is: '$29.99'

2023-08-31 15:20:49 - [TEST_STEP][PASSED] - verifyElementNotPresent(findTestObject("Product/button_Add to cart_Pertama"), 0): Web element with id: 'Object Repository/Product/button_Add to cart_Pertama' located by 'By.xpath: //button[@id='add-to-cart-sauce-labs-backpack']' is not present after '30' second(s)

2023-08-31 15:20:49 - [MESSAGE][WARNING] - Timeout '0' is invalid. Using default page load timeout: '30'

2023-08-31 15:20:49 - [MESSAGE][PASSED] - Web element with id: 'Object Repository/Product/button_Add to cart_Pertama' located by 'By.xpath: //button[@id='add-to-cart-sauce-labs-backpack']' is not present after '30' second(s)

2023-08-31 15:20:49 - [TEST_STEP][PASSED] - verifyElementPresent(findTestObject("Product/tambahproduct"), 0): Object 'Object Repository/Product/tambahproduct' is present

2023-08-31 15:20:49 - [MESSAGE][WARNING] - Timeout '0' is invalid. Using default page load timeout: '30'

2023-08-31 15:20:50 - [MESSAGE][PASSED] - Object 'Object Repository/Product/tambahproduct' is present

2023-08-31 15:20:50 - [TEST_STEP][PASSED] - data = new java.util.HashMap(): null

2023-08-31 15:20:50 - [TEST_STEP][PASSED] - data.put("nama1_home", namaproduct1_homepage): null

2023-08-31 15:20:50 - [TEST_STEP][PASSED] - data.put("deskripsi1_home", deskripsiproduct1_homepage): null

2023-08-31 15:20:50 - [TEST_STEP][PASSED] - data.put("harga1_home", hargaproduct1_homepage): null

2023-08-31 15:20:50 - [TEST_STEP][PASSED] - return data: null

2023-08-31 15:20:50 - [MESSAGE][PASSED] - Call Test Case 'Test Cases/Products/TC-Product-AddCart-001' successfully

2023-08-31 15:20:50 - [TEST_STEP][PASSED] - click(findTestObject("Product/tambahproduct")): Object: 'Object Repository/Product/tambahproduct' is clicked on

2023-08-31 15:20:50 - [MESSAGE][PASSED] - Object: 'Object Repository/Product/tambahproduct' is clicked on

2023-08-31 15:20:50 - [TEST_STEP][PASSED] - nama1_home = data.get("nama1_home"): null

2023-08-31 15:20:50 - [TEST_STEP][PASSED] - deskripsi1_home = data.get("deskripsi1_home"): null

2023-08-31 15:20:50 - [TEST_STEP][PASSED] - harga1_home = data.get("harga1_home"): null

2023-08-31 15:20:50 - [TEST_STEP][PASSED] - nama1_cart = getText(findTestObject("Cart/nama1_cart")): Text of object 'Object Repository/Cart/nama1_cart' is: 'Sauce Labs Backpack'

2023-08-31 15:20:51 - [MESSAGE][PASSED] - Text of object 'Object Repository/Cart/nama1_cart' is: 'Sauce Labs Backpack'

2023-08-31 15:20:51 - [TEST_STEP][PASSED] - deskripsi1_cart = getText(findTestObject("Cart/deskripsi1_cart")): Text of object 'Object Repository/Cart/deskripsi1_cart' is: 'carry.allTheThings() with the sleek, streamlined Sly Pack that melds uncompromising style with unequaled laptop and tablet protection.'

2023-08-31 15:20:51 - [MESSAGE][PASSED] - Text of object 'Object Repository/Cart/deskripsi1_cart' is: 'carry.allTheThings() with the sleek, streamlined Sly Pack that melds uncompromising style with unequaled laptop and tablet protection.'

2023-08-31 15:20:51 - [TEST_STEP][PASSED] - harga1_cart = getText(findTestObject("Cart/price1_cart")): Text of object 'Object Repository/Cart/price1_cart' is: '$29.99'

2023-08-31 15:20:51 - [MESSAGE][PASSED] - Text of object 'Object Repository/Cart/price1_cart' is: '$29.99'

2023-08-31 15:20:51 - [TEST_STEP][PASSED] - verifyMatch(nama1_cart, nama1_home, false): Actual text 'Sauce Labs Backpack' and expected text 'Sauce Labs Backpack' are matched 

2023-08-31 15:20:51 - [MESSAGE][PASSED] - Actual text 'Sauce Labs Backpack' and expected text 'Sauce Labs Backpack' are matched 

2023-08-31 15:20:51 - [TEST_STEP][PASSED] - verifyMatch(deskripsi1_cart, deskripsi1_home, false): Actual text 'carry.allTheThings() with the sleek, streamlined Sly Pack that melds uncompromising style with unequaled laptop and tablet protection.' and expected text 'carry.allTheThings() with the sleek, streamlined Sly Pack that melds uncompromising style with unequaled laptop and tablet protection.' are matched 

2023-08-31 15:20:51 - [MESSAGE][PASSED] - Actual text 'carry.allTheThings() with the sleek, streamlined Sly Pack that melds uncompromising style with unequaled laptop and tablet protection.' and expected text 'carry.allTheThings() with the sleek, streamlined Sly Pack that melds uncompromising style with unequaled laptop and tablet protection.' are matched 

2023-08-31 15:20:51 - [TEST_STEP][PASSED] - verifyMatch(harga1_cart, harga1_home, false): Actual text '$29.99' and expected text '$29.99' are matched 

2023-08-31 15:20:51 - [MESSAGE][PASSED] - Actual text '$29.99' and expected text '$29.99' are matched 

2023-08-31 15:20:51 - [TEST_STEP][PASSED] - return data: null

2023-08-31 15:20:51 - [MESSAGE][PASSED] - Call Test Case 'Test Cases/Keranjang/TC-Cart-Show-002' successfully

2023-08-31 15:20:51 - [TEST_STEP][PASSED] - click(findTestObject("Checkout/button_Checkout")): Object: 'Object Repository/Checkout/button_Checkout' is clicked on

2023-08-31 15:20:52 - [MESSAGE][PASSED] - Object: 'Object Repository/Checkout/button_Checkout' is clicked on

2023-08-31 15:20:52 - [TEST_STEP][PASSED] - setText(findTestObject("Checkout/input_Checkout Your Information_firstName"), ""): Text '' is set on object 'Object Repository/Checkout/input_Checkout Your Information_firstName'

2023-08-31 15:20:53 - [MESSAGE][PASSED] - Text '' is set on object 'Object Repository/Checkout/input_Checkout Your Information_firstName'

2023-08-31 15:20:53 - [TEST_STEP][PASSED] - setText(findTestObject("Checkout/input_Checkout Your Information_lastName"), "friskaa"): Text 'friskaa' is set on object 'Object Repository/Checkout/input_Checkout Your Information_lastName'

2023-08-31 15:20:54 - [MESSAGE][PASSED] - Text 'friskaa' is set on object 'Object Repository/Checkout/input_Checkout Your Information_lastName'

2023-08-31 15:20:54 - [TEST_STEP][PASSED] - setText(findTestObject("Checkout/input_Checkout Your Information_postalCode"), "12952"): Text '12952' is set on object 'Object Repository/Checkout/input_Checkout Your Information_postalCode'

2023-08-31 15:20:55 - [MESSAGE][PASSED] - Text '12952' is set on object 'Object Repository/Checkout/input_Checkout Your Information_postalCode'

2023-08-31 15:20:55 - [TEST_STEP][PASSED] - click(findTestObject("Checkout/button_continue")): Object: 'Object Repository/Checkout/button_continue' is clicked on

2023-08-31 15:20:56 - [MESSAGE][PASSED] - Object: 'Object Repository/Checkout/button_continue' is clicked on

2023-08-31 15:20:56 - [TEST_STEP][PASSED] - verifyElementPresent(findTestObject("Checkout/error_first name"), 0): Object 'Object Repository/Checkout/error_first name' is present

2023-08-31 15:20:56 - [MESSAGE][WARNING] - Timeout '0' is invalid. Using default page load timeout: '30'

2023-08-31 15:20:56 - [MESSAGE][PASSED] - Object 'Object Repository/Checkout/error_first name' is present]]></system-out>
         <system-err><![CDATA[]]></system-err>
      </testcase>
      <system-out><![CDATA[2023-08-31 15:12:27 - [TEST_SUITE][PASSED] - Test Suite Sauce Demo: Test Cases/Checkout/TC-Checkout-Error-001]]></system-out>
      <system-err><![CDATA[]]></system-err>
   </testsuite>
</testsuites>
